[0.054s] Invoking command in '/home/joao/cbr-2024/ldrobot-lidar-ros2/build/ldlidar_node': AMENT_PREFIX_PATH=/home/joao/cbr-2024/ldrobot-lidar-ros2/install/ldlidar_component:${AMENT_PREFIX_PATH} CMAKE_PREFIX_PATH=/home/joao/cbr-2024/ldrobot-lidar-ros2/install/ldlidar_component:/opt/ros/humble LD_LIBRARY_PATH=/home/joao/cbr-2024/ldrobot-lidar-ros2/install/ldlidar_component/lib:${LD_LIBRARY_PATH} /usr/bin/cmake /home/joao/cbr-2024/ldrobot-lidar-ros2/ldlidar_node -DCMAKE_BUILD_TYPE=Release -DAMENT_CMAKE_SYMLINK_INSTALL=1 -DCMAKE_INSTALL_PREFIX=/home/joao/cbr-2024/ldrobot-lidar-ros2/install/ldlidar_node
[0.137s] -- The C compiler identification is GNU 11.4.0
[0.194s] -- The CXX compiler identification is GNU 11.4.0
[0.255s] -- Detecting C compiler ABI info
[0.395s] -- Detecting C compiler ABI info - done
[0.403s] -- Check for working C compiler: /usr/lib/ccache/cc - skipped
[0.404s] -- Detecting C compile features
[0.404s] -- Detecting C compile features - done
[0.406s] -- Detecting CXX compiler ABI info
[0.531s] -- Detecting CXX compiler ABI info - done
[0.541s] -- Check for working CXX compiler: /usr/lib/ccache/c++ - skipped
[0.541s] -- Detecting CXX compile features
[0.542s] -- Detecting CXX compile features - done
[0.542s] --  * Release Mode
[0.542s] -- * Found ROS2 humble
[0.543s] -- * ROS2 humble is officially supported by this package.
[0.545s] -- Found ament_cmake: 1.3.9 (/opt/ros/humble/share/ament_cmake/cmake)
[0.829s] -- Found Python3: /usr/bin/python3 (found version "3.10.12") found components: Interpreter 
[0.879s] -- Override CMake install command with custom implementation using symlinks instead of copying resources
[0.903s] -- Found rclcpp: 16.0.9 (/opt/ros/humble/share/rclcpp/cmake)
[0.938s] -- Found rosidl_generator_c: 3.1.5 (/opt/ros/humble/share/rosidl_generator_c/cmake)
[0.942s] -- Found rosidl_adapter: 3.1.5 (/opt/ros/humble/share/rosidl_adapter/cmake)
[0.950s] -- Found rosidl_generator_cpp: 3.1.5 (/opt/ros/humble/share/rosidl_generator_cpp/cmake)
[0.961s] -- Using all available rosidl_typesupport_c: rosidl_typesupport_fastrtps_c;rosidl_typesupport_introspection_c
[0.978s] -- Using all available rosidl_typesupport_cpp: rosidl_typesupport_fastrtps_cpp;rosidl_typesupport_introspection_cpp
[1.038s] -- Found rmw_implementation_cmake: 6.1.2 (/opt/ros/humble/share/rmw_implementation_cmake/cmake)
[1.040s] -- Found rmw_fastrtps_cpp: 6.2.6 (/opt/ros/humble/share/rmw_fastrtps_cpp/cmake)
[1.120s] -- Found OpenSSL: /usr/lib/x86_64-linux-gnu/libcrypto.so (found version "3.0.2")  
[1.145s] -- Found FastRTPS: /opt/ros/humble/include  
[1.187s] -- Using RMW implementation 'rmw_fastrtps_cpp' as default
[1.196s] -- Looking for pthread.h
[1.289s] -- Looking for pthread.h - found
[1.290s] -- Performing Test CMAKE_HAVE_LIBC_PTHREAD
[1.438s] -- Performing Test CMAKE_HAVE_LIBC_PTHREAD - Success
[1.439s] -- Found Threads: TRUE  
[1.580s] -- Found rclcpp_components: 16.0.9 (/opt/ros/humble/share/rclcpp_components/cmake)
[1.642s] -- Found rclcpp_lifecycle: 16.0.9 (/opt/ros/humble/share/rclcpp_lifecycle/cmake)
[1.677s] -- Found ldlidar_component: 0.2.0 (/home/joao/cbr-2024/ldrobot-lidar-ros2/install/ldlidar_component/share/ldlidar_component/cmake)
[2.405s] -- Found eigen3_cmake_module: 0.1.1 (/opt/ros/humble/share/eigen3_cmake_module/cmake)
[2.406s] -- Found Eigen3: TRUE (found version "3.4.0") 
[2.406s] -- Ensuring Eigen3 include directory is part of orocos-kdl CMake target
[3.365s] -- Found ament_lint_auto: 0.12.11 (/opt/ros/humble/share/ament_lint_auto/cmake)
[3.551s] -- Found python_cmake_module: 0.10.0 (/opt/ros/humble/share/python_cmake_module/cmake)
[3.581s] -- Found PythonInterp: /usr/bin/python3 (found suitable version "3.10.12", minimum required is "3.6") 
[3.691s] -- Found PythonLibs: /usr/lib/x86_64-linux-gnu/libpython3.10.so (found suitable version "3.10.12", minimum required is "3.5") 
[3.691s] -- Using PYTHON_EXECUTABLE: /usr/bin/python3
[3.691s] -- Using PYTHON_INCLUDE_DIRS: /usr/include/python3.10
[3.692s] -- Using PYTHON_LIBRARIES: /usr/lib/x86_64-linux-gnu/libpython3.10.so
[3.710s] -- Found PythonExtra: .so  
[3.714s] -- Added test 'copyright' to check source files copyright and LICENSE
[3.737s] -- Added test 'cppcheck' to perform static code analysis on C / C++ code
[3.737s] -- Configured cppcheck include dirs: 
[3.737s] -- Configured cppcheck exclude dirs and/or files: 
[3.758s] -- Added test 'cpplint' to check C / C++ code against the Google style
[3.758s] -- Configured cpplint exclude dirs and/or files: 
[3.761s] -- Added test 'flake8' to check Python code syntax and style conventions
[3.767s] -- Added test 'lint_cmake' to check CMake code style
[3.770s] -- Added test 'pep257' to check Python code against some of the docstring style conventions in PEP 257
[3.792s] -- Added test 'uncrustify' to check C / C++ code style
[3.792s] -- Configured uncrustify additional arguments: 
[3.795s] -- Added test 'xmllint' to check XML markup files
[3.796s] -- Configuring done
[3.824s] -- Generating done
[3.826s] -- Build files have been written to: /home/joao/cbr-2024/ldrobot-lidar-ros2/build/ldlidar_node
[3.837s] Invoked command in '/home/joao/cbr-2024/ldrobot-lidar-ros2/build/ldlidar_node' returned '0': AMENT_PREFIX_PATH=/home/joao/cbr-2024/ldrobot-lidar-ros2/install/ldlidar_component:${AMENT_PREFIX_PATH} CMAKE_PREFIX_PATH=/home/joao/cbr-2024/ldrobot-lidar-ros2/install/ldlidar_component:/opt/ros/humble LD_LIBRARY_PATH=/home/joao/cbr-2024/ldrobot-lidar-ros2/install/ldlidar_component/lib:${LD_LIBRARY_PATH} /usr/bin/cmake /home/joao/cbr-2024/ldrobot-lidar-ros2/ldlidar_node -DCMAKE_BUILD_TYPE=Release -DAMENT_CMAKE_SYMLINK_INSTALL=1 -DCMAKE_INSTALL_PREFIX=/home/joao/cbr-2024/ldrobot-lidar-ros2/install/ldlidar_node
[3.838s] Invoking command in '/home/joao/cbr-2024/ldrobot-lidar-ros2/build/ldlidar_node': AMENT_PREFIX_PATH=/home/joao/cbr-2024/ldrobot-lidar-ros2/install/ldlidar_component:${AMENT_PREFIX_PATH} CMAKE_PREFIX_PATH=/home/joao/cbr-2024/ldrobot-lidar-ros2/install/ldlidar_component:/opt/ros/humble LD_LIBRARY_PATH=/home/joao/cbr-2024/ldrobot-lidar-ros2/install/ldlidar_component/lib:${LD_LIBRARY_PATH} /usr/bin/cmake --build /home/joao/cbr-2024/ldrobot-lidar-ros2/build/ldlidar_node -- -j8 -l8
[3.871s] [35m[1mConsolidate compiler generated dependencies of target ldlidar_node[0m
[3.890s] [ 50%] [32mBuilding CXX object CMakeFiles/ldlidar_node.dir/src/ldlidar_container_node.cpp.o[0m
[7.393s] [100%] [32m[1mLinking CXX executable ldlidar_node[0m
[7.647s] [100%] Built target ldlidar_node
[7.656s] Invoked command in '/home/joao/cbr-2024/ldrobot-lidar-ros2/build/ldlidar_node' returned '0': AMENT_PREFIX_PATH=/home/joao/cbr-2024/ldrobot-lidar-ros2/install/ldlidar_component:${AMENT_PREFIX_PATH} CMAKE_PREFIX_PATH=/home/joao/cbr-2024/ldrobot-lidar-ros2/install/ldlidar_component:/opt/ros/humble LD_LIBRARY_PATH=/home/joao/cbr-2024/ldrobot-lidar-ros2/install/ldlidar_component/lib:${LD_LIBRARY_PATH} /usr/bin/cmake --build /home/joao/cbr-2024/ldrobot-lidar-ros2/build/ldlidar_node -- -j8 -l8
[7.675s] Invoking command in '/home/joao/cbr-2024/ldrobot-lidar-ros2/build/ldlidar_node': AMENT_PREFIX_PATH=/home/joao/cbr-2024/ldrobot-lidar-ros2/install/ldlidar_component:${AMENT_PREFIX_PATH} CMAKE_PREFIX_PATH=/home/joao/cbr-2024/ldrobot-lidar-ros2/install/ldlidar_component:/opt/ros/humble LD_LIBRARY_PATH=/home/joao/cbr-2024/ldrobot-lidar-ros2/install/ldlidar_component/lib:${LD_LIBRARY_PATH} /usr/bin/cmake --install /home/joao/cbr-2024/ldrobot-lidar-ros2/build/ldlidar_node
[7.681s] -- Install configuration: "Release"
[7.682s] -- Execute custom install script
[7.682s] -- Symlinking: /home/joao/cbr-2024/ldrobot-lidar-ros2/install/ldlidar_node/lib/ldlidar_node/ldlidar_node
[7.689s] -- Symlinking: /home/joao/cbr-2024/ldrobot-lidar-ros2/install/ldlidar_node/share/ldlidar_node/params/ldlidar.yaml
[7.696s] -- Symlinking: /home/joao/cbr-2024/ldrobot-lidar-ros2/install/ldlidar_node/share/ldlidar_node/params/lifecycle_mgr.yaml
[7.703s] -- Symlinking: /home/joao/cbr-2024/ldrobot-lidar-ros2/install/ldlidar_node/share/ldlidar_node/params/lifecycle_mgr_slam.yaml
[7.710s] -- Symlinking: /home/joao/cbr-2024/ldrobot-lidar-ros2/install/ldlidar_node/share/ldlidar_node/params/slam_toolbox.yaml
[7.718s] -- Symlinking: /home/joao/cbr-2024/ldrobot-lidar-ros2/install/ldlidar_node/share/ldlidar_node/config/ldlidar.rviz
[7.724s] -- Symlinking: /home/joao/cbr-2024/ldrobot-lidar-ros2/install/ldlidar_node/share/ldlidar_node/config/ldlidar_slam.rviz
[7.731s] -- Symlinking: /home/joao/cbr-2024/ldrobot-lidar-ros2/install/ldlidar_node/share/ldlidar_node/urdf/ldlidar_descr.urdf.xml
[7.738s] -- Symlinking: /home/joao/cbr-2024/ldrobot-lidar-ros2/install/ldlidar_node/share/ldlidar_node/urdf/model/LD19.stl
[7.746s] -- Symlinking: /home/joao/cbr-2024/ldrobot-lidar-ros2/install/ldlidar_node/share/ldlidar_node/launch/ldlidar.launch.py
[7.752s] -- Symlinking: /home/joao/cbr-2024/ldrobot-lidar-ros2/install/ldlidar_node/share/ldlidar_node/launch/ldlidar_rviz2.launch.py
[7.759s] -- Symlinking: /home/joao/cbr-2024/ldrobot-lidar-ros2/install/ldlidar_node/share/ldlidar_node/launch/ldlidar_slam.launch.py
[7.766s] -- Symlinking: /home/joao/cbr-2024/ldrobot-lidar-ros2/install/ldlidar_node/share/ldlidar_node/launch/ldlidar_with_mgr.launch.py
[7.774s] -- Symlinking: /home/joao/cbr-2024/ldrobot-lidar-ros2/install/ldlidar_node/share/ament_index/resource_index/package_run_dependencies/ldlidar_node
[7.781s] -- Symlinking: /home/joao/cbr-2024/ldrobot-lidar-ros2/install/ldlidar_node/share/ament_index/resource_index/parent_prefix_path/ldlidar_node
[7.788s] -- Symlinking: /home/joao/cbr-2024/ldrobot-lidar-ros2/install/ldlidar_node/share/ldlidar_node/environment/ament_prefix_path.sh
[7.795s] -- Symlinking: /home/joao/cbr-2024/ldrobot-lidar-ros2/install/ldlidar_node/share/ldlidar_node/environment/ament_prefix_path.dsv
[7.802s] -- Symlinking: /home/joao/cbr-2024/ldrobot-lidar-ros2/install/ldlidar_node/share/ldlidar_node/environment/path.sh
[7.809s] -- Symlinking: /home/joao/cbr-2024/ldrobot-lidar-ros2/install/ldlidar_node/share/ldlidar_node/environment/path.dsv
[7.817s] -- Symlinking: /home/joao/cbr-2024/ldrobot-lidar-ros2/install/ldlidar_node/share/ldlidar_node/local_setup.bash
[7.825s] -- Symlinking: /home/joao/cbr-2024/ldrobot-lidar-ros2/install/ldlidar_node/share/ldlidar_node/local_setup.sh
[7.832s] -- Symlinking: /home/joao/cbr-2024/ldrobot-lidar-ros2/install/ldlidar_node/share/ldlidar_node/local_setup.zsh
[7.838s] -- Symlinking: /home/joao/cbr-2024/ldrobot-lidar-ros2/install/ldlidar_node/share/ldlidar_node/local_setup.dsv
[7.845s] -- Symlinking: /home/joao/cbr-2024/ldrobot-lidar-ros2/install/ldlidar_node/share/ldlidar_node/package.dsv
[7.852s] -- Symlinking: /home/joao/cbr-2024/ldrobot-lidar-ros2/install/ldlidar_node/share/ament_index/resource_index/packages/ldlidar_node
[7.858s] -- Symlinking: /home/joao/cbr-2024/ldrobot-lidar-ros2/install/ldlidar_node/share/ldlidar_node/cmake/ldlidar_nodeConfig.cmake
[7.865s] -- Symlinking: /home/joao/cbr-2024/ldrobot-lidar-ros2/install/ldlidar_node/share/ldlidar_node/cmake/ldlidar_nodeConfig-version.cmake
[7.872s] -- Symlinking: /home/joao/cbr-2024/ldrobot-lidar-ros2/install/ldlidar_node/share/ldlidar_node/package.xml
[7.881s] Invoked command in '/home/joao/cbr-2024/ldrobot-lidar-ros2/build/ldlidar_node' returned '0': AMENT_PREFIX_PATH=/home/joao/cbr-2024/ldrobot-lidar-ros2/install/ldlidar_component:${AMENT_PREFIX_PATH} CMAKE_PREFIX_PATH=/home/joao/cbr-2024/ldrobot-lidar-ros2/install/ldlidar_component:/opt/ros/humble LD_LIBRARY_PATH=/home/joao/cbr-2024/ldrobot-lidar-ros2/install/ldlidar_component/lib:${LD_LIBRARY_PATH} /usr/bin/cmake --install /home/joao/cbr-2024/ldrobot-lidar-ros2/build/ldlidar_node
