[0.040s] Invoking command in '/home/deltahigh/ldrobot-lidar-ros2/build/ldlidar_node': CMAKE_PREFIX_PATH=/home/deltahigh/ldrobot-lidar-ros2/install/ldlidar_component:/home/deltahigh/ldrobot-lidar-ros2/ldlidar_node/install/ldlidar_node:/home/deltahigh/ldrobot-lidar-ros2/install/ldlidar:/home/deltahigh/ldrobot-lidar-ros2/install/ldlidar_node:/home/deltahigh/cbr-2024/cbr-2024/drone_108/install/camera_pkg:/home/deltahigh/cbr-2024/cbr-2024/drone_108/install/mavlink_pkg:/home/deltahigh/cbr-2024/cbr-2024/drone_108/install/face_tracking:/home/deltahigh/cbr-2024/cbr-2024/drone_108/install/camera_test:/opt/ros/humble /usr/bin/cmake /home/deltahigh/ldrobot-lidar-ros2/ldlidar_node -DCMAKE_INSTALL_PREFIX=/home/deltahigh/ldrobot-lidar-ros2/install/ldlidar_node
[0.156s] -- The C compiler identification is GNU 11.4.0
[0.240s] -- The CXX compiler identification is GNU 11.4.0
[0.249s] -- Detecting C compiler ABI info
[0.386s] -- Detecting C compiler ABI info - done
[0.386s] -- Check for working C compiler: /usr/bin/cc - skipped
[0.387s] -- Detecting C compile features
[0.393s] -- Detecting C compile features - done
[0.401s] -- Detecting CXX compiler ABI info
[0.609s] -- Detecting CXX compiler ABI info - done
[0.626s] -- Check for working CXX compiler: /usr/bin/c++ - skipped
[0.631s] -- Detecting CXX compile features
[0.632s] -- Detecting CXX compile features - done
[0.632s] --  * Release Mode
[0.632s] -- * Found ROS2 humble
[0.632s] -- * ROS2 humble is officially supported by this package.
[0.635s] -- Found ament_cmake: 1.3.9 (/opt/ros/humble/share/ament_cmake/cmake)
[0.856s] -- Found Python3: /usr/bin/python3 (found version "3.10.12") found components: Interpreter 
[1.028s] -- Found rclcpp: 16.0.9 (/opt/ros/humble/share/rclcpp/cmake)
[1.095s] -- Found rosidl_generator_c: 3.1.5 (/opt/ros/humble/share/rosidl_generator_c/cmake)
[1.100s] -- Found rosidl_adapter: 3.1.5 (/opt/ros/humble/share/rosidl_adapter/cmake)
[1.113s] -- Found rosidl_generator_cpp: 3.1.5 (/opt/ros/humble/share/rosidl_generator_cpp/cmake)
[1.130s] -- Using all available rosidl_typesupport_c: rosidl_typesupport_fastrtps_c;rosidl_typesupport_introspection_c
[1.153s] -- Using all available rosidl_typesupport_cpp: rosidl_typesupport_fastrtps_cpp;rosidl_typesupport_introspection_cpp
[1.238s] -- Found rmw_implementation_cmake: 6.1.2 (/opt/ros/humble/share/rmw_implementation_cmake/cmake)
[1.241s] -- Found rmw_cyclonedds_cpp: 1.3.4 (/opt/ros/humble/share/rmw_cyclonedds_cpp/cmake)
[1.286s] -- Using RMW implementation 'rmw_cyclonedds_cpp' as default
[1.299s] -- Looking for pthread.h
[1.487s] -- Looking for pthread.h - found
[1.488s] -- Performing Test CMAKE_HAVE_LIBC_PTHREAD
[1.608s] -- Performing Test CMAKE_HAVE_LIBC_PTHREAD - Success
[1.608s] -- Found Threads: TRUE  
[1.819s] -- Found rclcpp_components: 16.0.9 (/opt/ros/humble/share/rclcpp_components/cmake)
[1.910s] -- Found rclcpp_lifecycle: 16.0.9 (/opt/ros/humble/share/rclcpp_lifecycle/cmake)
[1.958s] -- Found ldlidar_component: 0.2.0 (/home/deltahigh/ldrobot-lidar-ros2/install/ldlidar_component/share/ldlidar_component/cmake)
[2.967s] -- Found eigen3_cmake_module: 0.1.1 (/opt/ros/humble/share/eigen3_cmake_module/cmake)
[2.968s] -- Found Eigen3: TRUE (found version "3.4.0") 
[2.969s] -- Ensuring Eigen3 include directory is part of orocos-kdl CMake target
[4.313s] -- Found ament_lint_auto: 0.12.11 (/opt/ros/humble/share/ament_lint_auto/cmake)
[4.454s] -- Found python_cmake_module: 0.10.0 (/opt/ros/humble/share/python_cmake_module/cmake)
[4.483s] -- Found PythonInterp: /usr/bin/python3 (found suitable version "3.10.12", minimum required is "3.6") 
[4.491s] -- Found PythonLibs: /usr/lib/x86_64-linux-gnu/libpython3.10.so (found suitable version "3.10.12", minimum required is "3.5") 
[4.491s] -- Using PYTHON_EXECUTABLE: /usr/bin/python3
[4.491s] -- Using PYTHON_INCLUDE_DIRS: /usr/include/python3.10
[4.491s] -- Using PYTHON_LIBRARIES: /usr/lib/x86_64-linux-gnu/libpython3.10.so
[4.519s] -- Found PythonExtra: .so  
[4.523s] -- Added test 'copyright' to check source files copyright and LICENSE
[4.524s] -- Added test 'cppcheck' to perform static code analysis on C / C++ code
[4.525s] -- Configured cppcheck include dirs: 
[4.525s] -- Configured cppcheck exclude dirs and/or files: 
[4.526s] -- Added test 'cpplint' to check C / C++ code against the Google style
[4.526s] -- Configured cpplint exclude dirs and/or files: 
[4.526s] -- Added test 'flake8' to check Python code syntax and style conventions
[4.527s] -- Added test 'lint_cmake' to check CMake code style
[4.528s] -- Added test 'pep257' to check Python code against some of the docstring style conventions in PEP 257
[4.529s] -- Added test 'uncrustify' to check C / C++ code style
[4.529s] -- Configured uncrustify additional arguments: 
[4.530s] -- Added test 'xmllint' to check XML markup files
[4.539s] -- Configuring done
[4.582s] -- Generating done
[4.587s] -- Build files have been written to: /home/deltahigh/ldrobot-lidar-ros2/build/ldlidar_node
[4.599s] Invoked command in '/home/deltahigh/ldrobot-lidar-ros2/build/ldlidar_node' returned '0': CMAKE_PREFIX_PATH=/home/deltahigh/ldrobot-lidar-ros2/install/ldlidar_component:/home/deltahigh/ldrobot-lidar-ros2/ldlidar_node/install/ldlidar_node:/home/deltahigh/ldrobot-lidar-ros2/install/ldlidar:/home/deltahigh/ldrobot-lidar-ros2/install/ldlidar_node:/home/deltahigh/cbr-2024/cbr-2024/drone_108/install/camera_pkg:/home/deltahigh/cbr-2024/cbr-2024/drone_108/install/mavlink_pkg:/home/deltahigh/cbr-2024/cbr-2024/drone_108/install/face_tracking:/home/deltahigh/cbr-2024/cbr-2024/drone_108/install/camera_test:/opt/ros/humble /usr/bin/cmake /home/deltahigh/ldrobot-lidar-ros2/ldlidar_node -DCMAKE_INSTALL_PREFIX=/home/deltahigh/ldrobot-lidar-ros2/install/ldlidar_node
[4.602s] Invoking command in '/home/deltahigh/ldrobot-lidar-ros2/build/ldlidar_node': CMAKE_PREFIX_PATH=/home/deltahigh/ldrobot-lidar-ros2/install/ldlidar_component:/home/deltahigh/ldrobot-lidar-ros2/ldlidar_node/install/ldlidar_node:/home/deltahigh/ldrobot-lidar-ros2/install/ldlidar:/home/deltahigh/ldrobot-lidar-ros2/install/ldlidar_node:/home/deltahigh/cbr-2024/cbr-2024/drone_108/install/camera_pkg:/home/deltahigh/cbr-2024/cbr-2024/drone_108/install/mavlink_pkg:/home/deltahigh/cbr-2024/cbr-2024/drone_108/install/face_tracking:/home/deltahigh/cbr-2024/cbr-2024/drone_108/install/camera_test:/opt/ros/humble /usr/bin/cmake --build /home/deltahigh/ldrobot-lidar-ros2/build/ldlidar_node -- -j3 -l3
[4.709s] [ 50%] [32mBuilding CXX object CMakeFiles/ldlidar_node.dir/src/ldlidar_container_node.cpp.o[0m
[9.667s] [100%] [32m[1mLinking CXX executable ldlidar_node[0m
[9.964s] [100%] Built target ldlidar_node
[9.988s] Invoked command in '/home/deltahigh/ldrobot-lidar-ros2/build/ldlidar_node' returned '0': CMAKE_PREFIX_PATH=/home/deltahigh/ldrobot-lidar-ros2/install/ldlidar_component:/home/deltahigh/ldrobot-lidar-ros2/ldlidar_node/install/ldlidar_node:/home/deltahigh/ldrobot-lidar-ros2/install/ldlidar:/home/deltahigh/ldrobot-lidar-ros2/install/ldlidar_node:/home/deltahigh/cbr-2024/cbr-2024/drone_108/install/camera_pkg:/home/deltahigh/cbr-2024/cbr-2024/drone_108/install/mavlink_pkg:/home/deltahigh/cbr-2024/cbr-2024/drone_108/install/face_tracking:/home/deltahigh/cbr-2024/cbr-2024/drone_108/install/camera_test:/opt/ros/humble /usr/bin/cmake --build /home/deltahigh/ldrobot-lidar-ros2/build/ldlidar_node -- -j3 -l3
[10.070s] Invoking command in '/home/deltahigh/ldrobot-lidar-ros2/build/ldlidar_node': CMAKE_PREFIX_PATH=/home/deltahigh/ldrobot-lidar-ros2/install/ldlidar_component:/home/deltahigh/ldrobot-lidar-ros2/ldlidar_node/install/ldlidar_node:/home/deltahigh/ldrobot-lidar-ros2/install/ldlidar:/home/deltahigh/ldrobot-lidar-ros2/install/ldlidar_node:/home/deltahigh/cbr-2024/cbr-2024/drone_108/install/camera_pkg:/home/deltahigh/cbr-2024/cbr-2024/drone_108/install/mavlink_pkg:/home/deltahigh/cbr-2024/cbr-2024/drone_108/install/face_tracking:/home/deltahigh/cbr-2024/cbr-2024/drone_108/install/camera_test:/opt/ros/humble /usr/bin/cmake --install /home/deltahigh/ldrobot-lidar-ros2/build/ldlidar_node
[10.080s] -- Install configuration: "Release"
[10.080s] -- Installing: /home/deltahigh/ldrobot-lidar-ros2/install/ldlidar_node/lib/ldlidar_node/ldlidar_node
[10.080s] -- Set runtime path of "/home/deltahigh/ldrobot-lidar-ros2/install/ldlidar_node/lib/ldlidar_node/ldlidar_node" to ""
[10.080s] -- Installing: /home/deltahigh/ldrobot-lidar-ros2/install/ldlidar_node/share/ldlidar_node/params
[10.080s] -- Installing: /home/deltahigh/ldrobot-lidar-ros2/install/ldlidar_node/share/ldlidar_node/params/lifecycle_mgr_slam.yaml
[10.081s] -- Installing: /home/deltahigh/ldrobot-lidar-ros2/install/ldlidar_node/share/ldlidar_node/params/lifecycle_mgr.yaml
[10.081s] -- Installing: /home/deltahigh/ldrobot-lidar-ros2/install/ldlidar_node/share/ldlidar_node/params/slam_toolbox.yaml
[10.081s] -- Installing: /home/deltahigh/ldrobot-lidar-ros2/install/ldlidar_node/share/ldlidar_node/params/ldlidar.yaml
[10.081s] -- Installing: /home/deltahigh/ldrobot-lidar-ros2/install/ldlidar_node/share/ldlidar_node/config
[10.083s] -- Installing: /home/deltahigh/ldrobot-lidar-ros2/install/ldlidar_node/share/ldlidar_node/config/ldlidar.rviz
[10.083s] -- Installing: /home/deltahigh/ldrobot-lidar-ros2/install/ldlidar_node/share/ldlidar_node/config/ldlidar_slam.rviz
[10.083s] -- Installing: /home/deltahigh/ldrobot-lidar-ros2/install/ldlidar_node/share/ldlidar_node/urdf
[10.084s] -- Installing: /home/deltahigh/ldrobot-lidar-ros2/install/ldlidar_node/share/ldlidar_node/urdf/model
[10.084s] -- Installing: /home/deltahigh/ldrobot-lidar-ros2/install/ldlidar_node/share/ldlidar_node/urdf/model/LD19.stl
[10.086s] -- Installing: /home/deltahigh/ldrobot-lidar-ros2/install/ldlidar_node/share/ldlidar_node/urdf/ldlidar_descr.urdf.xml
[10.086s] -- Installing: /home/deltahigh/ldrobot-lidar-ros2/install/ldlidar_node/share/ldlidar_node/launch
[10.087s] -- Installing: /home/deltahigh/ldrobot-lidar-ros2/install/ldlidar_node/share/ldlidar_node/launch/ldlidar_rviz2.launch.py
[10.087s] -- Installing: /home/deltahigh/ldrobot-lidar-ros2/install/ldlidar_node/share/ldlidar_node/launch/ldlidar.launch.py
[10.087s] -- Installing: /home/deltahigh/ldrobot-lidar-ros2/install/ldlidar_node/share/ldlidar_node/launch/ldlidar_with_mgr.launch.py
[10.087s] -- Installing: /home/deltahigh/ldrobot-lidar-ros2/install/ldlidar_node/share/ldlidar_node/launch/ldlidar_slam.launch.py
[10.088s] -- Installing: /home/deltahigh/ldrobot-lidar-ros2/install/ldlidar_node/share/ament_index/resource_index/package_run_dependencies/ldlidar_node
[10.090s] -- Installing: /home/deltahigh/ldrobot-lidar-ros2/install/ldlidar_node/share/ament_index/resource_index/parent_prefix_path/ldlidar_node
[10.090s] -- Installing: /home/deltahigh/ldrobot-lidar-ros2/install/ldlidar_node/share/ldlidar_node/environment/ament_prefix_path.sh
[10.090s] -- Installing: /home/deltahigh/ldrobot-lidar-ros2/install/ldlidar_node/share/ldlidar_node/environment/ament_prefix_path.dsv
[10.091s] -- Installing: /home/deltahigh/ldrobot-lidar-ros2/install/ldlidar_node/share/ldlidar_node/environment/path.sh
[10.091s] -- Installing: /home/deltahigh/ldrobot-lidar-ros2/install/ldlidar_node/share/ldlidar_node/environment/path.dsv
[10.091s] -- Installing: /home/deltahigh/ldrobot-lidar-ros2/install/ldlidar_node/share/ldlidar_node/local_setup.bash
[10.091s] -- Installing: /home/deltahigh/ldrobot-lidar-ros2/install/ldlidar_node/share/ldlidar_node/local_setup.sh
[10.091s] -- Installing: /home/deltahigh/ldrobot-lidar-ros2/install/ldlidar_node/share/ldlidar_node/local_setup.zsh
[10.091s] -- Installing: /home/deltahigh/ldrobot-lidar-ros2/install/ldlidar_node/share/ldlidar_node/local_setup.dsv
[10.091s] -- Installing: /home/deltahigh/ldrobot-lidar-ros2/install/ldlidar_node/share/ldlidar_node/package.dsv
[10.092s] -- Installing: /home/deltahigh/ldrobot-lidar-ros2/install/ldlidar_node/share/ament_index/resource_index/packages/ldlidar_node
[10.092s] -- Installing: /home/deltahigh/ldrobot-lidar-ros2/install/ldlidar_node/share/ldlidar_node/cmake/ldlidar_nodeConfig.cmake
[10.092s] -- Installing: /home/deltahigh/ldrobot-lidar-ros2/install/ldlidar_node/share/ldlidar_node/cmake/ldlidar_nodeConfig-version.cmake
[10.092s] -- Installing: /home/deltahigh/ldrobot-lidar-ros2/install/ldlidar_node/share/ldlidar_node/package.xml
[10.095s] Invoked command in '/home/deltahigh/ldrobot-lidar-ros2/build/ldlidar_node' returned '0': CMAKE_PREFIX_PATH=/home/deltahigh/ldrobot-lidar-ros2/install/ldlidar_component:/home/deltahigh/ldrobot-lidar-ros2/ldlidar_node/install/ldlidar_node:/home/deltahigh/ldrobot-lidar-ros2/install/ldlidar:/home/deltahigh/ldrobot-lidar-ros2/install/ldlidar_node:/home/deltahigh/cbr-2024/cbr-2024/drone_108/install/camera_pkg:/home/deltahigh/cbr-2024/cbr-2024/drone_108/install/mavlink_pkg:/home/deltahigh/cbr-2024/cbr-2024/drone_108/install/face_tracking:/home/deltahigh/cbr-2024/cbr-2024/drone_108/install/camera_test:/opt/ros/humble /usr/bin/cmake --install /home/deltahigh/ldrobot-lidar-ros2/build/ldlidar_node
