[1.087s] DEBUG:colcon:Command line arguments: ['/usr/local/bin/colcon', 'build']
[1.087s] DEBUG:colcon:Parsed command line arguments: Namespace(log_base=None, log_level=None, verb_name='build', build_base='build', install_base='install', merge_install=False, symlink_install=False, test_result_base=None, continue_on_error=False, executor='parallel', parallel_workers=8, event_handlers=None, ignore_user_meta=False, metas=['./colcon.meta'], base_paths=['.'], packages_ignore=None, packages_ignore_regex=None, paths=None, packages_up_to=None, packages_up_to_regex=None, packages_above=None, packages_above_and_dependencies=None, packages_above_depth=None, packages_select_by_dep=None, packages_skip_by_dep=None, packages_skip_up_to=None, packages_select_build_failed=False, packages_skip_build_finished=False, packages_select_test_failures=False, packages_skip_test_passed=False, packages_select=None, packages_skip=None, packages_select_regex=None, packages_skip_regex=None, packages_start=None, packages_end=None, cmake_args=None, cmake_target=None, cmake_target_skip_unavailable=False, cmake_clean_cache=False, cmake_clean_first=False, cmake_force_configure=False, ament_cmake_args=None, catkin_cmake_args=None, catkin_skip_building_tests=False, verb_parser=<colcon_defaults.argument_parser.defaults.DefaultArgumentsDecorator object at 0x7d5abb5a37f0>, verb_extension=<colcon_core.verb.build.BuildVerb object at 0x7d5abb5a3370>, main=<bound method BuildVerb.main of <colcon_core.verb.build.BuildVerb object at 0x7d5abb5a3370>>)
[1.177s] Level 1:colcon.colcon_core.package_discovery:discover_packages(colcon_meta) check parameters
[1.177s] Level 1:colcon.colcon_core.package_discovery:discover_packages(recursive) check parameters
[1.177s] Level 1:colcon.colcon_core.package_discovery:discover_packages(ignore) check parameters
[1.177s] Level 1:colcon.colcon_core.package_discovery:discover_packages(path) check parameters
[1.177s] Level 1:colcon.colcon_core.package_discovery:discover_packages(colcon_meta) discover
[1.177s] Level 1:colcon.colcon_core.package_discovery:discover_packages(recursive) discover
[1.177s] INFO:colcon.colcon_core.package_discovery:Crawling recursively for packages in '/home/joao/cbr-2024/ldrobot-lidar-ros2/ldlidar_node/src/my_tf2_listener'
[1.177s] Level 1:colcon.colcon_core.package_identification:_identify(.) by extensions ['ignore', 'ignore_ament_install']
[1.177s] Level 1:colcon.colcon_core.package_identification:_identify(.) by extension 'ignore'
[1.178s] Level 1:colcon.colcon_core.package_identification:_identify(.) by extension 'ignore_ament_install'
[1.178s] Level 1:colcon.colcon_core.package_identification:_identify(.) by extensions ['colcon_pkg']
[1.178s] Level 1:colcon.colcon_core.package_identification:_identify(.) by extension 'colcon_pkg'
[1.178s] Level 1:colcon.colcon_core.package_identification:_identify(.) by extensions ['colcon_meta']
[1.178s] Level 1:colcon.colcon_core.package_identification:_identify(.) by extension 'colcon_meta'
[1.178s] Level 1:colcon.colcon_core.package_identification:_identify(.) by extensions ['ros']
[1.178s] Level 1:colcon.colcon_core.package_identification:_identify(.) by extension 'ros'
[1.194s] DEBUG:colcon.colcon_core.package_identification:Package '.' with type 'ros.ament_python' and name 'my_tf2_listener'
[1.194s] Level 1:colcon.colcon_core.package_discovery:discover_packages(recursive) using defaults
[1.194s] Level 1:colcon.colcon_core.package_discovery:discover_packages(ignore) discover
[1.194s] Level 1:colcon.colcon_core.package_discovery:discover_packages(ignore) using defaults
[1.194s] Level 1:colcon.colcon_core.package_discovery:discover_packages(path) discover
[1.194s] Level 1:colcon.colcon_core.package_discovery:discover_packages(path) using defaults
[1.279s] Level 5:colcon.colcon_core.verb:set package 'my_tf2_listener' build argument 'cmake_args' from command line to 'None'
[1.279s] Level 5:colcon.colcon_core.verb:set package 'my_tf2_listener' build argument 'cmake_target' from command line to 'None'
[1.279s] Level 5:colcon.colcon_core.verb:set package 'my_tf2_listener' build argument 'cmake_target_skip_unavailable' from command line to 'False'
[1.279s] Level 5:colcon.colcon_core.verb:set package 'my_tf2_listener' build argument 'cmake_clean_cache' from command line to 'False'
[1.279s] Level 5:colcon.colcon_core.verb:set package 'my_tf2_listener' build argument 'cmake_clean_first' from command line to 'False'
[1.279s] Level 5:colcon.colcon_core.verb:set package 'my_tf2_listener' build argument 'cmake_force_configure' from command line to 'False'
[1.279s] Level 5:colcon.colcon_core.verb:set package 'my_tf2_listener' build argument 'ament_cmake_args' from command line to 'None'
[1.279s] Level 5:colcon.colcon_core.verb:set package 'my_tf2_listener' build argument 'catkin_cmake_args' from command line to 'None'
[1.279s] Level 5:colcon.colcon_core.verb:set package 'my_tf2_listener' build argument 'catkin_skip_building_tests' from command line to 'False'
[1.279s] DEBUG:colcon.colcon_core.verb:Building package 'my_tf2_listener' with the following arguments: {'ament_cmake_args': None, 'build_base': '/home/joao/cbr-2024/ldrobot-lidar-ros2/ldlidar_node/src/my_tf2_listener/build/my_tf2_listener', 'catkin_cmake_args': None, 'catkin_skip_building_tests': False, 'cmake_args': None, 'cmake_clean_cache': False, 'cmake_clean_first': False, 'cmake_force_configure': False, 'cmake_target': None, 'cmake_target_skip_unavailable': False, 'install_base': '/home/joao/cbr-2024/ldrobot-lidar-ros2/ldlidar_node/src/my_tf2_listener/install/my_tf2_listener', 'merge_install': False, 'path': '/home/joao/cbr-2024/ldrobot-lidar-ros2/ldlidar_node/src/my_tf2_listener', 'symlink_install': False, 'test_result_base': None}
[1.296s] INFO:colcon.colcon_core.executor:Executing jobs using 'parallel' executor
[1.313s] DEBUG:colcon.colcon_parallel_executor.executor.parallel:run_until_complete
[1.313s] INFO:colcon.colcon_ros.task.ament_python.build:Building ROS package in '/home/joao/cbr-2024/ldrobot-lidar-ros2/ldlidar_node/src/my_tf2_listener' with build type 'ament_python'
[1.313s] Level 1:colcon.colcon_core.shell:create_environment_hook('my_tf2_listener', 'ament_prefix_path')
[1.331s] INFO:colcon.colcon_core.plugin_system:Skipping extension 'colcon_core.shell.bat': Not used on non-Windows systems
[1.332s] INFO:colcon.colcon_core.shell:Creating environment hook '/home/joao/cbr-2024/ldrobot-lidar-ros2/ldlidar_node/src/my_tf2_listener/install/my_tf2_listener/share/my_tf2_listener/hook/ament_prefix_path.ps1'
[1.332s] INFO:colcon.colcon_core.shell:Creating environment descriptor '/home/joao/cbr-2024/ldrobot-lidar-ros2/ldlidar_node/src/my_tf2_listener/install/my_tf2_listener/share/my_tf2_listener/hook/ament_prefix_path.dsv'
[1.332s] INFO:colcon.colcon_core.shell:Creating environment hook '/home/joao/cbr-2024/ldrobot-lidar-ros2/ldlidar_node/src/my_tf2_listener/install/my_tf2_listener/share/my_tf2_listener/hook/ament_prefix_path.sh'
[1.350s] INFO:colcon.colcon_core.shell:Skip shell extension 'powershell' for command environment: Not usable outside of PowerShell
[1.350s] DEBUG:colcon.colcon_core.shell:Skip shell extension 'dsv' for command environment
[1.650s] INFO:colcon.colcon_core.task.python.build:Building Python package in '/home/joao/cbr-2024/ldrobot-lidar-ros2/ldlidar_node/src/my_tf2_listener'
[1.667s] INFO:colcon.colcon_core.shell:Skip shell extension 'powershell' for command environment: Not usable outside of PowerShell
[1.668s] DEBUG:colcon.colcon_core.shell:Skip shell extension 'dsv' for command environment
[3.026s] DEBUG:colcon.colcon_core.event_handler.log_command:Invoking command in '/home/joao/cbr-2024/ldrobot-lidar-ros2/ldlidar_node/src/my_tf2_listener': PYTHONPATH=/home/joao/cbr-2024/ldrobot-lidar-ros2/ldlidar_node/src/my_tf2_listener/build/my_tf2_listener/prefix_override:/home/joao/cbr-2024/ldrobot-lidar-ros2/ldlidar_node/src/my_tf2_listener/install/my_tf2_listener/lib/python3.10/site-packages:${PYTHONPATH} /usr/bin/python3 setup.py egg_info --egg-base build/my_tf2_listener build --build-base /home/joao/cbr-2024/ldrobot-lidar-ros2/ldlidar_node/src/my_tf2_listener/build/my_tf2_listener/build install --record /home/joao/cbr-2024/ldrobot-lidar-ros2/ldlidar_node/src/my_tf2_listener/build/my_tf2_listener/install.log --single-version-externally-managed
[3.584s] DEBUG:colcon.colcon_core.event_handler.log_command:Invoked command in '/home/joao/cbr-2024/ldrobot-lidar-ros2/ldlidar_node/src/my_tf2_listener' returned '0': PYTHONPATH=/home/joao/cbr-2024/ldrobot-lidar-ros2/ldlidar_node/src/my_tf2_listener/build/my_tf2_listener/prefix_override:/home/joao/cbr-2024/ldrobot-lidar-ros2/ldlidar_node/src/my_tf2_listener/install/my_tf2_listener/lib/python3.10/site-packages:${PYTHONPATH} /usr/bin/python3 setup.py egg_info --egg-base build/my_tf2_listener build --build-base /home/joao/cbr-2024/ldrobot-lidar-ros2/ldlidar_node/src/my_tf2_listener/build/my_tf2_listener/build install --record /home/joao/cbr-2024/ldrobot-lidar-ros2/ldlidar_node/src/my_tf2_listener/build/my_tf2_listener/install.log --single-version-externally-managed
[3.604s] Level 1:colcon.colcon_core.environment:checking '/home/joao/cbr-2024/ldrobot-lidar-ros2/ldlidar_node/src/my_tf2_listener/install/my_tf2_listener' for CMake module files
[3.604s] Level 1:colcon.colcon_core.environment:checking '/home/joao/cbr-2024/ldrobot-lidar-ros2/ldlidar_node/src/my_tf2_listener/install/my_tf2_listener' for CMake config files
[3.605s] Level 1:colcon.colcon_core.environment:checking '/home/joao/cbr-2024/ldrobot-lidar-ros2/ldlidar_node/src/my_tf2_listener/install/my_tf2_listener/lib'
[3.605s] Level 1:colcon.colcon_core.environment:checking '/home/joao/cbr-2024/ldrobot-lidar-ros2/ldlidar_node/src/my_tf2_listener/install/my_tf2_listener/bin'
[3.605s] Level 1:colcon.colcon_core.environment:checking '/home/joao/cbr-2024/ldrobot-lidar-ros2/ldlidar_node/src/my_tf2_listener/install/my_tf2_listener/lib/pkgconfig/my_tf2_listener.pc'
[3.606s] Level 1:colcon.colcon_core.environment:checking '/home/joao/cbr-2024/ldrobot-lidar-ros2/ldlidar_node/src/my_tf2_listener/install/my_tf2_listener/lib/python3.10/site-packages'
[3.606s] Level 1:colcon.colcon_core.shell:create_environment_hook('my_tf2_listener', 'pythonpath')
[3.623s] INFO:colcon.colcon_core.shell:Creating environment hook '/home/joao/cbr-2024/ldrobot-lidar-ros2/ldlidar_node/src/my_tf2_listener/install/my_tf2_listener/share/my_tf2_listener/hook/pythonpath.ps1'
[3.623s] INFO:colcon.colcon_core.shell:Creating environment descriptor '/home/joao/cbr-2024/ldrobot-lidar-ros2/ldlidar_node/src/my_tf2_listener/install/my_tf2_listener/share/my_tf2_listener/hook/pythonpath.dsv'
[3.624s] INFO:colcon.colcon_core.shell:Creating environment hook '/home/joao/cbr-2024/ldrobot-lidar-ros2/ldlidar_node/src/my_tf2_listener/install/my_tf2_listener/share/my_tf2_listener/hook/pythonpath.sh'
[3.624s] Level 1:colcon.colcon_core.environment:checking '/home/joao/cbr-2024/ldrobot-lidar-ros2/ldlidar_node/src/my_tf2_listener/install/my_tf2_listener/bin'
[3.624s] Level 1:colcon.colcon_core.environment:create_environment_scripts_only(my_tf2_listener)
[3.652s] INFO:colcon.colcon_core.shell:Creating package script '/home/joao/cbr-2024/ldrobot-lidar-ros2/ldlidar_node/src/my_tf2_listener/install/my_tf2_listener/share/my_tf2_listener/package.ps1'
[3.653s] INFO:colcon.colcon_core.shell:Creating package descriptor '/home/joao/cbr-2024/ldrobot-lidar-ros2/ldlidar_node/src/my_tf2_listener/install/my_tf2_listener/share/my_tf2_listener/package.dsv'
[3.653s] INFO:colcon.colcon_core.shell:Creating package script '/home/joao/cbr-2024/ldrobot-lidar-ros2/ldlidar_node/src/my_tf2_listener/install/my_tf2_listener/share/my_tf2_listener/package.sh'
[3.654s] INFO:colcon.colcon_core.shell:Creating package script '/home/joao/cbr-2024/ldrobot-lidar-ros2/ldlidar_node/src/my_tf2_listener/install/my_tf2_listener/share/my_tf2_listener/package.bash'
[3.654s] INFO:colcon.colcon_core.shell:Creating package script '/home/joao/cbr-2024/ldrobot-lidar-ros2/ldlidar_node/src/my_tf2_listener/install/my_tf2_listener/share/my_tf2_listener/package.zsh'
[3.655s] Level 1:colcon.colcon_core.environment:create_file_with_runtime_dependencies(/home/joao/cbr-2024/ldrobot-lidar-ros2/ldlidar_node/src/my_tf2_listener/install/my_tf2_listener/share/colcon-core/packages/my_tf2_listener)
[3.655s] DEBUG:colcon.colcon_parallel_executor.executor.parallel:closing loop
[3.656s] DEBUG:colcon.colcon_parallel_executor.executor.parallel:loop closed
[3.656s] DEBUG:colcon.colcon_parallel_executor.executor.parallel:run_until_complete finished with '0'
[3.656s] DEBUG:colcon.colcon_core.event_reactor:joining thread
[3.680s] INFO:colcon.colcon_core.plugin_system:Skipping extension 'colcon_notification.desktop_notification.terminal_notifier': Not used on non-Darwin systems
[3.680s] INFO:colcon.colcon_core.plugin_system:Skipping extension 'colcon_notification.desktop_notification.win32': Not used on non-Windows systems
[3.680s] INFO:colcon.colcon_notification.desktop_notification:Sending desktop notification using 'notify2'
[3.688s] DEBUG:colcon.colcon_core.event_reactor:joined thread
[3.705s] INFO:colcon.colcon_core.shell:Creating prefix script '/home/joao/cbr-2024/ldrobot-lidar-ros2/ldlidar_node/src/my_tf2_listener/install/local_setup.ps1'
[3.706s] INFO:colcon.colcon_core.shell:Creating prefix util module '/home/joao/cbr-2024/ldrobot-lidar-ros2/ldlidar_node/src/my_tf2_listener/install/_local_setup_util_ps1.py'
[3.707s] INFO:colcon.colcon_core.shell:Creating prefix chain script '/home/joao/cbr-2024/ldrobot-lidar-ros2/ldlidar_node/src/my_tf2_listener/install/setup.ps1'
[3.724s] INFO:colcon.colcon_core.shell:Creating prefix script '/home/joao/cbr-2024/ldrobot-lidar-ros2/ldlidar_node/src/my_tf2_listener/install/local_setup.sh'
[3.725s] INFO:colcon.colcon_core.shell:Creating prefix util module '/home/joao/cbr-2024/ldrobot-lidar-ros2/ldlidar_node/src/my_tf2_listener/install/_local_setup_util_sh.py'
[3.725s] INFO:colcon.colcon_core.shell:Creating prefix chain script '/home/joao/cbr-2024/ldrobot-lidar-ros2/ldlidar_node/src/my_tf2_listener/install/setup.sh'
[3.743s] INFO:colcon.colcon_core.shell:Creating prefix script '/home/joao/cbr-2024/ldrobot-lidar-ros2/ldlidar_node/src/my_tf2_listener/install/local_setup.bash'
[3.743s] INFO:colcon.colcon_core.shell:Creating prefix chain script '/home/joao/cbr-2024/ldrobot-lidar-ros2/ldlidar_node/src/my_tf2_listener/install/setup.bash'
[3.761s] INFO:colcon.colcon_core.shell:Creating prefix script '/home/joao/cbr-2024/ldrobot-lidar-ros2/ldlidar_node/src/my_tf2_listener/install/local_setup.zsh'
[3.761s] INFO:colcon.colcon_core.shell:Creating prefix chain script '/home/joao/cbr-2024/ldrobot-lidar-ros2/ldlidar_node/src/my_tf2_listener/install/setup.zsh'
