[0.421s] DEBUG:colcon:Command line arguments: ['/usr/bin/colcon', 'build', '--symlink-install']
[0.421s] DEBUG:colcon:Parsed command line arguments: Namespace(log_base=None, log_level=None, verb_name='build', build_base='build', install_base='install', merge_install=False, symlink_install=True, test_result_base=None, continue_on_error=False, executor='parallel', parallel_workers=4, event_handlers=None, ignore_user_meta=False, metas=['./colcon.meta'], base_paths=['.'], packages_ignore=None, packages_ignore_regex=None, paths=None, packages_up_to=None, packages_up_to_regex=None, packages_above=None, packages_above_and_dependencies=None, packages_above_depth=None, packages_select_by_dep=None, packages_skip_by_dep=None, packages_skip_up_to=None, packages_select_build_failed=False, packages_skip_build_finished=False, packages_select_test_failures=False, packages_skip_test_passed=False, packages_select=None, packages_skip=None, packages_select_regex=None, packages_skip_regex=None, packages_start=None, packages_end=None, allow_overriding=[], cmake_args=None, cmake_target=None, cmake_target_skip_unavailable=False, cmake_clean_cache=False, cmake_clean_first=False, cmake_force_configure=False, ament_cmake_args=None, catkin_cmake_args=None, catkin_skip_building_tests=False, verb_parser=<colcon_defaults.argument_parser.defaults.DefaultArgumentsDecorator object at 0xffff9137eb30>, verb_extension=<colcon_core.verb.build.BuildVerb object at 0xffff9137e650>, main=<bound method BuildVerb.main of <colcon_core.verb.build.BuildVerb object at 0xffff9137e650>>)
[1.106s] Level 1:colcon.colcon_core.package_discovery:discover_packages(colcon_meta) check parameters
[1.107s] Level 1:colcon.colcon_core.package_discovery:discover_packages(recursive) check parameters
[1.107s] Level 1:colcon.colcon_core.package_discovery:discover_packages(ignore) check parameters
[1.107s] Level 1:colcon.colcon_core.package_discovery:discover_packages(path) check parameters
[1.107s] Level 1:colcon.colcon_core.package_discovery:discover_packages(colcon_meta) discover
[1.107s] Level 1:colcon.colcon_core.package_discovery:discover_packages(recursive) discover
[1.107s] INFO:colcon.colcon_core.package_discovery:Crawling recursively for packages in '/home/ubuntu/cbr-2024/drone_104'
[1.108s] Level 1:colcon.colcon_core.package_identification:_identify(.) by extensions ['ignore', 'ignore_ament_install']
[1.109s] Level 1:colcon.colcon_core.package_identification:_identify(.) by extension 'ignore'
[1.110s] Level 1:colcon.colcon_core.package_identification:_identify(.) by extension 'ignore_ament_install'
[1.110s] Level 1:colcon.colcon_core.package_identification:_identify(.) by extensions ['colcon_pkg']
[1.110s] Level 1:colcon.colcon_core.package_identification:_identify(.) by extension 'colcon_pkg'
[1.111s] Level 1:colcon.colcon_core.package_identification:_identify(.) by extensions ['colcon_meta']
[1.111s] Level 1:colcon.colcon_core.package_identification:_identify(.) by extension 'colcon_meta'
[1.111s] Level 1:colcon.colcon_core.package_identification:_identify(.) by extensions ['ros']
[1.111s] Level 1:colcon.colcon_core.package_identification:_identify(.) by extension 'ros'
[1.157s] Level 1:colcon.colcon_core.package_identification:_identify(.) by extensions ['cmake', 'python']
[1.158s] Level 1:colcon.colcon_core.package_identification:_identify(.) by extension 'cmake'
[1.158s] Level 1:colcon.colcon_core.package_identification:_identify(.) by extension 'python'
[1.158s] Level 1:colcon.colcon_core.package_identification:_identify(.) by extensions ['python_setup_py']
[1.158s] Level 1:colcon.colcon_core.package_identification:_identify(.) by extension 'python_setup_py'
[1.159s] Level 1:colcon.colcon_core.package_identification:_identify(build) by extensions ['ignore', 'ignore_ament_install']
[1.160s] Level 1:colcon.colcon_core.package_identification:_identify(build) by extension 'ignore'
[1.160s] Level 1:colcon.colcon_core.package_identification:_identify(build) ignored
[1.161s] Level 1:colcon.colcon_core.package_identification:_identify(install) by extensions ['ignore', 'ignore_ament_install']
[1.161s] Level 1:colcon.colcon_core.package_identification:_identify(install) by extension 'ignore'
[1.161s] Level 1:colcon.colcon_core.package_identification:_identify(install) ignored
[1.162s] Level 1:colcon.colcon_core.package_identification:_identify(log) by extensions ['ignore', 'ignore_ament_install']
[1.162s] Level 1:colcon.colcon_core.package_identification:_identify(log) by extension 'ignore'
[1.162s] Level 1:colcon.colcon_core.package_identification:_identify(log) ignored
[1.163s] Level 1:colcon.colcon_core.package_identification:_identify(src) by extensions ['ignore', 'ignore_ament_install']
[1.163s] Level 1:colcon.colcon_core.package_identification:_identify(src) by extension 'ignore'
[1.163s] Level 1:colcon.colcon_core.package_identification:_identify(src) by extension 'ignore_ament_install'
[1.164s] Level 1:colcon.colcon_core.package_identification:_identify(src) by extensions ['colcon_pkg']
[1.164s] Level 1:colcon.colcon_core.package_identification:_identify(src) by extension 'colcon_pkg'
[1.164s] Level 1:colcon.colcon_core.package_identification:_identify(src) by extensions ['colcon_meta']
[1.164s] Level 1:colcon.colcon_core.package_identification:_identify(src) by extension 'colcon_meta'
[1.165s] Level 1:colcon.colcon_core.package_identification:_identify(src) by extensions ['ros']
[1.165s] Level 1:colcon.colcon_core.package_identification:_identify(src) by extension 'ros'
[1.165s] Level 1:colcon.colcon_core.package_identification:_identify(src) by extensions ['cmake', 'python']
[1.165s] Level 1:colcon.colcon_core.package_identification:_identify(src) by extension 'cmake'
[1.166s] Level 1:colcon.colcon_core.package_identification:_identify(src) by extension 'python'
[1.166s] Level 1:colcon.colcon_core.package_identification:_identify(src) by extensions ['python_setup_py']
[1.166s] Level 1:colcon.colcon_core.package_identification:_identify(src) by extension 'python_setup_py'
[1.166s] Level 1:colcon.colcon_core.package_identification:_identify(src/camera_pkg) by extensions ['ignore', 'ignore_ament_install']
[1.167s] Level 1:colcon.colcon_core.package_identification:_identify(src/camera_pkg) by extension 'ignore'
[1.167s] Level 1:colcon.colcon_core.package_identification:_identify(src/camera_pkg) by extension 'ignore_ament_install'
[1.167s] Level 1:colcon.colcon_core.package_identification:_identify(src/camera_pkg) by extensions ['colcon_pkg']
[1.167s] Level 1:colcon.colcon_core.package_identification:_identify(src/camera_pkg) by extension 'colcon_pkg'
[1.168s] Level 1:colcon.colcon_core.package_identification:_identify(src/camera_pkg) by extensions ['colcon_meta']
[1.168s] Level 1:colcon.colcon_core.package_identification:_identify(src/camera_pkg) by extension 'colcon_meta'
[1.168s] Level 1:colcon.colcon_core.package_identification:_identify(src/camera_pkg) by extensions ['ros']
[1.168s] Level 1:colcon.colcon_core.package_identification:_identify(src/camera_pkg) by extension 'ros'
[1.168s] Level 1:colcon.colcon_core.package_identification:_identify(src/camera_pkg) by extensions ['cmake', 'python']
[1.169s] Level 1:colcon.colcon_core.package_identification:_identify(src/camera_pkg) by extension 'cmake'
[1.169s] Level 1:colcon.colcon_core.package_identification:_identify(src/camera_pkg) by extension 'python'
[1.169s] Level 1:colcon.colcon_core.package_identification:_identify(src/camera_pkg) by extensions ['python_setup_py']
[1.169s] Level 1:colcon.colcon_core.package_identification:_identify(src/camera_pkg) by extension 'python_setup_py'
[1.170s] Level 1:colcon.colcon_core.package_identification:_identify(src/camera_pkg/__pycache__) by extensions ['ignore', 'ignore_ament_install']
[1.170s] Level 1:colcon.colcon_core.package_identification:_identify(src/camera_pkg/__pycache__) by extension 'ignore'
[1.170s] Level 1:colcon.colcon_core.package_identification:_identify(src/camera_pkg/__pycache__) by extension 'ignore_ament_install'
[1.170s] Level 1:colcon.colcon_core.package_identification:_identify(src/camera_pkg/__pycache__) by extensions ['colcon_pkg']
[1.171s] Level 1:colcon.colcon_core.package_identification:_identify(src/camera_pkg/__pycache__) by extension 'colcon_pkg'
[1.171s] Level 1:colcon.colcon_core.package_identification:_identify(src/camera_pkg/__pycache__) by extensions ['colcon_meta']
[1.171s] Level 1:colcon.colcon_core.package_identification:_identify(src/camera_pkg/__pycache__) by extension 'colcon_meta'
[1.171s] Level 1:colcon.colcon_core.package_identification:_identify(src/camera_pkg/__pycache__) by extensions ['ros']
[1.171s] Level 1:colcon.colcon_core.package_identification:_identify(src/camera_pkg/__pycache__) by extension 'ros'
[1.172s] Level 1:colcon.colcon_core.package_identification:_identify(src/camera_pkg/__pycache__) by extensions ['cmake', 'python']
[1.172s] Level 1:colcon.colcon_core.package_identification:_identify(src/camera_pkg/__pycache__) by extension 'cmake'
[1.172s] Level 1:colcon.colcon_core.package_identification:_identify(src/camera_pkg/__pycache__) by extension 'python'
[1.172s] Level 1:colcon.colcon_core.package_identification:_identify(src/camera_pkg/__pycache__) by extensions ['python_setup_py']
[1.172s] Level 1:colcon.colcon_core.package_identification:_identify(src/camera_pkg/__pycache__) by extension 'python_setup_py'
[1.173s] Level 1:colcon.colcon_core.package_identification:_identify(src/mavlink_pkg) by extensions ['ignore', 'ignore_ament_install']
[1.173s] Level 1:colcon.colcon_core.package_identification:_identify(src/mavlink_pkg) by extension 'ignore'
[1.173s] Level 1:colcon.colcon_core.package_identification:_identify(src/mavlink_pkg) by extension 'ignore_ament_install'
[1.174s] Level 1:colcon.colcon_core.package_identification:_identify(src/mavlink_pkg) by extensions ['colcon_pkg']
[1.174s] Level 1:colcon.colcon_core.package_identification:_identify(src/mavlink_pkg) by extension 'colcon_pkg'
[1.174s] Level 1:colcon.colcon_core.package_identification:_identify(src/mavlink_pkg) by extensions ['colcon_meta']
[1.174s] Level 1:colcon.colcon_core.package_identification:_identify(src/mavlink_pkg) by extension 'colcon_meta'
[1.174s] Level 1:colcon.colcon_core.package_identification:_identify(src/mavlink_pkg) by extensions ['ros']
[1.174s] Level 1:colcon.colcon_core.package_identification:_identify(src/mavlink_pkg) by extension 'ros'
[1.182s] DEBUG:colcon.colcon_core.package_identification:Package 'src/mavlink_pkg' with type 'ros.ament_python' and name 'mavlink_pkg'
[1.183s] Level 1:colcon.colcon_core.package_discovery:discover_packages(recursive) using defaults
[1.183s] Level 1:colcon.colcon_core.package_discovery:discover_packages(ignore) discover
[1.183s] Level 1:colcon.colcon_core.package_discovery:discover_packages(ignore) using defaults
[1.183s] Level 1:colcon.colcon_core.package_discovery:discover_packages(path) discover
[1.183s] Level 1:colcon.colcon_core.package_discovery:discover_packages(path) using defaults
[1.262s] Level 1:colcon.colcon_core.package_discovery:discover_packages(prefix_path) check parameters
[1.263s] Level 1:colcon.colcon_core.package_discovery:discover_packages(prefix_path) discover
[1.271s] DEBUG:colcon.colcon_installed_package_information.package_discovery:Found 1 installed packages in /home/ubuntu/cbr-2024/drone_104/install
[1.278s] DEBUG:colcon.colcon_installed_package_information.package_discovery:Found 198 installed packages in /opt/ros/humble
[1.283s] Level 1:colcon.colcon_core.package_discovery:discover_packages(prefix_path) using defaults
[1.393s] Level 5:colcon.colcon_core.verb:set package 'mavlink_pkg' build argument 'cmake_args' from command line to 'None'
[1.394s] Level 5:colcon.colcon_core.verb:set package 'mavlink_pkg' build argument 'cmake_target' from command line to 'None'
[1.394s] Level 5:colcon.colcon_core.verb:set package 'mavlink_pkg' build argument 'cmake_target_skip_unavailable' from command line to 'False'
[1.394s] Level 5:colcon.colcon_core.verb:set package 'mavlink_pkg' build argument 'cmake_clean_cache' from command line to 'False'
[1.394s] Level 5:colcon.colcon_core.verb:set package 'mavlink_pkg' build argument 'cmake_clean_first' from command line to 'False'
[1.394s] Level 5:colcon.colcon_core.verb:set package 'mavlink_pkg' build argument 'cmake_force_configure' from command line to 'False'
[1.394s] Level 5:colcon.colcon_core.verb:set package 'mavlink_pkg' build argument 'ament_cmake_args' from command line to 'None'
[1.394s] Level 5:colcon.colcon_core.verb:set package 'mavlink_pkg' build argument 'catkin_cmake_args' from command line to 'None'
[1.394s] Level 5:colcon.colcon_core.verb:set package 'mavlink_pkg' build argument 'catkin_skip_building_tests' from command line to 'False'
[1.395s] DEBUG:colcon.colcon_core.verb:Building package 'mavlink_pkg' with the following arguments: {'ament_cmake_args': None, 'build_base': '/home/ubuntu/cbr-2024/drone_104/build/mavlink_pkg', 'catkin_cmake_args': None, 'catkin_skip_building_tests': False, 'cmake_args': None, 'cmake_clean_cache': False, 'cmake_clean_first': False, 'cmake_force_configure': False, 'cmake_target': None, 'cmake_target_skip_unavailable': False, 'install_base': '/home/ubuntu/cbr-2024/drone_104/install/mavlink_pkg', 'merge_install': False, 'path': '/home/ubuntu/cbr-2024/drone_104/src/mavlink_pkg', 'symlink_install': True, 'test_result_base': None}
[1.395s] INFO:colcon.colcon_core.executor:Executing jobs using 'parallel' executor
[1.399s] DEBUG:colcon.colcon_parallel_executor.executor.parallel:run_until_complete
[1.400s] INFO:colcon.colcon_ros.task.ament_python.build:Building ROS package in '/home/ubuntu/cbr-2024/drone_104/src/mavlink_pkg' with build type 'ament_python'
[1.401s] Level 1:colcon.colcon_core.shell:create_environment_hook('mavlink_pkg', 'ament_prefix_path')
[1.411s] INFO:colcon.colcon_core.plugin_system:Skipping extension 'colcon_core.shell.bat': Not used on non-Windows systems
[1.412s] INFO:colcon.colcon_core.shell:Creating environment hook '/home/ubuntu/cbr-2024/drone_104/install/mavlink_pkg/share/mavlink_pkg/hook/ament_prefix_path.ps1'
[1.415s] INFO:colcon.colcon_core.shell:Creating environment descriptor '/home/ubuntu/cbr-2024/drone_104/install/mavlink_pkg/share/mavlink_pkg/hook/ament_prefix_path.dsv'
[1.417s] INFO:colcon.colcon_core.shell:Creating environment hook '/home/ubuntu/cbr-2024/drone_104/install/mavlink_pkg/share/mavlink_pkg/hook/ament_prefix_path.sh'
[1.421s] INFO:colcon.colcon_core.shell:Skip shell extension 'powershell' for command environment: Not usable outside of PowerShell
[1.421s] DEBUG:colcon.colcon_core.shell:Skip shell extension 'dsv' for command environment
[2.473s] INFO:colcon.colcon_core.task.python.build:Building Python package in '/home/ubuntu/cbr-2024/drone_104/src/mavlink_pkg'
[2.474s] INFO:colcon.colcon_core.shell:Skip shell extension 'powershell' for command environment: Not usable outside of PowerShell
[2.475s] DEBUG:colcon.colcon_core.shell:Skip shell extension 'dsv' for command environment
[3.928s] DEBUG:colcon.colcon_core.task.python.build:While undoing a previous installation files outside the Python library path are being ignored: /home/ubuntu/cbr-2024/drone_104/install/mavlink_pkg/share/ament_index/resource_index/packages/mavlink_pkg
[3.928s] DEBUG:colcon.colcon_core.task.python.build:While undoing a previous installation files outside the Python library path are being ignored: /home/ubuntu/cbr-2024/drone_104/install/mavlink_pkg/share/mavlink_pkg/package.xml
[3.929s] DEBUG:colcon.colcon_core.task.python.build:While undoing a previous installation files outside the Python library path are being ignored: /home/ubuntu/cbr-2024/drone_104/install/mavlink_pkg/lib/mavlink_pkg/drone_node
[3.937s] DEBUG:colcon.colcon_core.event_handler.log_command:Invoking command in '/home/ubuntu/cbr-2024/drone_104/build/mavlink_pkg': PS1=\[\e]0;\u@\h: \w\a\]${debian_chroot:+($debian_chroot)}\[\033[01;32m\]\u@\h\[\033[00m\]:\[\033[01;34m\]\w\[\033[00m\]\$ PYTHONPATH=/home/ubuntu/cbr-2024/drone_104/build/mavlink_pkg/prefix_override:/home/ubuntu/cbr-2024/drone_104/install/mavlink_pkg/lib/python3.10/site-packages:${PYTHONPATH} /usr/bin/python3 -W ignore:setup.py install is deprecated setup.py develop --editable --build-directory /home/ubuntu/cbr-2024/drone_104/build/mavlink_pkg/build --no-deps symlink_data --force
[5.762s] Level 1:colcon.colcon_core.shell:create_environment_hook('mavlink_pkg', 'pythonpath_develop')
[5.763s] INFO:colcon.colcon_core.shell:Creating environment hook '/home/ubuntu/cbr-2024/drone_104/build/mavlink_pkg/share/mavlink_pkg/hook/pythonpath_develop.ps1'
[5.765s] DEBUG:colcon.colcon_core.event_handler.log_command:Invoked command in '/home/ubuntu/cbr-2024/drone_104/build/mavlink_pkg' returned '0': PS1=\[\e]0;\u@\h: \w\a\]${debian_chroot:+($debian_chroot)}\[\033[01;32m\]\u@\h\[\033[00m\]:\[\033[01;34m\]\w\[\033[00m\]\$ PYTHONPATH=/home/ubuntu/cbr-2024/drone_104/build/mavlink_pkg/prefix_override:/home/ubuntu/cbr-2024/drone_104/install/mavlink_pkg/lib/python3.10/site-packages:${PYTHONPATH} /usr/bin/python3 -W ignore:setup.py install is deprecated setup.py develop --editable --build-directory /home/ubuntu/cbr-2024/drone_104/build/mavlink_pkg/build --no-deps symlink_data --force
[5.767s] INFO:colcon.colcon_core.shell:Creating environment descriptor '/home/ubuntu/cbr-2024/drone_104/build/mavlink_pkg/share/mavlink_pkg/hook/pythonpath_develop.dsv'
[5.769s] INFO:colcon.colcon_core.shell:Creating environment hook '/home/ubuntu/cbr-2024/drone_104/build/mavlink_pkg/share/mavlink_pkg/hook/pythonpath_develop.sh'
[5.821s] Level 1:colcon.colcon_core.environment:checking '/home/ubuntu/cbr-2024/drone_104/install/mavlink_pkg' for CMake module files
[5.823s] Level 1:colcon.colcon_core.environment:checking '/home/ubuntu/cbr-2024/drone_104/install/mavlink_pkg' for CMake config files
[5.827s] Level 1:colcon.colcon_core.environment:checking '/home/ubuntu/cbr-2024/drone_104/install/mavlink_pkg/lib'
[5.828s] Level 1:colcon.colcon_core.environment:checking '/home/ubuntu/cbr-2024/drone_104/install/mavlink_pkg/bin'
[5.828s] Level 1:colcon.colcon_core.environment:checking '/home/ubuntu/cbr-2024/drone_104/install/mavlink_pkg/lib/pkgconfig/mavlink_pkg.pc'
[5.829s] Level 1:colcon.colcon_core.environment:checking '/home/ubuntu/cbr-2024/drone_104/install/mavlink_pkg/lib/python3.10/site-packages'
[5.829s] Level 1:colcon.colcon_core.shell:create_environment_hook('mavlink_pkg', 'pythonpath')
[5.830s] INFO:colcon.colcon_core.shell:Creating environment hook '/home/ubuntu/cbr-2024/drone_104/install/mavlink_pkg/share/mavlink_pkg/hook/pythonpath.ps1'
[5.833s] INFO:colcon.colcon_core.shell:Creating environment descriptor '/home/ubuntu/cbr-2024/drone_104/install/mavlink_pkg/share/mavlink_pkg/hook/pythonpath.dsv'
[5.834s] INFO:colcon.colcon_core.shell:Creating environment hook '/home/ubuntu/cbr-2024/drone_104/install/mavlink_pkg/share/mavlink_pkg/hook/pythonpath.sh'
[5.837s] Level 1:colcon.colcon_core.environment:checking '/home/ubuntu/cbr-2024/drone_104/install/mavlink_pkg/bin'
[5.838s] Level 1:colcon.colcon_core.environment:create_environment_scripts_only(mavlink_pkg)
[5.839s] INFO:colcon.colcon_core.shell:Creating package script '/home/ubuntu/cbr-2024/drone_104/install/mavlink_pkg/share/mavlink_pkg/package.ps1'
[5.843s] INFO:colcon.colcon_core.shell:Creating package descriptor '/home/ubuntu/cbr-2024/drone_104/install/mavlink_pkg/share/mavlink_pkg/package.dsv'
[5.846s] INFO:colcon.colcon_core.shell:Creating package script '/home/ubuntu/cbr-2024/drone_104/install/mavlink_pkg/share/mavlink_pkg/package.sh'
[5.850s] INFO:colcon.colcon_core.shell:Creating package script '/home/ubuntu/cbr-2024/drone_104/install/mavlink_pkg/share/mavlink_pkg/package.bash'
[5.854s] INFO:colcon.colcon_core.shell:Creating package script '/home/ubuntu/cbr-2024/drone_104/install/mavlink_pkg/share/mavlink_pkg/package.zsh'
[5.857s] Level 1:colcon.colcon_core.environment:create_file_with_runtime_dependencies(/home/ubuntu/cbr-2024/drone_104/install/mavlink_pkg/share/colcon-core/packages/mavlink_pkg)
[5.858s] DEBUG:colcon.colcon_parallel_executor.executor.parallel:closing loop
[5.859s] DEBUG:colcon.colcon_parallel_executor.executor.parallel:loop closed
[5.860s] DEBUG:colcon.colcon_parallel_executor.executor.parallel:run_until_complete finished with '0'
[5.860s] DEBUG:colcon.colcon_core.event_reactor:joining thread
[5.882s] INFO:colcon.colcon_core.plugin_system:Skipping extension 'colcon_notification.desktop_notification.terminal_notifier': Not used on non-Darwin systems
[5.882s] INFO:colcon.colcon_core.plugin_system:Skipping extension 'colcon_notification.desktop_notification.win32': Not used on non-Windows systems
[5.882s] INFO:colcon.colcon_notification.desktop_notification:Sending desktop notification using 'notify2'
[5.885s] DEBUG:colcon.colcon_notification.desktop_notification.notify2:Failed to initialize notify2: org.freedesktop.DBus.Error.ServiceUnknown: The name org.freedesktop.Notifications was not provided by any .service files
[5.885s] DEBUG:colcon.colcon_core.event_reactor:joined thread
[5.886s] INFO:colcon.colcon_core.shell:Creating prefix script '/home/ubuntu/cbr-2024/drone_104/install/local_setup.ps1'
[5.890s] INFO:colcon.colcon_core.shell:Creating prefix util module '/home/ubuntu/cbr-2024/drone_104/install/_local_setup_util_ps1.py'
[5.896s] INFO:colcon.colcon_core.shell:Creating prefix chain script '/home/ubuntu/cbr-2024/drone_104/install/setup.ps1'
[5.901s] INFO:colcon.colcon_core.shell:Creating prefix script '/home/ubuntu/cbr-2024/drone_104/install/local_setup.sh'
[5.904s] INFO:colcon.colcon_core.shell:Creating prefix util module '/home/ubuntu/cbr-2024/drone_104/install/_local_setup_util_sh.py'
[5.907s] INFO:colcon.colcon_core.shell:Creating prefix chain script '/home/ubuntu/cbr-2024/drone_104/install/setup.sh'
[5.911s] INFO:colcon.colcon_core.shell:Creating prefix script '/home/ubuntu/cbr-2024/drone_104/install/local_setup.bash'
[5.913s] INFO:colcon.colcon_core.shell:Creating prefix chain script '/home/ubuntu/cbr-2024/drone_104/install/setup.bash'
[5.919s] INFO:colcon.colcon_core.shell:Creating prefix script '/home/ubuntu/cbr-2024/drone_104/install/local_setup.zsh'
[5.921s] INFO:colcon.colcon_core.shell:Creating prefix chain script '/home/ubuntu/cbr-2024/drone_104/install/setup.zsh'
