[0.123s] DEBUG:colcon:Command line arguments: ['/usr/bin/colcon', 'build']
[0.123s] DEBUG:colcon:Parsed command line arguments: Namespace(log_base=None, log_level=None, verb_name='build', build_base='build', install_base='install', merge_install=False, symlink_install=False, test_result_base=None, continue_on_error=False, executor='parallel', parallel_workers=4, event_handlers=None, ignore_user_meta=False, metas=['./colcon.meta'], base_paths=['.'], packages_ignore=None, packages_ignore_regex=None, paths=None, packages_up_to=None, packages_up_to_regex=None, packages_above=None, packages_above_and_dependencies=None, packages_above_depth=None, packages_select_by_dep=None, packages_skip_by_dep=None, packages_skip_up_to=None, packages_select_build_failed=False, packages_skip_build_finished=False, packages_select_test_failures=False, packages_skip_test_passed=False, packages_select=None, packages_skip=None, packages_select_regex=None, packages_skip_regex=None, packages_start=None, packages_end=None, allow_overriding=[], cmake_args=None, cmake_target=None, cmake_target_skip_unavailable=False, cmake_clean_cache=False, cmake_clean_first=False, cmake_force_configure=False, ament_cmake_args=None, catkin_cmake_args=None, catkin_skip_building_tests=False, mixin_files=None, mixin=None, verb_parser=<colcon_mixin.mixin.mixin_argument.MixinArgumentDecorator object at 0x767104c33340>, verb_extension=<colcon_core.verb.build.BuildVerb object at 0x767104c32470>, main=<bound method BuildVerb.main of <colcon_core.verb.build.BuildVerb object at 0x767104c32470>>, mixin_verb=('build',))
[0.328s] Level 1:colcon.colcon_core.package_discovery:discover_packages(colcon_meta) check parameters
[0.328s] Level 1:colcon.colcon_core.package_discovery:discover_packages(recursive) check parameters
[0.329s] Level 1:colcon.colcon_core.package_discovery:discover_packages(ignore) check parameters
[0.329s] Level 1:colcon.colcon_core.package_discovery:discover_packages(path) check parameters
[0.329s] Level 1:colcon.colcon_core.package_discovery:discover_packages(colcon_meta) discover
[0.329s] Level 1:colcon.colcon_core.package_discovery:discover_packages(recursive) discover
[0.329s] INFO:colcon.colcon_core.package_discovery:Crawling recursively for packages in '/home/deltahigh/cbr-2024/drone_104/src'
[0.329s] Level 1:colcon.colcon_core.package_identification:_identify(.) by extensions ['ignore', 'ignore_ament_install']
[0.330s] Level 1:colcon.colcon_core.package_identification:_identify(.) by extension 'ignore'
[0.330s] Level 1:colcon.colcon_core.package_identification:_identify(.) by extension 'ignore_ament_install'
[0.330s] Level 1:colcon.colcon_core.package_identification:_identify(.) by extensions ['colcon_pkg']
[0.330s] Level 1:colcon.colcon_core.package_identification:_identify(.) by extension 'colcon_pkg'
[0.330s] Level 1:colcon.colcon_core.package_identification:_identify(.) by extensions ['colcon_meta']
[0.330s] Level 1:colcon.colcon_core.package_identification:_identify(.) by extension 'colcon_meta'
[0.330s] Level 1:colcon.colcon_core.package_identification:_identify(.) by extensions ['ros']
[0.330s] Level 1:colcon.colcon_core.package_identification:_identify(.) by extension 'ros'
[0.341s] Level 1:colcon.colcon_core.package_identification:_identify(.) by extensions ['cmake', 'python']
[0.341s] Level 1:colcon.colcon_core.package_identification:_identify(.) by extension 'cmake'
[0.341s] Level 1:colcon.colcon_core.package_identification:_identify(.) by extension 'python'
[0.342s] Level 1:colcon.colcon_core.package_identification:_identify(.) by extensions ['python_setup_py']
[0.342s] Level 1:colcon.colcon_core.package_identification:_identify(.) by extension 'python_setup_py'
[0.342s] Level 1:colcon.colcon_core.package_identification:_identify(build) by extensions ['ignore', 'ignore_ament_install']
[0.342s] Level 1:colcon.colcon_core.package_identification:_identify(build) by extension 'ignore'
[0.342s] Level 1:colcon.colcon_core.package_identification:_identify(build) ignored
[0.343s] Level 1:colcon.colcon_core.package_identification:_identify(camera_pkg) by extensions ['ignore', 'ignore_ament_install']
[0.343s] Level 1:colcon.colcon_core.package_identification:_identify(camera_pkg) by extension 'ignore'
[0.343s] Level 1:colcon.colcon_core.package_identification:_identify(camera_pkg) by extension 'ignore_ament_install'
[0.343s] Level 1:colcon.colcon_core.package_identification:_identify(camera_pkg) by extensions ['colcon_pkg']
[0.343s] Level 1:colcon.colcon_core.package_identification:_identify(camera_pkg) by extension 'colcon_pkg'
[0.343s] Level 1:colcon.colcon_core.package_identification:_identify(camera_pkg) by extensions ['colcon_meta']
[0.343s] Level 1:colcon.colcon_core.package_identification:_identify(camera_pkg) by extension 'colcon_meta'
[0.344s] Level 1:colcon.colcon_core.package_identification:_identify(camera_pkg) by extensions ['ros']
[0.344s] Level 1:colcon.colcon_core.package_identification:_identify(camera_pkg) by extension 'ros'
[0.344s] Level 1:colcon.colcon_core.package_identification:_identify(camera_pkg) by extensions ['cmake', 'python']
[0.344s] Level 1:colcon.colcon_core.package_identification:_identify(camera_pkg) by extension 'cmake'
[0.344s] Level 1:colcon.colcon_core.package_identification:_identify(camera_pkg) by extension 'python'
[0.344s] Level 1:colcon.colcon_core.package_identification:_identify(camera_pkg) by extensions ['python_setup_py']
[0.344s] Level 1:colcon.colcon_core.package_identification:_identify(camera_pkg) by extension 'python_setup_py'
[0.345s] Level 1:colcon.colcon_core.package_identification:_identify(camera_pkg/__pycache__) by extensions ['ignore', 'ignore_ament_install']
[0.345s] Level 1:colcon.colcon_core.package_identification:_identify(camera_pkg/__pycache__) by extension 'ignore'
[0.345s] Level 1:colcon.colcon_core.package_identification:_identify(camera_pkg/__pycache__) by extension 'ignore_ament_install'
[0.345s] Level 1:colcon.colcon_core.package_identification:_identify(camera_pkg/__pycache__) by extensions ['colcon_pkg']
[0.345s] Level 1:colcon.colcon_core.package_identification:_identify(camera_pkg/__pycache__) by extension 'colcon_pkg'
[0.345s] Level 1:colcon.colcon_core.package_identification:_identify(camera_pkg/__pycache__) by extensions ['colcon_meta']
[0.345s] Level 1:colcon.colcon_core.package_identification:_identify(camera_pkg/__pycache__) by extension 'colcon_meta'
[0.346s] Level 1:colcon.colcon_core.package_identification:_identify(camera_pkg/__pycache__) by extensions ['ros']
[0.346s] Level 1:colcon.colcon_core.package_identification:_identify(camera_pkg/__pycache__) by extension 'ros'
[0.346s] Level 1:colcon.colcon_core.package_identification:_identify(camera_pkg/__pycache__) by extensions ['cmake', 'python']
[0.346s] Level 1:colcon.colcon_core.package_identification:_identify(camera_pkg/__pycache__) by extension 'cmake'
[0.346s] Level 1:colcon.colcon_core.package_identification:_identify(camera_pkg/__pycache__) by extension 'python'
[0.346s] Level 1:colcon.colcon_core.package_identification:_identify(camera_pkg/__pycache__) by extensions ['python_setup_py']
[0.346s] Level 1:colcon.colcon_core.package_identification:_identify(camera_pkg/__pycache__) by extension 'python_setup_py'
[0.347s] Level 1:colcon.colcon_core.package_identification:_identify(install) by extensions ['ignore', 'ignore_ament_install']
[0.347s] Level 1:colcon.colcon_core.package_identification:_identify(install) by extension 'ignore'
[0.347s] Level 1:colcon.colcon_core.package_identification:_identify(install) ignored
[0.347s] Level 1:colcon.colcon_core.package_identification:_identify(log) by extensions ['ignore', 'ignore_ament_install']
[0.347s] Level 1:colcon.colcon_core.package_identification:_identify(log) by extension 'ignore'
[0.347s] Level 1:colcon.colcon_core.package_identification:_identify(log) ignored
[0.348s] Level 1:colcon.colcon_core.package_identification:_identify(mavlink_pkg) by extensions ['ignore', 'ignore_ament_install']
[0.348s] Level 1:colcon.colcon_core.package_identification:_identify(mavlink_pkg) by extension 'ignore'
[0.348s] Level 1:colcon.colcon_core.package_identification:_identify(mavlink_pkg) by extension 'ignore_ament_install'
[0.348s] Level 1:colcon.colcon_core.package_identification:_identify(mavlink_pkg) by extensions ['colcon_pkg']
[0.348s] Level 1:colcon.colcon_core.package_identification:_identify(mavlink_pkg) by extension 'colcon_pkg'
[0.348s] Level 1:colcon.colcon_core.package_identification:_identify(mavlink_pkg) by extensions ['colcon_meta']
[0.349s] Level 1:colcon.colcon_core.package_identification:_identify(mavlink_pkg) by extension 'colcon_meta'
[0.349s] Level 1:colcon.colcon_core.package_identification:_identify(mavlink_pkg) by extensions ['ros']
[0.349s] Level 1:colcon.colcon_core.package_identification:_identify(mavlink_pkg) by extension 'ros'
[0.351s] DEBUG:colcon.colcon_core.package_identification:Package 'mavlink_pkg' with type 'ros.ament_python' and name 'mavlink_pkg'
[0.351s] Level 1:colcon.colcon_core.package_discovery:discover_packages(recursive) using defaults
[0.351s] Level 1:colcon.colcon_core.package_discovery:discover_packages(ignore) discover
[0.352s] Level 1:colcon.colcon_core.package_discovery:discover_packages(ignore) using defaults
[0.352s] Level 1:colcon.colcon_core.package_discovery:discover_packages(path) discover
[0.352s] Level 1:colcon.colcon_core.package_discovery:discover_packages(path) using defaults
[0.383s] Level 1:colcon.colcon_core.package_discovery:discover_packages(prefix_path) check parameters
[0.383s] Level 1:colcon.colcon_core.package_discovery:discover_packages(prefix_path) discover
[0.385s] DEBUG:colcon.colcon_installed_package_information.package_discovery:Found 1 installed packages in /home/deltahigh/cbr-2024/drone_104/install
[0.388s] DEBUG:colcon.colcon_installed_package_information.package_discovery:Found 387 installed packages in /opt/ros/humble
[0.391s] Level 1:colcon.colcon_core.package_discovery:discover_packages(prefix_path) using defaults
[0.441s] Level 5:colcon.colcon_core.verb:set package 'mavlink_pkg' build argument 'cmake_args' from command line to 'None'
[0.441s] Level 5:colcon.colcon_core.verb:set package 'mavlink_pkg' build argument 'cmake_target' from command line to 'None'
[0.441s] Level 5:colcon.colcon_core.verb:set package 'mavlink_pkg' build argument 'cmake_target_skip_unavailable' from command line to 'False'
[0.441s] Level 5:colcon.colcon_core.verb:set package 'mavlink_pkg' build argument 'cmake_clean_cache' from command line to 'False'
[0.441s] Level 5:colcon.colcon_core.verb:set package 'mavlink_pkg' build argument 'cmake_clean_first' from command line to 'False'
[0.442s] Level 5:colcon.colcon_core.verb:set package 'mavlink_pkg' build argument 'cmake_force_configure' from command line to 'False'
[0.442s] Level 5:colcon.colcon_core.verb:set package 'mavlink_pkg' build argument 'ament_cmake_args' from command line to 'None'
[0.442s] Level 5:colcon.colcon_core.verb:set package 'mavlink_pkg' build argument 'catkin_cmake_args' from command line to 'None'
[0.442s] Level 5:colcon.colcon_core.verb:set package 'mavlink_pkg' build argument 'catkin_skip_building_tests' from command line to 'False'
[0.442s] DEBUG:colcon.colcon_core.verb:Building package 'mavlink_pkg' with the following arguments: {'ament_cmake_args': None, 'build_base': '/home/deltahigh/cbr-2024/drone_104/src/build/mavlink_pkg', 'catkin_cmake_args': None, 'catkin_skip_building_tests': False, 'cmake_args': None, 'cmake_clean_cache': False, 'cmake_clean_first': False, 'cmake_force_configure': False, 'cmake_target': None, 'cmake_target_skip_unavailable': False, 'install_base': '/home/deltahigh/cbr-2024/drone_104/src/install/mavlink_pkg', 'merge_install': False, 'path': '/home/deltahigh/cbr-2024/drone_104/src/mavlink_pkg', 'symlink_install': False, 'test_result_base': None}
[0.442s] INFO:colcon.colcon_core.executor:Executing jobs using 'parallel' executor
[0.443s] DEBUG:colcon.colcon_parallel_executor.executor.parallel:run_until_complete
[0.443s] INFO:colcon.colcon_ros.task.ament_python.build:Building ROS package in '/home/deltahigh/cbr-2024/drone_104/src/mavlink_pkg' with build type 'ament_python'
[0.444s] Level 1:colcon.colcon_core.shell:create_environment_hook('mavlink_pkg', 'ament_prefix_path')
[0.445s] INFO:colcon.colcon_core.plugin_system:Skipping extension 'colcon_core.shell.bat': Not used on non-Windows systems
[0.446s] INFO:colcon.colcon_core.shell:Creating environment hook '/home/deltahigh/cbr-2024/drone_104/src/install/mavlink_pkg/share/mavlink_pkg/hook/ament_prefix_path.ps1'
[0.447s] INFO:colcon.colcon_core.shell:Creating environment descriptor '/home/deltahigh/cbr-2024/drone_104/src/install/mavlink_pkg/share/mavlink_pkg/hook/ament_prefix_path.dsv'
[0.448s] INFO:colcon.colcon_core.shell:Creating environment hook '/home/deltahigh/cbr-2024/drone_104/src/install/mavlink_pkg/share/mavlink_pkg/hook/ament_prefix_path.sh'
[0.449s] INFO:colcon.colcon_core.shell:Skip shell extension 'powershell' for command environment: Not usable outside of PowerShell
[0.449s] DEBUG:colcon.colcon_core.shell:Skip shell extension 'dsv' for command environment
[0.779s] INFO:colcon.colcon_core.task.python.build:Building Python package in '/home/deltahigh/cbr-2024/drone_104/src/mavlink_pkg'
[0.780s] INFO:colcon.colcon_core.shell:Skip shell extension 'powershell' for command environment: Not usable outside of PowerShell
[0.780s] DEBUG:colcon.colcon_core.shell:Skip shell extension 'dsv' for command environment
[1.190s] DEBUG:colcon.colcon_core.event_handler.log_command:Invoking command in '/home/deltahigh/cbr-2024/drone_104/src/mavlink_pkg': PYTHONPATH=/home/deltahigh/cbr-2024/drone_104/src/build/mavlink_pkg/prefix_override:/home/deltahigh/cbr-2024/drone_104/src/install/mavlink_pkg/lib/python3.10/site-packages:${PYTHONPATH} /usr/bin/python3 -W ignore:setup.py install is deprecated setup.py egg_info --egg-base ../build/mavlink_pkg build --build-base /home/deltahigh/cbr-2024/drone_104/src/build/mavlink_pkg/build install --record /home/deltahigh/cbr-2024/drone_104/src/build/mavlink_pkg/install.log --single-version-externally-managed install_data
[1.575s] DEBUG:colcon.colcon_core.event_handler.log_command:Invoked command in '/home/deltahigh/cbr-2024/drone_104/src/mavlink_pkg' returned '0': PYTHONPATH=/home/deltahigh/cbr-2024/drone_104/src/build/mavlink_pkg/prefix_override:/home/deltahigh/cbr-2024/drone_104/src/install/mavlink_pkg/lib/python3.10/site-packages:${PYTHONPATH} /usr/bin/python3 -W ignore:setup.py install is deprecated setup.py egg_info --egg-base ../build/mavlink_pkg build --build-base /home/deltahigh/cbr-2024/drone_104/src/build/mavlink_pkg/build install --record /home/deltahigh/cbr-2024/drone_104/src/build/mavlink_pkg/install.log --single-version-externally-managed install_data
[1.586s] Level 1:colcon.colcon_core.environment:checking '/home/deltahigh/cbr-2024/drone_104/src/install/mavlink_pkg' for CMake module files
[1.587s] Level 1:colcon.colcon_core.environment:checking '/home/deltahigh/cbr-2024/drone_104/src/install/mavlink_pkg' for CMake config files
[1.588s] Level 1:colcon.colcon_core.environment:checking '/home/deltahigh/cbr-2024/drone_104/src/install/mavlink_pkg/lib'
[1.588s] Level 1:colcon.colcon_core.environment:checking '/home/deltahigh/cbr-2024/drone_104/src/install/mavlink_pkg/bin'
[1.588s] Level 1:colcon.colcon_core.environment:checking '/home/deltahigh/cbr-2024/drone_104/src/install/mavlink_pkg/lib/pkgconfig/mavlink_pkg.pc'
[1.588s] Level 1:colcon.colcon_core.environment:checking '/home/deltahigh/cbr-2024/drone_104/src/install/mavlink_pkg/lib/python3.10/site-packages'
[1.589s] Level 1:colcon.colcon_core.shell:create_environment_hook('mavlink_pkg', 'pythonpath')
[1.589s] INFO:colcon.colcon_core.shell:Creating environment hook '/home/deltahigh/cbr-2024/drone_104/src/install/mavlink_pkg/share/mavlink_pkg/hook/pythonpath.ps1'
[1.589s] INFO:colcon.colcon_core.shell:Creating environment descriptor '/home/deltahigh/cbr-2024/drone_104/src/install/mavlink_pkg/share/mavlink_pkg/hook/pythonpath.dsv'
[1.590s] INFO:colcon.colcon_core.shell:Creating environment hook '/home/deltahigh/cbr-2024/drone_104/src/install/mavlink_pkg/share/mavlink_pkg/hook/pythonpath.sh'
[1.590s] Level 1:colcon.colcon_core.environment:checking '/home/deltahigh/cbr-2024/drone_104/src/install/mavlink_pkg/bin'
[1.590s] Level 1:colcon.colcon_core.environment:create_environment_scripts_only(mavlink_pkg)
[1.591s] INFO:colcon.colcon_core.shell:Creating package script '/home/deltahigh/cbr-2024/drone_104/src/install/mavlink_pkg/share/mavlink_pkg/package.ps1'
[1.593s] INFO:colcon.colcon_core.shell:Creating package descriptor '/home/deltahigh/cbr-2024/drone_104/src/install/mavlink_pkg/share/mavlink_pkg/package.dsv'
[1.594s] INFO:colcon.colcon_core.shell:Creating package script '/home/deltahigh/cbr-2024/drone_104/src/install/mavlink_pkg/share/mavlink_pkg/package.sh'
[1.595s] INFO:colcon.colcon_core.shell:Creating package script '/home/deltahigh/cbr-2024/drone_104/src/install/mavlink_pkg/share/mavlink_pkg/package.bash'
[1.597s] INFO:colcon.colcon_core.shell:Creating package script '/home/deltahigh/cbr-2024/drone_104/src/install/mavlink_pkg/share/mavlink_pkg/package.zsh'
[1.598s] Level 1:colcon.colcon_core.environment:create_file_with_runtime_dependencies(/home/deltahigh/cbr-2024/drone_104/src/install/mavlink_pkg/share/colcon-core/packages/mavlink_pkg)
[1.598s] DEBUG:colcon.colcon_parallel_executor.executor.parallel:closing loop
[1.599s] DEBUG:colcon.colcon_parallel_executor.executor.parallel:loop closed
[1.599s] DEBUG:colcon.colcon_parallel_executor.executor.parallel:run_until_complete finished with '0'
[1.599s] DEBUG:colcon.colcon_core.event_reactor:joining thread
[1.604s] INFO:colcon.colcon_core.plugin_system:Skipping extension 'colcon_notification.desktop_notification.terminal_notifier': Not used on non-Darwin systems
[1.613s] INFO:colcon.colcon_core.plugin_system:Skipping extension 'colcon_notification.desktop_notification.win32': Not used on non-Windows systems
[1.613s] INFO:colcon.colcon_notification.desktop_notification:Sending desktop notification using 'notify2'
[1.633s] DEBUG:colcon.colcon_core.event_reactor:joined thread
[1.634s] INFO:colcon.colcon_core.shell:Creating prefix script '/home/deltahigh/cbr-2024/drone_104/src/install/local_setup.ps1'
[1.635s] INFO:colcon.colcon_core.shell:Creating prefix util module '/home/deltahigh/cbr-2024/drone_104/src/install/_local_setup_util_ps1.py'
[1.637s] INFO:colcon.colcon_core.shell:Creating prefix chain script '/home/deltahigh/cbr-2024/drone_104/src/install/setup.ps1'
[1.637s] INFO:colcon.colcon_core.shell:Creating prefix script '/home/deltahigh/cbr-2024/drone_104/src/install/local_setup.sh'
[1.638s] INFO:colcon.colcon_core.shell:Creating prefix util module '/home/deltahigh/cbr-2024/drone_104/src/install/_local_setup_util_sh.py'
[1.638s] INFO:colcon.colcon_core.shell:Creating prefix chain script '/home/deltahigh/cbr-2024/drone_104/src/install/setup.sh'
[1.639s] INFO:colcon.colcon_core.shell:Creating prefix script '/home/deltahigh/cbr-2024/drone_104/src/install/local_setup.bash'
[1.639s] INFO:colcon.colcon_core.shell:Creating prefix chain script '/home/deltahigh/cbr-2024/drone_104/src/install/setup.bash'
[1.640s] INFO:colcon.colcon_core.shell:Creating prefix script '/home/deltahigh/cbr-2024/drone_104/src/install/local_setup.zsh'
[1.640s] INFO:colcon.colcon_core.shell:Creating prefix chain script '/home/deltahigh/cbr-2024/drone_104/src/install/setup.zsh'
