[0.019s] Invoking command in '/home/deltahigh/ldrobot-lidar-ros2/build/ldlidar_component': CMAKE_PREFIX_PATH=${CMAKE_PREFIX_PATH}:/home/deltahigh/cbr-2024/cbr-2024/drone_108/install/mavlink_pkg:/home/deltahigh/cbr-2024/cbr-2024/drone_108/install/face_tracking:/home/deltahigh/cbr-2024/cbr-2024/drone_108/install/camera_test:/opt/ros/humble /usr/bin/cmake /home/deltahigh/ldrobot-lidar-ros2/ldlidar_component -DCMAKE_INSTALL_PREFIX=/home/deltahigh/ldrobot-lidar-ros2/install/ldlidar_component
[0.439s] -- The C compiler identification is GNU 11.4.0
[0.718s] -- The CXX compiler identification is GNU 11.4.0
[0.731s] -- Detecting C compiler ABI info
[0.866s] -- Detecting C compiler ABI info - done
[0.874s] -- Check for working C compiler: /usr/bin/cc - skipped
[0.877s] -- Detecting C compile features
[0.878s] -- Detecting C compile features - done
[0.881s] -- Detecting CXX compiler ABI info
[1.042s] -- Detecting CXX compiler ABI info - done
[1.051s] -- Check for working CXX compiler: /usr/bin/c++ - skipped
[1.052s] -- Detecting CXX compile features
[1.052s] -- Detecting CXX compile features - done
[1.054s] --  * Release Mode
[1.054s] -- * Found ROS2 humble
[1.054s] -- * ROS2 humble is officially supported by this package.
[1.073s] -- Found ament_cmake: 1.3.9 (/opt/ros/humble/share/ament_cmake/cmake)
[1.291s] -- Found Python3: /usr/bin/python3 (found version "3.10.12") found components: Interpreter 
[1.412s] -- Found rclcpp_lifecycle: 16.0.9 (/opt/ros/humble/share/rclcpp_lifecycle/cmake)
[1.504s] -- Found rosidl_generator_c: 3.1.5 (/opt/ros/humble/share/rosidl_generator_c/cmake)
[1.513s] -- Found rosidl_adapter: 3.1.5 (/opt/ros/humble/share/rosidl_adapter/cmake)
[1.524s] -- Found rosidl_generator_cpp: 3.1.5 (/opt/ros/humble/share/rosidl_generator_cpp/cmake)
[1.556s] -- Using all available rosidl_typesupport_c: rosidl_typesupport_fastrtps_c;rosidl_typesupport_introspection_c
[1.584s] -- Using all available rosidl_typesupport_cpp: rosidl_typesupport_fastrtps_cpp;rosidl_typesupport_introspection_cpp
[1.693s] -- Found rmw_implementation_cmake: 6.1.2 (/opt/ros/humble/share/rmw_implementation_cmake/cmake)
[1.697s] -- Found rmw_cyclonedds_cpp: 1.3.4 (/opt/ros/humble/share/rmw_cyclonedds_cpp/cmake)
[1.741s] -- Using RMW implementation 'rmw_cyclonedds_cpp' as default
[1.760s] -- Looking for pthread.h
[1.902s] -- Looking for pthread.h - found
[1.907s] -- Performing Test CMAKE_HAVE_LIBC_PTHREAD
[2.041s] -- Performing Test CMAKE_HAVE_LIBC_PTHREAD - Success
[2.042s] -- Found Threads: TRUE  
[2.286s] -- Found rclcpp_components: 16.0.9 (/opt/ros/humble/share/rclcpp_components/cmake)
[2.383s] -- Found nav2_util: 1.1.14 (/opt/ros/humble/share/nav2_util/cmake)
[3.272s] -- Found eigen3_cmake_module: 0.1.1 (/opt/ros/humble/share/eigen3_cmake_module/cmake)
[3.274s] -- Found Eigen3: TRUE (found version "3.4.0") 
[3.274s] -- Ensuring Eigen3 include directory is part of orocos-kdl CMake target
[3.536s] -- Found sensor_msgs: 4.2.3 (/opt/ros/humble/share/sensor_msgs/cmake)
[3.662s] -- Found diagnostic_msgs: 4.2.3 (/opt/ros/humble/share/diagnostic_msgs/cmake)
[3.721s] -- Found diagnostic_updater: 3.1.2 (/opt/ros/humble/share/diagnostic_updater/cmake)
[4.448s] -- Found ament_lint_auto: 0.12.11 (/opt/ros/humble/share/ament_lint_auto/cmake)
[4.559s] -- Added test 'copyright' to check source files copyright and LICENSE
[4.574s] -- Added test 'cppcheck' to perform static code analysis on C / C++ code
[4.575s] -- Configured cppcheck include dirs: /home/deltahigh/ldrobot-lidar-ros2/ldlidar_component/include;/home/deltahigh/ldrobot-lidar-ros2/ldlidar_component/tools/include;/home/deltahigh/ldrobot-lidar-ros2/ldlidar_component/component/include;/home/deltahigh/ldrobot-lidar-ros2/ldlidar_component/ldlidar_driver/include/core;/home/deltahigh/ldrobot-lidar-ros2/ldlidar_component/ldlidar_driver/include/dataprocess;/home/deltahigh/ldrobot-lidar-ros2/ldlidar_component/ldlidar_driver/include/filter;/home/deltahigh/ldrobot-lidar-ros2/ldlidar_component/ldlidar_driver/include/logger;/home/deltahigh/ldrobot-lidar-ros2/ldlidar_component/ldlidar_driver/include/networkcom;/home/deltahigh/ldrobot-lidar-ros2/ldlidar_component/ldlidar_driver/include/serialcom
[4.575s] -- Configured cppcheck exclude dirs and/or files: 
[4.578s] -- Added test 'cpplint' to check C / C++ code against the Google style
[4.578s] -- Configured cpplint exclude dirs and/or files: 
[4.579s] -- Added test 'lint_cmake' to check CMake code style
[4.583s] -- Added test 'uncrustify' to check C / C++ code style
[4.584s] -- Configured uncrustify additional arguments: 
[4.584s] -- Added test 'xmllint' to check XML markup files
[4.593s] -- Configuring done
[4.660s] -- Generating done
[4.661s] -- Build files have been written to: /home/deltahigh/ldrobot-lidar-ros2/build/ldlidar_component
[4.697s] Invoked command in '/home/deltahigh/ldrobot-lidar-ros2/build/ldlidar_component' returned '0': CMAKE_PREFIX_PATH=${CMAKE_PREFIX_PATH}:/home/deltahigh/cbr-2024/cbr-2024/drone_108/install/mavlink_pkg:/home/deltahigh/cbr-2024/cbr-2024/drone_108/install/face_tracking:/home/deltahigh/cbr-2024/cbr-2024/drone_108/install/camera_test:/opt/ros/humble /usr/bin/cmake /home/deltahigh/ldrobot-lidar-ros2/ldlidar_component -DCMAKE_INSTALL_PREFIX=/home/deltahigh/ldrobot-lidar-ros2/install/ldlidar_component
[4.698s] Invoking command in '/home/deltahigh/ldrobot-lidar-ros2/build/ldlidar_component': CMAKE_PREFIX_PATH=${CMAKE_PREFIX_PATH}:/home/deltahigh/cbr-2024/cbr-2024/drone_108/install/mavlink_pkg:/home/deltahigh/cbr-2024/cbr-2024/drone_108/install/face_tracking:/home/deltahigh/cbr-2024/cbr-2024/drone_108/install/camera_test:/opt/ros/humble /usr/bin/cmake --build /home/deltahigh/ldrobot-lidar-ros2/build/ldlidar_component -- -j3 -l3
[4.795s] [ 30%] [32mBuilding CXX object ldlidar_driver/CMakeFiles/ldlidar.dir/src/core/ldlidar_driver.cpp.o[0m
[4.795s] [ 30%] [32mBuilding CXX object ldlidar_driver/CMakeFiles/ldlidar.dir/src/dataprocess/lipkg.cpp.o[0m
[4.795s] [ 30%] [32mBuilding CXX object ldlidar_driver/CMakeFiles/ldlidar.dir/src/filter/tofbf.cpp.o[0m
[5.812s] [ 40%] [32mBuilding CXX object ldlidar_driver/CMakeFiles/ldlidar.dir/src/logger/log_module.cpp.o[0m
[5.850s] [ 50%] [32mBuilding CXX object ldlidar_driver/CMakeFiles/ldlidar.dir/src/networkcom/network_socket_interface_linux.cpp.o[0m
[5.940s] [ 60%] [32mBuilding CXX object ldlidar_driver/CMakeFiles/ldlidar.dir/src/serialcom/serial_interface_linux.cpp.o[0m
[6.670s] [ 70%] [32m[1mLinking CXX static library libldlidar.a[0m
[6.774s] [ 70%] Built target ldlidar
[6.812s] [ 90%] [32mBuilding CXX object CMakeFiles/ldlidar_component.dir/tools/src/ldlidar_tools.cpp.o[0m
[6.812s] [ 90%] [32mBuilding CXX object CMakeFiles/ldlidar_component.dir/component/src/ldlidar_component.cpp.o[0m
[20.219s] [100%] [32m[1mLinking CXX shared library libldlidar_component.so[0m
[20.625s] [100%] Built target ldlidar_component
[20.653s] Invoked command in '/home/deltahigh/ldrobot-lidar-ros2/build/ldlidar_component' returned '0': CMAKE_PREFIX_PATH=${CMAKE_PREFIX_PATH}:/home/deltahigh/cbr-2024/cbr-2024/drone_108/install/mavlink_pkg:/home/deltahigh/cbr-2024/cbr-2024/drone_108/install/face_tracking:/home/deltahigh/cbr-2024/cbr-2024/drone_108/install/camera_test:/opt/ros/humble /usr/bin/cmake --build /home/deltahigh/ldrobot-lidar-ros2/build/ldlidar_component -- -j3 -l3
[20.831s] Invoking command in '/home/deltahigh/ldrobot-lidar-ros2/build/ldlidar_component': CMAKE_PREFIX_PATH=${CMAKE_PREFIX_PATH}:/home/deltahigh/cbr-2024/cbr-2024/drone_108/install/mavlink_pkg:/home/deltahigh/cbr-2024/cbr-2024/drone_108/install/face_tracking:/home/deltahigh/cbr-2024/cbr-2024/drone_108/install/camera_test:/opt/ros/humble /usr/bin/cmake --install /home/deltahigh/ldrobot-lidar-ros2/build/ldlidar_component
[20.844s] -- Install configuration: "Release"
[20.844s] -- Installing: /home/deltahigh/ldrobot-lidar-ros2/install/ldlidar_component/lib/libldlidar_component.so
[20.847s] -- Set runtime path of "/home/deltahigh/ldrobot-lidar-ros2/install/ldlidar_component/lib/libldlidar_component.so" to ""
[20.848s] -- Installing: /home/deltahigh/ldrobot-lidar-ros2/install/ldlidar_component/include/ldlidar_component/
[20.850s] -- Installing: /home/deltahigh/ldrobot-lidar-ros2/install/ldlidar_component/include/ldlidar_component//ldlidar_component.hpp
[20.851s] -- Installing: /home/deltahigh/ldrobot-lidar-ros2/install/ldlidar_component/include/ldlidar_component//defines.hpp
[20.851s] -- Up-to-date: /home/deltahigh/ldrobot-lidar-ros2/install/ldlidar_component/include/ldlidar_component/
[20.851s] -- Installing: /home/deltahigh/ldrobot-lidar-ros2/install/ldlidar_component/include/ldlidar_component//ldlidar_tools.hpp
[20.851s] -- Up-to-date: /home/deltahigh/ldrobot-lidar-ros2/install/ldlidar_component/include/ldlidar_component/
[20.851s] -- Installing: /home/deltahigh/ldrobot-lidar-ros2/install/ldlidar_component/include/ldlidar_component//visibility_control.hpp
[20.851s] -- Up-to-date: /home/deltahigh/ldrobot-lidar-ros2/install/ldlidar_component/include/ldlidar_component/
[20.852s] -- Installing: /home/deltahigh/ldrobot-lidar-ros2/install/ldlidar_component/include/ldlidar_component//ldlidar_datatype.h
[20.852s] -- Installing: /home/deltahigh/ldrobot-lidar-ros2/install/ldlidar_component/include/ldlidar_component//ldlidar_driver.h
[20.852s] -- Up-to-date: /home/deltahigh/ldrobot-lidar-ros2/install/ldlidar_component/include/ldlidar_component/
[20.852s] -- Installing: /home/deltahigh/ldrobot-lidar-ros2/install/ldlidar_component/include/ldlidar_component//lipkg.h
[20.853s] -- Up-to-date: /home/deltahigh/ldrobot-lidar-ros2/install/ldlidar_component/include/ldlidar_component/
[20.853s] -- Installing: /home/deltahigh/ldrobot-lidar-ros2/install/ldlidar_component/include/ldlidar_component//tofbf.h
[20.853s] -- Up-to-date: /home/deltahigh/ldrobot-lidar-ros2/install/ldlidar_component/include/ldlidar_component/
[20.853s] -- Installing: /home/deltahigh/ldrobot-lidar-ros2/install/ldlidar_component/include/ldlidar_component//log_module.h
[20.853s] -- Up-to-date: /home/deltahigh/ldrobot-lidar-ros2/install/ldlidar_component/include/ldlidar_component/
[20.853s] -- Installing: /home/deltahigh/ldrobot-lidar-ros2/install/ldlidar_component/include/ldlidar_component//network_socket_interface_linux.h
[20.854s] -- Up-to-date: /home/deltahigh/ldrobot-lidar-ros2/install/ldlidar_component/include/ldlidar_component/
[20.854s] -- Installing: /home/deltahigh/ldrobot-lidar-ros2/install/ldlidar_component/include/ldlidar_component//serial_interface_linux.h
[20.854s] -- Installing: /home/deltahigh/ldrobot-lidar-ros2/install/ldlidar_component/share/ldlidar_component/environment/library_path.sh
[20.854s] -- Installing: /home/deltahigh/ldrobot-lidar-ros2/install/ldlidar_component/share/ldlidar_component/environment/library_path.dsv
[20.854s] -- Installing: /home/deltahigh/ldrobot-lidar-ros2/install/ldlidar_component/share/ament_index/resource_index/package_run_dependencies/ldlidar_component
[20.854s] -- Installing: /home/deltahigh/ldrobot-lidar-ros2/install/ldlidar_component/share/ament_index/resource_index/parent_prefix_path/ldlidar_component
[20.854s] -- Installing: /home/deltahigh/ldrobot-lidar-ros2/install/ldlidar_component/share/ldlidar_component/environment/ament_prefix_path.sh
[20.854s] -- Installing: /home/deltahigh/ldrobot-lidar-ros2/install/ldlidar_component/share/ldlidar_component/environment/ament_prefix_path.dsv
[20.854s] -- Installing: /home/deltahigh/ldrobot-lidar-ros2/install/ldlidar_component/share/ldlidar_component/environment/path.sh
[20.855s] -- Installing: /home/deltahigh/ldrobot-lidar-ros2/install/ldlidar_component/share/ldlidar_component/environment/path.dsv
[20.855s] -- Installing: /home/deltahigh/ldrobot-lidar-ros2/install/ldlidar_component/share/ldlidar_component/local_setup.bash
[20.855s] -- Installing: /home/deltahigh/ldrobot-lidar-ros2/install/ldlidar_component/share/ldlidar_component/local_setup.sh
[20.855s] -- Installing: /home/deltahigh/ldrobot-lidar-ros2/install/ldlidar_component/share/ldlidar_component/local_setup.zsh
[20.855s] -- Installing: /home/deltahigh/ldrobot-lidar-ros2/install/ldlidar_component/share/ldlidar_component/local_setup.dsv
[20.855s] -- Installing: /home/deltahigh/ldrobot-lidar-ros2/install/ldlidar_component/share/ldlidar_component/package.dsv
[20.855s] -- Installing: /home/deltahigh/ldrobot-lidar-ros2/install/ldlidar_component/share/ament_index/resource_index/packages/ldlidar_component
[20.855s] -- Installing: /home/deltahigh/ldrobot-lidar-ros2/install/ldlidar_component/share/ament_index/resource_index/rclcpp_components/ldlidar_component
[20.856s] -- Installing: /home/deltahigh/ldrobot-lidar-ros2/install/ldlidar_component/share/ldlidar_component/cmake/ament_cmake_export_include_directories-extras.cmake
[20.856s] -- Installing: /home/deltahigh/ldrobot-lidar-ros2/install/ldlidar_component/share/ldlidar_component/cmake/ament_cmake_export_libraries-extras.cmake
[20.856s] -- Installing: /home/deltahigh/ldrobot-lidar-ros2/install/ldlidar_component/share/ldlidar_component/cmake/ament_cmake_export_dependencies-extras.cmake
[20.857s] -- Installing: /home/deltahigh/ldrobot-lidar-ros2/install/ldlidar_component/share/ldlidar_component/cmake/ldlidar_componentConfig.cmake
[20.857s] -- Installing: /home/deltahigh/ldrobot-lidar-ros2/install/ldlidar_component/share/ldlidar_component/cmake/ldlidar_componentConfig-version.cmake
[20.857s] -- Installing: /home/deltahigh/ldrobot-lidar-ros2/install/ldlidar_component/share/ldlidar_component/package.xml
[20.860s] Invoked command in '/home/deltahigh/ldrobot-lidar-ros2/build/ldlidar_component' returned '0': CMAKE_PREFIX_PATH=${CMAKE_PREFIX_PATH}:/home/deltahigh/cbr-2024/cbr-2024/drone_108/install/mavlink_pkg:/home/deltahigh/cbr-2024/cbr-2024/drone_108/install/face_tracking:/home/deltahigh/cbr-2024/cbr-2024/drone_108/install/camera_test:/opt/ros/humble /usr/bin/cmake --install /home/deltahigh/ldrobot-lidar-ros2/build/ldlidar_component
