[0.821s] Invoking command in '/home/deltahigh/ldrobot-lidar-ros2/ldlidar_node/src/my_tf2_listener': PYTHONPATH=/home/deltahigh/ldrobot-lidar-ros2/ldlidar_node/src/build/my_tf2_listener/prefix_override:/home/deltahigh/ldrobot-lidar-ros2/ldlidar_node/src/install/my_tf2_listener/lib/python3.10/site-packages:${PYTHONPATH} /usr/bin/python3 -W ignore:setup.py install is deprecated setup.py egg_info --egg-base ../build/my_tf2_listener build --build-base /home/deltahigh/ldrobot-lidar-ros2/ldlidar_node/src/build/my_tf2_listener/build install --record /home/deltahigh/ldrobot-lidar-ros2/ldlidar_node/src/build/my_tf2_listener/install.log --single-version-externally-managed install_data
[1.103s] running egg_info
[1.104s] writing ../build/my_tf2_listener/my_tf2_listener.egg-info/PKG-INFO
[1.106s] writing dependency_links to ../build/my_tf2_listener/my_tf2_listener.egg-info/dependency_links.txt
[1.107s] writing entry points to ../build/my_tf2_listener/my_tf2_listener.egg-info/entry_points.txt
[1.109s] writing requirements to ../build/my_tf2_listener/my_tf2_listener.egg-info/requires.txt
[1.109s] writing top-level names to ../build/my_tf2_listener/my_tf2_listener.egg-info/top_level.txt
[1.113s] reading manifest file '../build/my_tf2_listener/my_tf2_listener.egg-info/SOURCES.txt'
[1.129s] writing manifest file '../build/my_tf2_listener/my_tf2_listener.egg-info/SOURCES.txt'
[1.129s] running build
[1.129s] running build_py
[1.129s] copying my_tf2_listener/tf_send_odometry.py -> /home/deltahigh/ldrobot-lidar-ros2/ldlidar_node/src/build/my_tf2_listener/build/lib/my_tf2_listener
[1.130s] running install
[1.130s] running install_lib
[1.130s] copying /home/deltahigh/ldrobot-lidar-ros2/ldlidar_node/src/build/my_tf2_listener/build/lib/my_tf2_listener/tf_send_odometry.py -> /home/deltahigh/ldrobot-lidar-ros2/ldlidar_node/src/install/my_tf2_listener/lib/python3.10/site-packages/my_tf2_listener
[1.130s] byte-compiling /home/deltahigh/ldrobot-lidar-ros2/ldlidar_node/src/install/my_tf2_listener/lib/python3.10/site-packages/my_tf2_listener/tf_send_odometry.py to tf_send_odometry.cpython-310.pyc
[1.134s] running install_data
[1.134s] running install_egg_info
[1.137s] removing '/home/deltahigh/ldrobot-lidar-ros2/ldlidar_node/src/install/my_tf2_listener/lib/python3.10/site-packages/my_tf2_listener-0.0.0-py3.10.egg-info' (and everything under it)
[1.138s] Copying ../build/my_tf2_listener/my_tf2_listener.egg-info to /home/deltahigh/ldrobot-lidar-ros2/ldlidar_node/src/install/my_tf2_listener/lib/python3.10/site-packages/my_tf2_listener-0.0.0-py3.10.egg-info
[1.138s] running install_scripts
[1.162s] Installing tf2_listener script to /home/deltahigh/ldrobot-lidar-ros2/ldlidar_node/src/install/my_tf2_listener/lib/my_tf2_listener
[1.163s] Installing tf_send_odometry script to /home/deltahigh/ldrobot-lidar-ros2/ldlidar_node/src/install/my_tf2_listener/lib/my_tf2_listener
[1.163s] writing list of installed files to '/home/deltahigh/ldrobot-lidar-ros2/ldlidar_node/src/build/my_tf2_listener/install.log'
[1.196s] Invoked command in '/home/deltahigh/ldrobot-lidar-ros2/ldlidar_node/src/my_tf2_listener' returned '0': PYTHONPATH=/home/deltahigh/ldrobot-lidar-ros2/ldlidar_node/src/build/my_tf2_listener/prefix_override:/home/deltahigh/ldrobot-lidar-ros2/ldlidar_node/src/install/my_tf2_listener/lib/python3.10/site-packages:${PYTHONPATH} /usr/bin/python3 -W ignore:setup.py install is deprecated setup.py egg_info --egg-base ../build/my_tf2_listener build --build-base /home/deltahigh/ldrobot-lidar-ros2/ldlidar_node/src/build/my_tf2_listener/build install --record /home/deltahigh/ldrobot-lidar-ros2/ldlidar_node/src/build/my_tf2_listener/install.log --single-version-externally-managed install_data
