running egg_info
writing ../../build/mavlink_pkg/mavlink_pkg.egg-info/PKG-INFO
writing dependency_links to ../../build/mavlink_pkg/mavlink_pkg.egg-info/dependency_links.txt
writing entry points to ../../build/mavlink_pkg/mavlink_pkg.egg-info/entry_points.txt
writing requirements to ../../build/mavlink_pkg/mavlink_pkg.egg-info/requires.txt
writing top-level names to ../../build/mavlink_pkg/mavlink_pkg.egg-info/top_level.txt
reading manifest file '../../build/mavlink_pkg/mavlink_pkg.egg-info/SOURCES.txt'
adding license file 'LICENSE'
writing manifest file '../../build/mavlink_pkg/mavlink_pkg.egg-info/SOURCES.txt'
running build
running build_py
copying mavlink_pkg/drone_node.py -> /home/ubuntu/cbr-2024/drone_104/build/mavlink_pkg/build/lib/mavlink_pkg
running install
running install_lib
copying /home/ubuntu/cbr-2024/drone_104/build/mavlink_pkg/build/lib/mavlink_pkg/drone_node.py -> /home/ubuntu/cbr-2024/drone_104/install/mavlink_pkg/lib/python3.10/site-packages/mavlink_pkg
byte-compiling /home/ubuntu/cbr-2024/drone_104/install/mavlink_pkg/lib/python3.10/site-packages/mavlink_pkg/drone_node.py to drone_node.cpython-310.pyc
running install_data
running install_egg_info
removing '/home/ubuntu/cbr-2024/drone_104/install/mavlink_pkg/lib/python3.10/site-packages/mavlink_pkg-0.0.0-py3.10.egg-info' (and everything under it)
Copying ../../build/mavlink_pkg/mavlink_pkg.egg-info to /home/ubuntu/cbr-2024/drone_104/install/mavlink_pkg/lib/python3.10/site-packages/mavlink_pkg-0.0.0-py3.10.egg-info
running install_scripts
Installing drone_node script to /home/ubuntu/cbr-2024/drone_104/install/mavlink_pkg/lib/mavlink_pkg
writing list of installed files to '/home/ubuntu/cbr-2024/drone_104/build/mavlink_pkg/install.log'
