[0.982s] DEBUG:colcon:Command line arguments: ['/usr/local/bin/colcon', 'build', '--symlink-install', '--cmake-args=-DCMAKE_BUILD_TYPE=Release']
[0.982s] DEBUG:colcon:Parsed command line arguments: Namespace(log_base=None, log_level=None, verb_name='build', build_base='build', install_base='install', merge_install=False, symlink_install=True, test_result_base=None, continue_on_error=False, executor='parallel', parallel_workers=8, event_handlers=None, ignore_user_meta=False, metas=['./colcon.meta'], base_paths=['.'], packages_ignore=None, packages_ignore_regex=None, paths=None, packages_up_to=None, packages_up_to_regex=None, packages_above=None, packages_above_and_dependencies=None, packages_above_depth=None, packages_select_by_dep=None, packages_skip_by_dep=None, packages_skip_up_to=None, packages_select_build_failed=False, packages_skip_build_finished=False, packages_select_test_failures=False, packages_skip_test_passed=False, packages_select=None, packages_skip=None, packages_select_regex=None, packages_skip_regex=None, packages_start=None, packages_end=None, cmake_args=['-DCMAKE_BUILD_TYPE=Release'], cmake_target=None, cmake_target_skip_unavailable=False, cmake_clean_cache=False, cmake_clean_first=False, cmake_force_configure=False, ament_cmake_args=None, catkin_cmake_args=None, catkin_skip_building_tests=False, verb_parser=<colcon_defaults.argument_parser.defaults.DefaultArgumentsDecorator object at 0x747c7a1a7580>, verb_extension=<colcon_core.verb.build.BuildVerb object at 0x747c7a1a7100>, main=<bound method BuildVerb.main of <colcon_core.verb.build.BuildVerb object at 0x747c7a1a7100>>)
[1.036s] Level 1:colcon.colcon_core.package_discovery:discover_packages(colcon_meta) check parameters
[1.036s] Level 1:colcon.colcon_core.package_discovery:discover_packages(recursive) check parameters
[1.037s] Level 1:colcon.colcon_core.package_discovery:discover_packages(ignore) check parameters
[1.037s] Level 1:colcon.colcon_core.package_discovery:discover_packages(path) check parameters
[1.037s] Level 1:colcon.colcon_core.package_discovery:discover_packages(colcon_meta) discover
[1.037s] Level 1:colcon.colcon_core.package_discovery:discover_packages(recursive) discover
[1.037s] INFO:colcon.colcon_core.package_discovery:Crawling recursively for packages in '/home/joao/cbr-2024/ldrobot-lidar-ros2/ldlidar_node'
[1.037s] Level 1:colcon.colcon_core.package_identification:_identify(.) by extensions ['ignore', 'ignore_ament_install']
[1.037s] Level 1:colcon.colcon_core.package_identification:_identify(.) by extension 'ignore'
[1.037s] Level 1:colcon.colcon_core.package_identification:_identify(.) by extension 'ignore_ament_install'
[1.037s] Level 1:colcon.colcon_core.package_identification:_identify(.) by extensions ['colcon_pkg']
[1.037s] Level 1:colcon.colcon_core.package_identification:_identify(.) by extension 'colcon_pkg'
[1.037s] Level 1:colcon.colcon_core.package_identification:_identify(.) by extensions ['colcon_meta']
[1.037s] Level 1:colcon.colcon_core.package_identification:_identify(.) by extension 'colcon_meta'
[1.037s] Level 1:colcon.colcon_core.package_identification:_identify(.) by extensions ['ros']
[1.037s] Level 1:colcon.colcon_core.package_identification:_identify(.) by extension 'ros'
[1.051s] DEBUG:colcon.colcon_core.package_identification:Package '.' with type 'ros.ament_cmake' and name 'ldlidar_node'
[1.051s] Level 1:colcon.colcon_core.package_discovery:discover_packages(recursive) using defaults
[1.051s] Level 1:colcon.colcon_core.package_discovery:discover_packages(ignore) discover
[1.051s] Level 1:colcon.colcon_core.package_discovery:discover_packages(ignore) using defaults
[1.051s] Level 1:colcon.colcon_core.package_discovery:discover_packages(path) discover
[1.051s] Level 1:colcon.colcon_core.package_discovery:discover_packages(path) using defaults
[1.129s] Level 5:colcon.colcon_core.verb:set package 'ldlidar_node' build argument 'cmake_args' from command line to '['-DCMAKE_BUILD_TYPE=Release']'
[1.130s] Level 5:colcon.colcon_core.verb:set package 'ldlidar_node' build argument 'cmake_target' from command line to 'None'
[1.130s] Level 5:colcon.colcon_core.verb:set package 'ldlidar_node' build argument 'cmake_target_skip_unavailable' from command line to 'False'
[1.130s] Level 5:colcon.colcon_core.verb:set package 'ldlidar_node' build argument 'cmake_clean_cache' from command line to 'False'
[1.130s] Level 5:colcon.colcon_core.verb:set package 'ldlidar_node' build argument 'cmake_clean_first' from command line to 'False'
[1.130s] Level 5:colcon.colcon_core.verb:set package 'ldlidar_node' build argument 'cmake_force_configure' from command line to 'False'
[1.130s] Level 5:colcon.colcon_core.verb:set package 'ldlidar_node' build argument 'ament_cmake_args' from command line to 'None'
[1.130s] Level 5:colcon.colcon_core.verb:set package 'ldlidar_node' build argument 'catkin_cmake_args' from command line to 'None'
[1.130s] Level 5:colcon.colcon_core.verb:set package 'ldlidar_node' build argument 'catkin_skip_building_tests' from command line to 'False'
[1.130s] DEBUG:colcon.colcon_core.verb:Building package 'ldlidar_node' with the following arguments: {'ament_cmake_args': None, 'build_base': '/home/joao/cbr-2024/ldrobot-lidar-ros2/ldlidar_node/build/ldlidar_node', 'catkin_cmake_args': None, 'catkin_skip_building_tests': False, 'cmake_args': ['-DCMAKE_BUILD_TYPE=Release'], 'cmake_clean_cache': False, 'cmake_clean_first': False, 'cmake_force_configure': False, 'cmake_target': None, 'cmake_target_skip_unavailable': False, 'install_base': '/home/joao/cbr-2024/ldrobot-lidar-ros2/ldlidar_node/install/ldlidar_node', 'merge_install': False, 'path': '/home/joao/cbr-2024/ldrobot-lidar-ros2/ldlidar_node', 'symlink_install': True, 'test_result_base': None}
[1.145s] INFO:colcon.colcon_core.executor:Executing jobs using 'parallel' executor
[1.161s] DEBUG:colcon.colcon_parallel_executor.executor.parallel:run_until_complete
[1.161s] INFO:colcon.colcon_ros.task.ament_cmake.build:Building ROS package in '/home/joao/cbr-2024/ldrobot-lidar-ros2/ldlidar_node' with build type 'ament_cmake'
[1.161s] INFO:colcon.colcon_cmake.task.cmake.build:Building CMake package in '/home/joao/cbr-2024/ldrobot-lidar-ros2/ldlidar_node'
[1.179s] INFO:colcon.colcon_core.plugin_system:Skipping extension 'colcon_core.shell.bat': Not used on non-Windows systems
[1.179s] INFO:colcon.colcon_core.shell:Skip shell extension 'powershell' for command environment: Not usable outside of PowerShell
[1.179s] DEBUG:colcon.colcon_core.shell:Skip shell extension 'dsv' for command environment
[1.196s] WARNING:colcon.colcon_core.prefix_path.colcon:The path '/home/joao/ldrobot-lidar-ros2/install' in the environment variable COLCON_PREFIX_PATH doesn't exist
[1.196s] WARNING:colcon.colcon_ros.prefix_path.ament:The path '/home/joao/ldrobot-lidar-ros2/install/ldlidar' in the environment variable AMENT_PREFIX_PATH doesn't exist
[1.196s] WARNING:colcon.colcon_ros.prefix_path.ament:The path '/home/joao/ldrobot-lidar-ros2/install/ldlidar_node' in the environment variable AMENT_PREFIX_PATH doesn't exist
[1.196s] WARNING:colcon.colcon_ros.prefix_path.ament:The path '/home/joao/ldrobot-lidar-ros2/install/ldlidar_component' in the environment variable AMENT_PREFIX_PATH doesn't exist
[1.196s] WARNING:colcon.colcon_ros.prefix_path.catkin:The path '/home/joao/ldrobot-lidar-ros2/install/ldlidar' in the environment variable CMAKE_PREFIX_PATH doesn't exist
[1.196s] WARNING:colcon.colcon_ros.prefix_path.catkin:The path '/home/joao/ldrobot-lidar-ros2/install/ldlidar_node' in the environment variable CMAKE_PREFIX_PATH doesn't exist
[1.197s] WARNING:colcon.colcon_ros.prefix_path.catkin:The path '/home/joao/ldrobot-lidar-ros2/install/ldlidar_component' in the environment variable CMAKE_PREFIX_PATH doesn't exist
[1.253s] DEBUG:colcon.colcon_core.event_handler.log_command:Invoking command in '/home/joao/cbr-2024/ldrobot-lidar-ros2/ldlidar_node/build/ldlidar_node': CMAKE_PREFIX_PATH=${CMAKE_PREFIX_PATH}:/opt/ros/humble /usr/bin/cmake /home/joao/cbr-2024/ldrobot-lidar-ros2/ldlidar_node -DCMAKE_BUILD_TYPE=Release -DAMENT_CMAKE_SYMLINK_INSTALL=1 -DCMAKE_INSTALL_PREFIX=/home/joao/cbr-2024/ldrobot-lidar-ros2/ldlidar_node/install/ldlidar_node
[1.260s] DEBUG:colcon.colcon_core.event_handler.log_command:Invoked command in '/home/joao/cbr-2024/ldrobot-lidar-ros2/ldlidar_node/build/ldlidar_node' returned '1': CMAKE_PREFIX_PATH=${CMAKE_PREFIX_PATH}:/opt/ros/humble /usr/bin/cmake /home/joao/cbr-2024/ldrobot-lidar-ros2/ldlidar_node -DCMAKE_BUILD_TYPE=Release -DAMENT_CMAKE_SYMLINK_INSTALL=1 -DCMAKE_INSTALL_PREFIX=/home/joao/cbr-2024/ldrobot-lidar-ros2/ldlidar_node/install/ldlidar_node
[1.270s] Level 1:colcon.colcon_core.environment:create_environment_scripts_only(ldlidar_node)
[1.288s] Level 1:colcon.colcon_core.environment:checking '/home/joao/cbr-2024/ldrobot-lidar-ros2/ldlidar_node/install/ldlidar_node' for CMake module files
[1.289s] Level 1:colcon.colcon_core.environment:checking '/home/joao/cbr-2024/ldrobot-lidar-ros2/ldlidar_node/install/ldlidar_node' for CMake config files
[1.289s] Level 1:colcon.colcon_core.environment:checking '/home/joao/cbr-2024/ldrobot-lidar-ros2/ldlidar_node/install/ldlidar_node/bin'
[1.289s] Level 1:colcon.colcon_core.environment:checking '/home/joao/cbr-2024/ldrobot-lidar-ros2/ldlidar_node/install/ldlidar_node/lib/pkgconfig/ldlidar_node.pc'
[1.290s] Level 1:colcon.colcon_core.environment:checking '/home/joao/cbr-2024/ldrobot-lidar-ros2/ldlidar_node/install/ldlidar_node/lib/python3.10/site-packages'
[1.290s] Level 1:colcon.colcon_core.environment:checking '/home/joao/cbr-2024/ldrobot-lidar-ros2/ldlidar_node/install/ldlidar_node/bin'
[1.306s] INFO:colcon.colcon_core.shell:Creating package script '/home/joao/cbr-2024/ldrobot-lidar-ros2/ldlidar_node/install/ldlidar_node/share/ldlidar_node/package.ps1'
[1.307s] INFO:colcon.colcon_core.shell:Creating package descriptor '/home/joao/cbr-2024/ldrobot-lidar-ros2/ldlidar_node/install/ldlidar_node/share/ldlidar_node/package.dsv'
[1.307s] INFO:colcon.colcon_core.shell:Creating package script '/home/joao/cbr-2024/ldrobot-lidar-ros2/ldlidar_node/install/ldlidar_node/share/ldlidar_node/package.sh'
[1.308s] INFO:colcon.colcon_core.shell:Creating package script '/home/joao/cbr-2024/ldrobot-lidar-ros2/ldlidar_node/install/ldlidar_node/share/ldlidar_node/package.bash'
[1.309s] INFO:colcon.colcon_core.shell:Creating package script '/home/joao/cbr-2024/ldrobot-lidar-ros2/ldlidar_node/install/ldlidar_node/share/ldlidar_node/package.zsh'
[1.309s] Level 1:colcon.colcon_core.environment:create_file_with_runtime_dependencies(/home/joao/cbr-2024/ldrobot-lidar-ros2/ldlidar_node/install/ldlidar_node/share/colcon-core/packages/ldlidar_node)
[1.320s] DEBUG:colcon.colcon_parallel_executor.executor.parallel:closing loop
[1.320s] DEBUG:colcon.colcon_parallel_executor.executor.parallel:loop closed
[1.320s] DEBUG:colcon.colcon_parallel_executor.executor.parallel:run_until_complete finished with '1'
[1.320s] DEBUG:colcon.colcon_core.event_reactor:joining thread
[1.340s] INFO:colcon.colcon_core.plugin_system:Skipping extension 'colcon_notification.desktop_notification.terminal_notifier': Not used on non-Darwin systems
[1.340s] INFO:colcon.colcon_core.plugin_system:Skipping extension 'colcon_notification.desktop_notification.win32': Not used on non-Windows systems
[1.340s] INFO:colcon.colcon_notification.desktop_notification:Sending desktop notification using 'notify2'
[1.348s] DEBUG:colcon.colcon_core.event_reactor:joined thread
[1.365s] INFO:colcon.colcon_core.shell:Creating prefix script '/home/joao/cbr-2024/ldrobot-lidar-ros2/ldlidar_node/install/local_setup.ps1'
[1.366s] INFO:colcon.colcon_core.shell:Creating prefix util module '/home/joao/cbr-2024/ldrobot-lidar-ros2/ldlidar_node/install/_local_setup_util_ps1.py'
[1.367s] INFO:colcon.colcon_core.shell:Creating prefix chain script '/home/joao/cbr-2024/ldrobot-lidar-ros2/ldlidar_node/install/setup.ps1'
[1.383s] INFO:colcon.colcon_core.shell:Creating prefix script '/home/joao/cbr-2024/ldrobot-lidar-ros2/ldlidar_node/install/local_setup.sh'
[1.384s] INFO:colcon.colcon_core.shell:Creating prefix util module '/home/joao/cbr-2024/ldrobot-lidar-ros2/ldlidar_node/install/_local_setup_util_sh.py'
[1.384s] INFO:colcon.colcon_core.shell:Creating prefix chain script '/home/joao/cbr-2024/ldrobot-lidar-ros2/ldlidar_node/install/setup.sh'
[1.400s] INFO:colcon.colcon_core.shell:Creating prefix script '/home/joao/cbr-2024/ldrobot-lidar-ros2/ldlidar_node/install/local_setup.bash'
[1.401s] INFO:colcon.colcon_core.shell:Creating prefix chain script '/home/joao/cbr-2024/ldrobot-lidar-ros2/ldlidar_node/install/setup.bash'
[1.417s] INFO:colcon.colcon_core.shell:Creating prefix script '/home/joao/cbr-2024/ldrobot-lidar-ros2/ldlidar_node/install/local_setup.zsh'
[1.417s] INFO:colcon.colcon_core.shell:Creating prefix chain script '/home/joao/cbr-2024/ldrobot-lidar-ros2/ldlidar_node/install/setup.zsh'
