[0.654s] DEBUG:colcon:Command line arguments: ['/usr/bin/colcon', 'build', '--packages-select', 'mavlink_pkg']
[0.655s] DEBUG:colcon:Parsed command line arguments: Namespace(log_base=None, log_level=None, verb_name='build', build_base='build', install_base='install', merge_install=False, symlink_install=False, test_result_base=None, continue_on_error=False, executor='parallel', parallel_workers=4, event_handlers=None, ignore_user_meta=False, metas=['./colcon.meta'], base_paths=['.'], packages_ignore=None, packages_ignore_regex=None, paths=None, packages_up_to=None, packages_up_to_regex=None, packages_above=None, packages_above_and_dependencies=None, packages_above_depth=None, packages_select_by_dep=None, packages_skip_by_dep=None, packages_skip_up_to=None, packages_select_build_failed=False, packages_skip_build_finished=False, packages_select_test_failures=False, packages_skip_test_passed=False, packages_select=['mavlink_pkg'], packages_skip=None, packages_select_regex=None, packages_skip_regex=None, packages_start=None, packages_end=None, allow_overriding=[], cmake_args=None, cmake_target=None, cmake_target_skip_unavailable=False, cmake_clean_cache=False, cmake_clean_first=False, cmake_force_configure=False, ament_cmake_args=None, catkin_cmake_args=None, catkin_skip_building_tests=False, verb_parser=<colcon_defaults.argument_parser.defaults.DefaultArgumentsDecorator object at 0xffff960eeb60>, verb_extension=<colcon_core.verb.build.BuildVerb object at 0xffff960ee680>, main=<bound method BuildVerb.main of <colcon_core.verb.build.BuildVerb object at 0xffff960ee680>>)
[1.731s] Level 1:colcon.colcon_core.package_discovery:discover_packages(colcon_meta) check parameters
[1.732s] Level 1:colcon.colcon_core.package_discovery:discover_packages(recursive) check parameters
[1.733s] Level 1:colcon.colcon_core.package_discovery:discover_packages(ignore) check parameters
[1.733s] Level 1:colcon.colcon_core.package_discovery:discover_packages(path) check parameters
[1.734s] Level 1:colcon.colcon_core.package_discovery:discover_packages(colcon_meta) discover
[1.735s] Level 1:colcon.colcon_core.package_discovery:discover_packages(recursive) discover
[1.736s] INFO:colcon.colcon_core.package_discovery:Crawling recursively for packages in '/home/ubuntu/cbr-2024/drone_104'
[1.738s] Level 1:colcon.colcon_core.package_identification:_identify(.) by extensions ['ignore', 'ignore_ament_install']
[1.740s] Level 1:colcon.colcon_core.package_identification:_identify(.) by extension 'ignore'
[1.742s] Level 1:colcon.colcon_core.package_identification:_identify(.) by extension 'ignore_ament_install'
[1.744s] Level 1:colcon.colcon_core.package_identification:_identify(.) by extensions ['colcon_pkg']
[1.745s] Level 1:colcon.colcon_core.package_identification:_identify(.) by extension 'colcon_pkg'
[1.746s] Level 1:colcon.colcon_core.package_identification:_identify(.) by extensions ['colcon_meta']
[1.747s] Level 1:colcon.colcon_core.package_identification:_identify(.) by extension 'colcon_meta'
[1.748s] Level 1:colcon.colcon_core.package_identification:_identify(.) by extensions ['ros']
[1.749s] Level 1:colcon.colcon_core.package_identification:_identify(.) by extension 'ros'
[1.831s] Level 1:colcon.colcon_core.package_identification:_identify(.) by extensions ['cmake', 'python']
[1.833s] Level 1:colcon.colcon_core.package_identification:_identify(.) by extension 'cmake'
[1.834s] Level 1:colcon.colcon_core.package_identification:_identify(.) by extension 'python'
[1.835s] Level 1:colcon.colcon_core.package_identification:_identify(.) by extensions ['python_setup_py']
[1.837s] Level 1:colcon.colcon_core.package_identification:_identify(.) by extension 'python_setup_py'
[1.839s] Level 1:colcon.colcon_core.package_identification:_identify(build) by extensions ['ignore', 'ignore_ament_install']
[1.842s] Level 1:colcon.colcon_core.package_identification:_identify(build) by extension 'ignore'
[1.843s] Level 1:colcon.colcon_core.package_identification:_identify(build) ignored
[1.844s] Level 1:colcon.colcon_core.package_identification:_identify(install) by extensions ['ignore', 'ignore_ament_install']
[1.846s] Level 1:colcon.colcon_core.package_identification:_identify(install) by extension 'ignore'
[1.847s] Level 1:colcon.colcon_core.package_identification:_identify(install) ignored
[1.847s] Level 1:colcon.colcon_core.package_identification:_identify(log) by extensions ['ignore', 'ignore_ament_install']
[1.848s] Level 1:colcon.colcon_core.package_identification:_identify(log) by extension 'ignore'
[1.849s] Level 1:colcon.colcon_core.package_identification:_identify(log) ignored
[1.849s] Level 1:colcon.colcon_core.package_identification:_identify(src) by extensions ['ignore', 'ignore_ament_install']
[1.851s] Level 1:colcon.colcon_core.package_identification:_identify(src) by extension 'ignore'
[1.851s] Level 1:colcon.colcon_core.package_identification:_identify(src) by extension 'ignore_ament_install'
[1.853s] Level 1:colcon.colcon_core.package_identification:_identify(src) by extensions ['colcon_pkg']
[1.853s] Level 1:colcon.colcon_core.package_identification:_identify(src) by extension 'colcon_pkg'
[1.854s] Level 1:colcon.colcon_core.package_identification:_identify(src) by extensions ['colcon_meta']
[1.855s] Level 1:colcon.colcon_core.package_identification:_identify(src) by extension 'colcon_meta'
[1.856s] Level 1:colcon.colcon_core.package_identification:_identify(src) by extensions ['ros']
[1.856s] Level 1:colcon.colcon_core.package_identification:_identify(src) by extension 'ros'
[1.857s] Level 1:colcon.colcon_core.package_identification:_identify(src) by extensions ['cmake', 'python']
[1.858s] Level 1:colcon.colcon_core.package_identification:_identify(src) by extension 'cmake'
[1.859s] Level 1:colcon.colcon_core.package_identification:_identify(src) by extension 'python'
[1.860s] Level 1:colcon.colcon_core.package_identification:_identify(src) by extensions ['python_setup_py']
[1.860s] Level 1:colcon.colcon_core.package_identification:_identify(src) by extension 'python_setup_py'
[1.861s] Level 1:colcon.colcon_core.package_identification:_identify(src/camera_pkg) by extensions ['ignore', 'ignore_ament_install']
[1.862s] Level 1:colcon.colcon_core.package_identification:_identify(src/camera_pkg) by extension 'ignore'
[1.863s] Level 1:colcon.colcon_core.package_identification:_identify(src/camera_pkg) by extension 'ignore_ament_install'
[1.864s] Level 1:colcon.colcon_core.package_identification:_identify(src/camera_pkg) by extensions ['colcon_pkg']
[1.864s] Level 1:colcon.colcon_core.package_identification:_identify(src/camera_pkg) by extension 'colcon_pkg'
[1.864s] Level 1:colcon.colcon_core.package_identification:_identify(src/camera_pkg) by extensions ['colcon_meta']
[1.865s] Level 1:colcon.colcon_core.package_identification:_identify(src/camera_pkg) by extension 'colcon_meta'
[1.865s] Level 1:colcon.colcon_core.package_identification:_identify(src/camera_pkg) by extensions ['ros']
[1.866s] Level 1:colcon.colcon_core.package_identification:_identify(src/camera_pkg) by extension 'ros'
[1.866s] Level 1:colcon.colcon_core.package_identification:_identify(src/camera_pkg) by extensions ['cmake', 'python']
[1.867s] Level 1:colcon.colcon_core.package_identification:_identify(src/camera_pkg) by extension 'cmake'
[1.867s] Level 1:colcon.colcon_core.package_identification:_identify(src/camera_pkg) by extension 'python'
[1.868s] Level 1:colcon.colcon_core.package_identification:_identify(src/camera_pkg) by extensions ['python_setup_py']
[1.868s] Level 1:colcon.colcon_core.package_identification:_identify(src/camera_pkg) by extension 'python_setup_py'
[1.869s] Level 1:colcon.colcon_core.package_identification:_identify(src/camera_pkg/__pycache__) by extensions ['ignore', 'ignore_ament_install']
[1.870s] Level 1:colcon.colcon_core.package_identification:_identify(src/camera_pkg/__pycache__) by extension 'ignore'
[1.871s] Level 1:colcon.colcon_core.package_identification:_identify(src/camera_pkg/__pycache__) by extension 'ignore_ament_install'
[1.871s] Level 1:colcon.colcon_core.package_identification:_identify(src/camera_pkg/__pycache__) by extensions ['colcon_pkg']
[1.872s] Level 1:colcon.colcon_core.package_identification:_identify(src/camera_pkg/__pycache__) by extension 'colcon_pkg'
[1.872s] Level 1:colcon.colcon_core.package_identification:_identify(src/camera_pkg/__pycache__) by extensions ['colcon_meta']
[1.873s] Level 1:colcon.colcon_core.package_identification:_identify(src/camera_pkg/__pycache__) by extension 'colcon_meta'
[1.873s] Level 1:colcon.colcon_core.package_identification:_identify(src/camera_pkg/__pycache__) by extensions ['ros']
[1.874s] Level 1:colcon.colcon_core.package_identification:_identify(src/camera_pkg/__pycache__) by extension 'ros'
[1.875s] Level 1:colcon.colcon_core.package_identification:_identify(src/camera_pkg/__pycache__) by extensions ['cmake', 'python']
[1.875s] Level 1:colcon.colcon_core.package_identification:_identify(src/camera_pkg/__pycache__) by extension 'cmake'
[1.876s] Level 1:colcon.colcon_core.package_identification:_identify(src/camera_pkg/__pycache__) by extension 'python'
[1.876s] Level 1:colcon.colcon_core.package_identification:_identify(src/camera_pkg/__pycache__) by extensions ['python_setup_py']
[1.877s] Level 1:colcon.colcon_core.package_identification:_identify(src/camera_pkg/__pycache__) by extension 'python_setup_py'
[1.878s] Level 1:colcon.colcon_core.package_identification:_identify(src/mavlink_pkg) by extensions ['ignore', 'ignore_ament_install']
[1.878s] Level 1:colcon.colcon_core.package_identification:_identify(src/mavlink_pkg) by extension 'ignore'
[1.879s] Level 1:colcon.colcon_core.package_identification:_identify(src/mavlink_pkg) by extension 'ignore_ament_install'
[1.879s] Level 1:colcon.colcon_core.package_identification:_identify(src/mavlink_pkg) by extensions ['colcon_pkg']
[1.880s] Level 1:colcon.colcon_core.package_identification:_identify(src/mavlink_pkg) by extension 'colcon_pkg'
[1.880s] Level 1:colcon.colcon_core.package_identification:_identify(src/mavlink_pkg) by extensions ['colcon_meta']
[1.880s] Level 1:colcon.colcon_core.package_identification:_identify(src/mavlink_pkg) by extension 'colcon_meta'
[1.881s] Level 1:colcon.colcon_core.package_identification:_identify(src/mavlink_pkg) by extensions ['ros']
[1.881s] Level 1:colcon.colcon_core.package_identification:_identify(src/mavlink_pkg) by extension 'ros'
[1.896s] DEBUG:colcon.colcon_core.package_identification:Package 'src/mavlink_pkg' with type 'ros.ament_python' and name 'mavlink_pkg'
[1.896s] Level 1:colcon.colcon_core.package_discovery:discover_packages(recursive) using defaults
[1.897s] Level 1:colcon.colcon_core.package_discovery:discover_packages(ignore) discover
[1.897s] Level 1:colcon.colcon_core.package_discovery:discover_packages(ignore) using defaults
[1.898s] Level 1:colcon.colcon_core.package_discovery:discover_packages(path) discover
[1.899s] Level 1:colcon.colcon_core.package_discovery:discover_packages(path) using defaults
[2.003s] Level 1:colcon.colcon_core.package_discovery:discover_packages(prefix_path) check parameters
[2.004s] Level 1:colcon.colcon_core.package_discovery:discover_packages(prefix_path) discover
[2.011s] DEBUG:colcon.colcon_installed_package_information.package_discovery:Found 1 installed packages in /home/ubuntu/cbr-2024/drone_104/install
[2.018s] DEBUG:colcon.colcon_installed_package_information.package_discovery:Found 198 installed packages in /opt/ros/humble
[2.023s] Level 1:colcon.colcon_core.package_discovery:discover_packages(prefix_path) using defaults
[2.173s] Level 5:colcon.colcon_core.verb:set package 'mavlink_pkg' build argument 'cmake_args' from command line to 'None'
[2.173s] Level 5:colcon.colcon_core.verb:set package 'mavlink_pkg' build argument 'cmake_target' from command line to 'None'
[2.173s] Level 5:colcon.colcon_core.verb:set package 'mavlink_pkg' build argument 'cmake_target_skip_unavailable' from command line to 'False'
[2.173s] Level 5:colcon.colcon_core.verb:set package 'mavlink_pkg' build argument 'cmake_clean_cache' from command line to 'False'
[2.173s] Level 5:colcon.colcon_core.verb:set package 'mavlink_pkg' build argument 'cmake_clean_first' from command line to 'False'
[2.173s] Level 5:colcon.colcon_core.verb:set package 'mavlink_pkg' build argument 'cmake_force_configure' from command line to 'False'
[2.174s] Level 5:colcon.colcon_core.verb:set package 'mavlink_pkg' build argument 'ament_cmake_args' from command line to 'None'
[2.174s] Level 5:colcon.colcon_core.verb:set package 'mavlink_pkg' build argument 'catkin_cmake_args' from command line to 'None'
[2.174s] Level 5:colcon.colcon_core.verb:set package 'mavlink_pkg' build argument 'catkin_skip_building_tests' from command line to 'False'
[2.174s] DEBUG:colcon.colcon_core.verb:Building package 'mavlink_pkg' with the following arguments: {'ament_cmake_args': None, 'build_base': '/home/ubuntu/cbr-2024/drone_104/build/mavlink_pkg', 'catkin_cmake_args': None, 'catkin_skip_building_tests': False, 'cmake_args': None, 'cmake_clean_cache': False, 'cmake_clean_first': False, 'cmake_force_configure': False, 'cmake_target': None, 'cmake_target_skip_unavailable': False, 'install_base': '/home/ubuntu/cbr-2024/drone_104/install/mavlink_pkg', 'merge_install': False, 'path': '/home/ubuntu/cbr-2024/drone_104/src/mavlink_pkg', 'symlink_install': False, 'test_result_base': None}
[2.175s] INFO:colcon.colcon_core.executor:Executing jobs using 'parallel' executor
[2.178s] DEBUG:colcon.colcon_parallel_executor.executor.parallel:run_until_complete
[2.179s] INFO:colcon.colcon_ros.task.ament_python.build:Building ROS package in '/home/ubuntu/cbr-2024/drone_104/src/mavlink_pkg' with build type 'ament_python'
[2.180s] Level 1:colcon.colcon_core.shell:create_environment_hook('mavlink_pkg', 'ament_prefix_path')
[2.189s] INFO:colcon.colcon_core.plugin_system:Skipping extension 'colcon_core.shell.bat': Not used on non-Windows systems
[2.190s] INFO:colcon.colcon_core.shell:Creating environment hook '/home/ubuntu/cbr-2024/drone_104/install/mavlink_pkg/share/mavlink_pkg/hook/ament_prefix_path.ps1'
[2.192s] INFO:colcon.colcon_core.shell:Creating environment descriptor '/home/ubuntu/cbr-2024/drone_104/install/mavlink_pkg/share/mavlink_pkg/hook/ament_prefix_path.dsv'
[2.194s] INFO:colcon.colcon_core.shell:Creating environment hook '/home/ubuntu/cbr-2024/drone_104/install/mavlink_pkg/share/mavlink_pkg/hook/ament_prefix_path.sh'
[2.198s] INFO:colcon.colcon_core.shell:Skip shell extension 'powershell' for command environment: Not usable outside of PowerShell
[2.198s] DEBUG:colcon.colcon_core.shell:Skip shell extension 'dsv' for command environment
[3.244s] INFO:colcon.colcon_core.task.python.build:Building Python package in '/home/ubuntu/cbr-2024/drone_104/src/mavlink_pkg'
[3.245s] INFO:colcon.colcon_core.shell:Skip shell extension 'powershell' for command environment: Not usable outside of PowerShell
[3.245s] DEBUG:colcon.colcon_core.shell:Skip shell extension 'dsv' for command environment
[4.795s] DEBUG:colcon.colcon_core.event_handler.log_command:Invoking command in '/home/ubuntu/cbr-2024/drone_104/src/mavlink_pkg': PS1=\[\e]0;\u@\h: \w\a\]${debian_chroot:+($debian_chroot)}\[\033[01;32m\]\u@\h\[\033[00m\]:\[\033[01;34m\]\w\[\033[00m\]\$ PYTHONPATH=/home/ubuntu/cbr-2024/drone_104/build/mavlink_pkg/prefix_override:/home/ubuntu/cbr-2024/drone_104/install/mavlink_pkg/lib/python3.10/site-packages:${PYTHONPATH} /usr/bin/python3 -W ignore:setup.py install is deprecated setup.py egg_info --egg-base ../../build/mavlink_pkg build --build-base /home/ubuntu/cbr-2024/drone_104/build/mavlink_pkg/build install --record /home/ubuntu/cbr-2024/drone_104/build/mavlink_pkg/install.log --single-version-externally-managed install_data
[5.997s] DEBUG:colcon.colcon_core.event_handler.log_command:Invoked command in '/home/ubuntu/cbr-2024/drone_104/src/mavlink_pkg' returned '0': PS1=\[\e]0;\u@\h: \w\a\]${debian_chroot:+($debian_chroot)}\[\033[01;32m\]\u@\h\[\033[00m\]:\[\033[01;34m\]\w\[\033[00m\]\$ PYTHONPATH=/home/ubuntu/cbr-2024/drone_104/build/mavlink_pkg/prefix_override:/home/ubuntu/cbr-2024/drone_104/install/mavlink_pkg/lib/python3.10/site-packages:${PYTHONPATH} /usr/bin/python3 -W ignore:setup.py install is deprecated setup.py egg_info --egg-base ../../build/mavlink_pkg build --build-base /home/ubuntu/cbr-2024/drone_104/build/mavlink_pkg/build install --record /home/ubuntu/cbr-2024/drone_104/build/mavlink_pkg/install.log --single-version-externally-managed install_data
[6.008s] Level 1:colcon.colcon_core.environment:checking '/home/ubuntu/cbr-2024/drone_104/install/mavlink_pkg' for CMake module files
[6.010s] Level 1:colcon.colcon_core.environment:checking '/home/ubuntu/cbr-2024/drone_104/install/mavlink_pkg' for CMake config files
[6.015s] Level 1:colcon.colcon_core.environment:checking '/home/ubuntu/cbr-2024/drone_104/install/mavlink_pkg/lib'
[6.016s] Level 1:colcon.colcon_core.environment:checking '/home/ubuntu/cbr-2024/drone_104/install/mavlink_pkg/bin'
[6.016s] Level 1:colcon.colcon_core.environment:checking '/home/ubuntu/cbr-2024/drone_104/install/mavlink_pkg/lib/pkgconfig/mavlink_pkg.pc'
[6.017s] Level 1:colcon.colcon_core.environment:checking '/home/ubuntu/cbr-2024/drone_104/install/mavlink_pkg/lib/python3.10/site-packages'
[6.018s] Level 1:colcon.colcon_core.shell:create_environment_hook('mavlink_pkg', 'pythonpath')
[6.019s] INFO:colcon.colcon_core.shell:Creating environment hook '/home/ubuntu/cbr-2024/drone_104/install/mavlink_pkg/share/mavlink_pkg/hook/pythonpath.ps1'
[6.021s] INFO:colcon.colcon_core.shell:Creating environment descriptor '/home/ubuntu/cbr-2024/drone_104/install/mavlink_pkg/share/mavlink_pkg/hook/pythonpath.dsv'
[6.022s] INFO:colcon.colcon_core.shell:Creating environment hook '/home/ubuntu/cbr-2024/drone_104/install/mavlink_pkg/share/mavlink_pkg/hook/pythonpath.sh'
[6.025s] Level 1:colcon.colcon_core.environment:checking '/home/ubuntu/cbr-2024/drone_104/install/mavlink_pkg/bin'
[6.025s] Level 1:colcon.colcon_core.environment:create_environment_scripts_only(mavlink_pkg)
[6.026s] INFO:colcon.colcon_core.shell:Creating package script '/home/ubuntu/cbr-2024/drone_104/install/mavlink_pkg/share/mavlink_pkg/package.ps1'
[6.030s] INFO:colcon.colcon_core.shell:Creating package descriptor '/home/ubuntu/cbr-2024/drone_104/install/mavlink_pkg/share/mavlink_pkg/package.dsv'
[6.032s] INFO:colcon.colcon_core.shell:Creating package script '/home/ubuntu/cbr-2024/drone_104/install/mavlink_pkg/share/mavlink_pkg/package.sh'
[6.036s] INFO:colcon.colcon_core.shell:Creating package script '/home/ubuntu/cbr-2024/drone_104/install/mavlink_pkg/share/mavlink_pkg/package.bash'
[6.040s] INFO:colcon.colcon_core.shell:Creating package script '/home/ubuntu/cbr-2024/drone_104/install/mavlink_pkg/share/mavlink_pkg/package.zsh'
[6.043s] Level 1:colcon.colcon_core.environment:create_file_with_runtime_dependencies(/home/ubuntu/cbr-2024/drone_104/install/mavlink_pkg/share/colcon-core/packages/mavlink_pkg)
[6.044s] DEBUG:colcon.colcon_parallel_executor.executor.parallel:closing loop
[6.045s] DEBUG:colcon.colcon_parallel_executor.executor.parallel:loop closed
[6.046s] DEBUG:colcon.colcon_parallel_executor.executor.parallel:run_until_complete finished with '0'
[6.046s] DEBUG:colcon.colcon_core.event_reactor:joining thread
[6.072s] INFO:colcon.colcon_core.plugin_system:Skipping extension 'colcon_notification.desktop_notification.terminal_notifier': Not used on non-Darwin systems
[6.072s] INFO:colcon.colcon_core.plugin_system:Skipping extension 'colcon_notification.desktop_notification.win32': Not used on non-Windows systems
[6.072s] INFO:colcon.colcon_notification.desktop_notification:Sending desktop notification using 'notify2'
[6.076s] DEBUG:colcon.colcon_notification.desktop_notification.notify2:Failed to initialize notify2: org.freedesktop.DBus.Error.ServiceUnknown: The name org.freedesktop.Notifications was not provided by any .service files
[6.078s] DEBUG:colcon.colcon_core.event_reactor:joined thread
[6.079s] INFO:colcon.colcon_core.shell:Creating prefix script '/home/ubuntu/cbr-2024/drone_104/install/local_setup.ps1'
[6.084s] INFO:colcon.colcon_core.shell:Creating prefix util module '/home/ubuntu/cbr-2024/drone_104/install/_local_setup_util_ps1.py'
[6.091s] INFO:colcon.colcon_core.shell:Creating prefix chain script '/home/ubuntu/cbr-2024/drone_104/install/setup.ps1'
[6.097s] INFO:colcon.colcon_core.shell:Creating prefix script '/home/ubuntu/cbr-2024/drone_104/install/local_setup.sh'
[6.099s] INFO:colcon.colcon_core.shell:Creating prefix util module '/home/ubuntu/cbr-2024/drone_104/install/_local_setup_util_sh.py'
[6.102s] INFO:colcon.colcon_core.shell:Creating prefix chain script '/home/ubuntu/cbr-2024/drone_104/install/setup.sh'
[6.106s] INFO:colcon.colcon_core.shell:Creating prefix script '/home/ubuntu/cbr-2024/drone_104/install/local_setup.bash'
[6.108s] INFO:colcon.colcon_core.shell:Creating prefix chain script '/home/ubuntu/cbr-2024/drone_104/install/setup.bash'
[6.112s] INFO:colcon.colcon_core.shell:Creating prefix script '/home/ubuntu/cbr-2024/drone_104/install/local_setup.zsh'
[6.115s] INFO:colcon.colcon_core.shell:Creating prefix chain script '/home/ubuntu/cbr-2024/drone_104/install/setup.zsh'
