[0.149s] DEBUG:colcon:Command line arguments: ['/usr/bin/colcon', 'build']
[0.149s] DEBUG:colcon:Parsed command line arguments: Namespace(log_base=None, log_level=None, verb_name='build', build_base='build', install_base='install', merge_install=False, symlink_install=False, test_result_base=None, continue_on_error=False, executor='parallel', parallel_workers=3, event_handlers=None, ignore_user_meta=False, metas=['./colcon.meta'], base_paths=['.'], packages_ignore=None, packages_ignore_regex=None, paths=None, packages_up_to=None, packages_up_to_regex=None, packages_above=None, packages_above_and_dependencies=None, packages_above_depth=None, packages_select_by_dep=None, packages_skip_by_dep=None, packages_skip_up_to=None, packages_select_build_failed=False, packages_skip_build_finished=False, packages_select_test_failures=False, packages_skip_test_passed=False, packages_select=None, packages_skip=None, packages_select_regex=None, packages_skip_regex=None, packages_start=None, packages_end=None, allow_overriding=[], cmake_args=None, cmake_target=None, cmake_target_skip_unavailable=False, cmake_clean_cache=False, cmake_clean_first=False, cmake_force_configure=False, ament_cmake_args=None, catkin_cmake_args=None, catkin_skip_building_tests=False, mixin_files=None, mixin=None, verb_parser=<colcon_mixin.mixin.mixin_argument.MixinArgumentDecorator object at 0x7d86acaa3940>, verb_extension=<colcon_core.verb.build.BuildVerb object at 0x7d86acaa2a70>, main=<bound method BuildVerb.main of <colcon_core.verb.build.BuildVerb object at 0x7d86acaa2a70>>, mixin_verb=('build',))
[0.391s] Level 1:colcon.colcon_core.package_discovery:discover_packages(colcon_meta) check parameters
[0.397s] Level 1:colcon.colcon_core.package_discovery:discover_packages(recursive) check parameters
[0.397s] Level 1:colcon.colcon_core.package_discovery:discover_packages(ignore) check parameters
[0.397s] Level 1:colcon.colcon_core.package_discovery:discover_packages(path) check parameters
[0.397s] Level 1:colcon.colcon_core.package_discovery:discover_packages(colcon_meta) discover
[0.397s] Level 1:colcon.colcon_core.package_discovery:discover_packages(recursive) discover
[0.397s] INFO:colcon.colcon_core.package_discovery:Crawling recursively for packages in '/home/deltahigh/ldrobot-lidar-ros2/ldlidar_node/src/my_tf2_listener'
[0.398s] Level 1:colcon.colcon_core.package_identification:_identify(.) by extensions ['ignore', 'ignore_ament_install']
[0.398s] Level 1:colcon.colcon_core.package_identification:_identify(.) by extension 'ignore'
[0.398s] Level 1:colcon.colcon_core.package_identification:_identify(.) by extension 'ignore_ament_install'
[0.398s] Level 1:colcon.colcon_core.package_identification:_identify(.) by extensions ['colcon_pkg']
[0.398s] Level 1:colcon.colcon_core.package_identification:_identify(.) by extension 'colcon_pkg'
[0.399s] Level 1:colcon.colcon_core.package_identification:_identify(.) by extensions ['colcon_meta']
[0.399s] Level 1:colcon.colcon_core.package_identification:_identify(.) by extension 'colcon_meta'
[0.399s] Level 1:colcon.colcon_core.package_identification:_identify(.) by extensions ['ros']
[0.399s] Level 1:colcon.colcon_core.package_identification:_identify(.) by extension 'ros'
[0.419s] DEBUG:colcon.colcon_core.package_identification:Package '.' with type 'ros.ament_python' and name 'my_tf2_listener'
[0.420s] Level 1:colcon.colcon_core.package_discovery:discover_packages(recursive) using defaults
[0.420s] Level 1:colcon.colcon_core.package_discovery:discover_packages(ignore) discover
[0.421s] Level 1:colcon.colcon_core.package_discovery:discover_packages(ignore) using defaults
[0.421s] Level 1:colcon.colcon_core.package_discovery:discover_packages(path) discover
[0.422s] Level 1:colcon.colcon_core.package_discovery:discover_packages(path) using defaults
[0.458s] Level 1:colcon.colcon_core.package_discovery:discover_packages(prefix_path) check parameters
[0.459s] Level 1:colcon.colcon_core.package_discovery:discover_packages(prefix_path) discover
[0.463s] DEBUG:colcon.colcon_installed_package_information.package_discovery:Found 1 installed packages in /home/deltahigh/ldrobot-lidar-ros2/ldlidar_node/src/my_tf2_listener/install
[0.463s] DEBUG:colcon.colcon_installed_package_information.package_discovery:Found 3 installed packages in /home/deltahigh/ldrobot-lidar-ros2/install
[0.476s] DEBUG:colcon.colcon_installed_package_information.package_discovery:Found 4 installed packages in /home/deltahigh/cbr-2024/cbr-2024/drone_108/install
[0.483s] DEBUG:colcon.colcon_installed_package_information.package_discovery:Found 392 installed packages in /opt/ros/humble
[0.488s] Level 1:colcon.colcon_core.package_discovery:discover_packages(prefix_path) using defaults
[0.614s] Level 5:colcon.colcon_core.verb:set package 'my_tf2_listener' build argument 'cmake_args' from command line to 'None'
[0.615s] Level 5:colcon.colcon_core.verb:set package 'my_tf2_listener' build argument 'cmake_target' from command line to 'None'
[0.615s] Level 5:colcon.colcon_core.verb:set package 'my_tf2_listener' build argument 'cmake_target_skip_unavailable' from command line to 'False'
[0.617s] Level 5:colcon.colcon_core.verb:set package 'my_tf2_listener' build argument 'cmake_clean_cache' from command line to 'False'
[0.621s] Level 5:colcon.colcon_core.verb:set package 'my_tf2_listener' build argument 'cmake_clean_first' from command line to 'False'
[0.622s] Level 5:colcon.colcon_core.verb:set package 'my_tf2_listener' build argument 'cmake_force_configure' from command line to 'False'
[0.622s] Level 5:colcon.colcon_core.verb:set package 'my_tf2_listener' build argument 'ament_cmake_args' from command line to 'None'
[0.622s] Level 5:colcon.colcon_core.verb:set package 'my_tf2_listener' build argument 'catkin_cmake_args' from command line to 'None'
[0.622s] Level 5:colcon.colcon_core.verb:set package 'my_tf2_listener' build argument 'catkin_skip_building_tests' from command line to 'False'
[0.622s] DEBUG:colcon.colcon_core.verb:Building package 'my_tf2_listener' with the following arguments: {'ament_cmake_args': None, 'build_base': '/home/deltahigh/ldrobot-lidar-ros2/ldlidar_node/src/my_tf2_listener/build/my_tf2_listener', 'catkin_cmake_args': None, 'catkin_skip_building_tests': False, 'cmake_args': None, 'cmake_clean_cache': False, 'cmake_clean_first': False, 'cmake_force_configure': False, 'cmake_target': None, 'cmake_target_skip_unavailable': False, 'install_base': '/home/deltahigh/ldrobot-lidar-ros2/ldlidar_node/src/my_tf2_listener/install/my_tf2_listener', 'merge_install': False, 'path': '/home/deltahigh/ldrobot-lidar-ros2/ldlidar_node/src/my_tf2_listener', 'symlink_install': False, 'test_result_base': None}
[0.622s] INFO:colcon.colcon_core.executor:Executing jobs using 'parallel' executor
[0.628s] DEBUG:colcon.colcon_parallel_executor.executor.parallel:run_until_complete
[0.629s] INFO:colcon.colcon_ros.task.ament_python.build:Building ROS package in '/home/deltahigh/ldrobot-lidar-ros2/ldlidar_node/src/my_tf2_listener' with build type 'ament_python'
[0.629s] Level 1:colcon.colcon_core.shell:create_environment_hook('my_tf2_listener', 'ament_prefix_path')
[0.632s] INFO:colcon.colcon_core.plugin_system:Skipping extension 'colcon_core.shell.bat': Not used on non-Windows systems
[0.637s] INFO:colcon.colcon_core.shell:Creating environment hook '/home/deltahigh/ldrobot-lidar-ros2/ldlidar_node/src/my_tf2_listener/install/my_tf2_listener/share/my_tf2_listener/hook/ament_prefix_path.ps1'
[0.639s] INFO:colcon.colcon_core.shell:Creating environment descriptor '/home/deltahigh/ldrobot-lidar-ros2/ldlidar_node/src/my_tf2_listener/install/my_tf2_listener/share/my_tf2_listener/hook/ament_prefix_path.dsv'
[0.640s] INFO:colcon.colcon_core.shell:Creating environment hook '/home/deltahigh/ldrobot-lidar-ros2/ldlidar_node/src/my_tf2_listener/install/my_tf2_listener/share/my_tf2_listener/hook/ament_prefix_path.sh'
[0.642s] INFO:colcon.colcon_core.shell:Skip shell extension 'powershell' for command environment: Not usable outside of PowerShell
[0.643s] DEBUG:colcon.colcon_core.shell:Skip shell extension 'dsv' for command environment
[1.142s] INFO:colcon.colcon_core.task.python.build:Building Python package in '/home/deltahigh/ldrobot-lidar-ros2/ldlidar_node/src/my_tf2_listener'
[1.142s] INFO:colcon.colcon_core.shell:Skip shell extension 'powershell' for command environment: Not usable outside of PowerShell
[1.142s] DEBUG:colcon.colcon_core.shell:Skip shell extension 'dsv' for command environment
[1.786s] DEBUG:colcon.colcon_core.event_handler.log_command:Invoking command in '/home/deltahigh/ldrobot-lidar-ros2/ldlidar_node/src/my_tf2_listener': PYTHONPATH=/home/deltahigh/ldrobot-lidar-ros2/ldlidar_node/src/my_tf2_listener/build/my_tf2_listener/prefix_override:/home/deltahigh/ldrobot-lidar-ros2/ldlidar_node/src/my_tf2_listener/install/my_tf2_listener/lib/python3.10/site-packages:${PYTHONPATH} /usr/bin/python3 -W ignore:setup.py install is deprecated setup.py egg_info --egg-base build/my_tf2_listener build --build-base /home/deltahigh/ldrobot-lidar-ros2/ldlidar_node/src/my_tf2_listener/build/my_tf2_listener/build install --record /home/deltahigh/ldrobot-lidar-ros2/ldlidar_node/src/my_tf2_listener/build/my_tf2_listener/install.log --single-version-externally-managed install_data
[2.375s] Level 1:colcon.colcon_core.environment:checking '/home/deltahigh/ldrobot-lidar-ros2/ldlidar_node/src/my_tf2_listener/install/my_tf2_listener' for CMake module files
[2.377s] Level 1:colcon.colcon_core.environment:checking '/home/deltahigh/ldrobot-lidar-ros2/ldlidar_node/src/my_tf2_listener/install/my_tf2_listener' for CMake config files
[2.378s] Level 1:colcon.colcon_core.environment:checking '/home/deltahigh/ldrobot-lidar-ros2/ldlidar_node/src/my_tf2_listener/install/my_tf2_listener/lib'
[2.378s] Level 1:colcon.colcon_core.environment:checking '/home/deltahigh/ldrobot-lidar-ros2/ldlidar_node/src/my_tf2_listener/install/my_tf2_listener/bin'
[2.378s] Level 1:colcon.colcon_core.environment:checking '/home/deltahigh/ldrobot-lidar-ros2/ldlidar_node/src/my_tf2_listener/install/my_tf2_listener/lib/pkgconfig/my_tf2_listener.pc'
[2.378s] Level 1:colcon.colcon_core.environment:checking '/home/deltahigh/ldrobot-lidar-ros2/ldlidar_node/src/my_tf2_listener/install/my_tf2_listener/lib/python3.10/site-packages'
[2.378s] Level 1:colcon.colcon_core.shell:create_environment_hook('my_tf2_listener', 'pythonpath')
[2.379s] INFO:colcon.colcon_core.shell:Creating environment hook '/home/deltahigh/ldrobot-lidar-ros2/ldlidar_node/src/my_tf2_listener/install/my_tf2_listener/share/my_tf2_listener/hook/pythonpath.ps1'
[2.380s] INFO:colcon.colcon_core.shell:Creating environment descriptor '/home/deltahigh/ldrobot-lidar-ros2/ldlidar_node/src/my_tf2_listener/install/my_tf2_listener/share/my_tf2_listener/hook/pythonpath.dsv'
[2.381s] INFO:colcon.colcon_core.shell:Creating environment hook '/home/deltahigh/ldrobot-lidar-ros2/ldlidar_node/src/my_tf2_listener/install/my_tf2_listener/share/my_tf2_listener/hook/pythonpath.sh'
[2.382s] Level 1:colcon.colcon_core.environment:checking '/home/deltahigh/ldrobot-lidar-ros2/ldlidar_node/src/my_tf2_listener/install/my_tf2_listener/bin'
[2.382s] Level 1:colcon.colcon_core.environment:create_environment_scripts_only(my_tf2_listener)
[2.384s] INFO:colcon.colcon_core.shell:Creating package script '/home/deltahigh/ldrobot-lidar-ros2/ldlidar_node/src/my_tf2_listener/install/my_tf2_listener/share/my_tf2_listener/package.ps1'
[2.384s] DEBUG:colcon.colcon_core.event_handler.log_command:Invoked command in '/home/deltahigh/ldrobot-lidar-ros2/ldlidar_node/src/my_tf2_listener' returned '0': PYTHONPATH=/home/deltahigh/ldrobot-lidar-ros2/ldlidar_node/src/my_tf2_listener/build/my_tf2_listener/prefix_override:/home/deltahigh/ldrobot-lidar-ros2/ldlidar_node/src/my_tf2_listener/install/my_tf2_listener/lib/python3.10/site-packages:${PYTHONPATH} /usr/bin/python3 -W ignore:setup.py install is deprecated setup.py egg_info --egg-base build/my_tf2_listener build --build-base /home/deltahigh/ldrobot-lidar-ros2/ldlidar_node/src/my_tf2_listener/build/my_tf2_listener/build install --record /home/deltahigh/ldrobot-lidar-ros2/ldlidar_node/src/my_tf2_listener/build/my_tf2_listener/install.log --single-version-externally-managed install_data
[2.388s] INFO:colcon.colcon_core.shell:Creating package descriptor '/home/deltahigh/ldrobot-lidar-ros2/ldlidar_node/src/my_tf2_listener/install/my_tf2_listener/share/my_tf2_listener/package.dsv'
[2.388s] INFO:colcon.colcon_core.shell:Creating package script '/home/deltahigh/ldrobot-lidar-ros2/ldlidar_node/src/my_tf2_listener/install/my_tf2_listener/share/my_tf2_listener/package.sh'
[2.391s] INFO:colcon.colcon_core.shell:Creating package script '/home/deltahigh/ldrobot-lidar-ros2/ldlidar_node/src/my_tf2_listener/install/my_tf2_listener/share/my_tf2_listener/package.bash'
[2.394s] INFO:colcon.colcon_core.shell:Creating package script '/home/deltahigh/ldrobot-lidar-ros2/ldlidar_node/src/my_tf2_listener/install/my_tf2_listener/share/my_tf2_listener/package.zsh'
[2.397s] Level 1:colcon.colcon_core.environment:create_file_with_runtime_dependencies(/home/deltahigh/ldrobot-lidar-ros2/ldlidar_node/src/my_tf2_listener/install/my_tf2_listener/share/colcon-core/packages/my_tf2_listener)
[2.402s] DEBUG:colcon.colcon_parallel_executor.executor.parallel:closing loop
[2.402s] DEBUG:colcon.colcon_parallel_executor.executor.parallel:loop closed
[2.402s] DEBUG:colcon.colcon_parallel_executor.executor.parallel:run_until_complete finished with '0'
[2.402s] DEBUG:colcon.colcon_core.event_reactor:joining thread
[2.430s] INFO:colcon.colcon_core.plugin_system:Skipping extension 'colcon_notification.desktop_notification.terminal_notifier': Not used on non-Darwin systems
[2.431s] INFO:colcon.colcon_core.plugin_system:Skipping extension 'colcon_notification.desktop_notification.win32': Not used on non-Windows systems
[2.431s] INFO:colcon.colcon_notification.desktop_notification:Sending desktop notification using 'notify2'
[2.571s] DEBUG:colcon.colcon_core.event_reactor:joined thread
[2.571s] INFO:colcon.colcon_core.shell:Creating prefix script '/home/deltahigh/ldrobot-lidar-ros2/ldlidar_node/src/my_tf2_listener/install/local_setup.ps1'
[2.573s] INFO:colcon.colcon_core.shell:Creating prefix util module '/home/deltahigh/ldrobot-lidar-ros2/ldlidar_node/src/my_tf2_listener/install/_local_setup_util_ps1.py'
[2.622s] INFO:colcon.colcon_core.shell:Creating prefix chain script '/home/deltahigh/ldrobot-lidar-ros2/ldlidar_node/src/my_tf2_listener/install/setup.ps1'
[2.624s] INFO:colcon.colcon_core.shell:Creating prefix script '/home/deltahigh/ldrobot-lidar-ros2/ldlidar_node/src/my_tf2_listener/install/local_setup.sh'
[2.626s] INFO:colcon.colcon_core.shell:Creating prefix util module '/home/deltahigh/ldrobot-lidar-ros2/ldlidar_node/src/my_tf2_listener/install/_local_setup_util_sh.py'
[2.627s] INFO:colcon.colcon_core.shell:Creating prefix chain script '/home/deltahigh/ldrobot-lidar-ros2/ldlidar_node/src/my_tf2_listener/install/setup.sh'
[2.632s] INFO:colcon.colcon_core.shell:Creating prefix script '/home/deltahigh/ldrobot-lidar-ros2/ldlidar_node/src/my_tf2_listener/install/local_setup.bash'
[2.633s] INFO:colcon.colcon_core.shell:Creating prefix chain script '/home/deltahigh/ldrobot-lidar-ros2/ldlidar_node/src/my_tf2_listener/install/setup.bash'
[2.635s] INFO:colcon.colcon_core.shell:Creating prefix script '/home/deltahigh/ldrobot-lidar-ros2/ldlidar_node/src/my_tf2_listener/install/local_setup.zsh'
[2.636s] INFO:colcon.colcon_core.shell:Creating prefix chain script '/home/deltahigh/ldrobot-lidar-ros2/ldlidar_node/src/my_tf2_listener/install/setup.zsh'
