running egg_info
creating ../../build/mavlink_pkg/mavlink_pkg.egg-info
writing ../../build/mavlink_pkg/mavlink_pkg.egg-info/PKG-INFO
writing dependency_links to ../../build/mavlink_pkg/mavlink_pkg.egg-info/dependency_links.txt
writing entry points to ../../build/mavlink_pkg/mavlink_pkg.egg-info/entry_points.txt
writing requirements to ../../build/mavlink_pkg/mavlink_pkg.egg-info/requires.txt
writing top-level names to ../../build/mavlink_pkg/mavlink_pkg.egg-info/top_level.txt
writing manifest file '../../build/mavlink_pkg/mavlink_pkg.egg-info/SOURCES.txt'
reading manifest file '../../build/mavlink_pkg/mavlink_pkg.egg-info/SOURCES.txt'
adding license file 'LICENSE'
writing manifest file '../../build/mavlink_pkg/mavlink_pkg.egg-info/SOURCES.txt'
running build
running build_py
creating /home/ubuntu/cbr-2024/drone_104/build/mavlink_pkg/build
creating /home/ubuntu/cbr-2024/drone_104/build/mavlink_pkg/build/lib
creating /home/ubuntu/cbr-2024/drone_104/build/mavlink_pkg/build/lib/mavlink_pkg
copying mavlink_pkg/__init__.py -> /home/ubuntu/cbr-2024/drone_104/build/mavlink_pkg/build/lib/mavlink_pkg
copying mavlink_pkg/drone_node.py -> /home/ubuntu/cbr-2024/drone_104/build/mavlink_pkg/build/lib/mavlink_pkg
running install
running install_lib
creating /home/ubuntu/cbr-2024/drone_104/install/mavlink_pkg/lib/python3.10/site-packages/mavlink_pkg
copying /home/ubuntu/cbr-2024/drone_104/build/mavlink_pkg/build/lib/mavlink_pkg/__init__.py -> /home/ubuntu/cbr-2024/drone_104/install/mavlink_pkg/lib/python3.10/site-packages/mavlink_pkg
copying /home/ubuntu/cbr-2024/drone_104/build/mavlink_pkg/build/lib/mavlink_pkg/drone_node.py -> /home/ubuntu/cbr-2024/drone_104/install/mavlink_pkg/lib/python3.10/site-packages/mavlink_pkg
byte-compiling /home/ubuntu/cbr-2024/drone_104/install/mavlink_pkg/lib/python3.10/site-packages/mavlink_pkg/__init__.py to __init__.cpython-310.pyc
byte-compiling /home/ubuntu/cbr-2024/drone_104/install/mavlink_pkg/lib/python3.10/site-packages/mavlink_pkg/drone_node.py to drone_node.cpython-310.pyc
running install_data
creating /home/ubuntu/cbr-2024/drone_104/install/mavlink_pkg/share/ament_index
creating /home/ubuntu/cbr-2024/drone_104/install/mavlink_pkg/share/ament_index/resource_index
creating /home/ubuntu/cbr-2024/drone_104/install/mavlink_pkg/share/ament_index/resource_index/packages
copying resource/mavlink_pkg -> /home/ubuntu/cbr-2024/drone_104/install/mavlink_pkg/share/ament_index/resource_index/packages
copying package.xml -> /home/ubuntu/cbr-2024/drone_104/install/mavlink_pkg/share/mavlink_pkg
running install_egg_info
Copying ../../build/mavlink_pkg/mavlink_pkg.egg-info to /home/ubuntu/cbr-2024/drone_104/install/mavlink_pkg/lib/python3.10/site-packages/mavlink_pkg-0.0.0-py3.10.egg-info
running install_scripts
writing list of installed files to '/home/ubuntu/cbr-2024/drone_104/build/mavlink_pkg/install.log'
