[3.149s] Invoking command in '/home/ubuntu/cbr-2024/drone_104/src/mavlink_pkg': PS1=\[\e]0;\u@\h: \w\a\]${debian_chroot:+($debian_chroot)}\[\033[01;32m\]\u@\h\[\033[00m\]:\[\033[01;34m\]\w\[\033[00m\]\$ PYTHONPATH=/home/ubuntu/cbr-2024/drone_104/build/mavlink_pkg/prefix_override:/home/ubuntu/cbr-2024/drone_104/install/mavlink_pkg/lib/python3.10/site-packages:${PYTHONPATH} /usr/bin/python3 -W ignore:setup.py install is deprecated setup.py egg_info --egg-base ../../build/mavlink_pkg build --build-base /home/ubuntu/cbr-2024/drone_104/build/mavlink_pkg/build install --record /home/ubuntu/cbr-2024/drone_104/build/mavlink_pkg/install.log --single-version-externally-managed install_data
[4.121s] running egg_info
[4.123s] creating ../../build/mavlink_pkg/mavlink_pkg.egg-info
[4.124s] writing ../../build/mavlink_pkg/mavlink_pkg.egg-info/PKG-INFO
[4.125s] writing dependency_links to ../../build/mavlink_pkg/mavlink_pkg.egg-info/dependency_links.txt
[4.126s] writing entry points to ../../build/mavlink_pkg/mavlink_pkg.egg-info/entry_points.txt
[4.126s] writing requirements to ../../build/mavlink_pkg/mavlink_pkg.egg-info/requires.txt
[4.127s] writing top-level names to ../../build/mavlink_pkg/mavlink_pkg.egg-info/top_level.txt
[4.128s] writing manifest file '../../build/mavlink_pkg/mavlink_pkg.egg-info/SOURCES.txt'
[4.135s] reading manifest file '../../build/mavlink_pkg/mavlink_pkg.egg-info/SOURCES.txt'
[4.136s] adding license file 'LICENSE'
[4.138s] writing manifest file '../../build/mavlink_pkg/mavlink_pkg.egg-info/SOURCES.txt'
[4.139s] running build
[4.139s] running build_py
[4.140s] creating /home/ubuntu/cbr-2024/drone_104/build/mavlink_pkg/build
[4.140s] creating /home/ubuntu/cbr-2024/drone_104/build/mavlink_pkg/build/lib
[4.141s] creating /home/ubuntu/cbr-2024/drone_104/build/mavlink_pkg/build/lib/mavlink_pkg
[4.141s] copying mavlink_pkg/__init__.py -> /home/ubuntu/cbr-2024/drone_104/build/mavlink_pkg/build/lib/mavlink_pkg
[4.142s] copying mavlink_pkg/drone_node.py -> /home/ubuntu/cbr-2024/drone_104/build/mavlink_pkg/build/lib/mavlink_pkg
[4.142s] running install
[4.144s] running install_lib
[4.147s] creating /home/ubuntu/cbr-2024/drone_104/install/mavlink_pkg/lib/python3.10/site-packages/mavlink_pkg
[4.147s] copying /home/ubuntu/cbr-2024/drone_104/build/mavlink_pkg/build/lib/mavlink_pkg/__init__.py -> /home/ubuntu/cbr-2024/drone_104/install/mavlink_pkg/lib/python3.10/site-packages/mavlink_pkg
[4.148s] copying /home/ubuntu/cbr-2024/drone_104/build/mavlink_pkg/build/lib/mavlink_pkg/drone_node.py -> /home/ubuntu/cbr-2024/drone_104/install/mavlink_pkg/lib/python3.10/site-packages/mavlink_pkg
[4.151s] byte-compiling /home/ubuntu/cbr-2024/drone_104/install/mavlink_pkg/lib/python3.10/site-packages/mavlink_pkg/__init__.py to __init__.cpython-310.pyc
[4.152s] byte-compiling /home/ubuntu/cbr-2024/drone_104/install/mavlink_pkg/lib/python3.10/site-packages/mavlink_pkg/drone_node.py to drone_node.cpython-310.pyc
[4.154s] running install_data
[4.155s] creating /home/ubuntu/cbr-2024/drone_104/install/mavlink_pkg/share/ament_index
[4.155s] creating /home/ubuntu/cbr-2024/drone_104/install/mavlink_pkg/share/ament_index/resource_index
[4.155s] creating /home/ubuntu/cbr-2024/drone_104/install/mavlink_pkg/share/ament_index/resource_index/packages
[4.156s] copying resource/mavlink_pkg -> /home/ubuntu/cbr-2024/drone_104/install/mavlink_pkg/share/ament_index/resource_index/packages
[4.156s] copying package.xml -> /home/ubuntu/cbr-2024/drone_104/install/mavlink_pkg/share/mavlink_pkg
[4.157s] running install_egg_info
[4.163s] Copying ../../build/mavlink_pkg/mavlink_pkg.egg-info to /home/ubuntu/cbr-2024/drone_104/install/mavlink_pkg/lib/python3.10/site-packages/mavlink_pkg-0.0.0-py3.10.egg-info
[4.168s] running install_scripts
[4.249s] writing list of installed files to '/home/ubuntu/cbr-2024/drone_104/build/mavlink_pkg/install.log'
[4.366s] Invoked command in '/home/ubuntu/cbr-2024/drone_104/src/mavlink_pkg' returned '0': PS1=\[\e]0;\u@\h: \w\a\]${debian_chroot:+($debian_chroot)}\[\033[01;32m\]\u@\h\[\033[00m\]:\[\033[01;34m\]\w\[\033[00m\]\$ PYTHONPATH=/home/ubuntu/cbr-2024/drone_104/build/mavlink_pkg/prefix_override:/home/ubuntu/cbr-2024/drone_104/install/mavlink_pkg/lib/python3.10/site-packages:${PYTHONPATH} /usr/bin/python3 -W ignore:setup.py install is deprecated setup.py egg_info --egg-base ../../build/mavlink_pkg build --build-base /home/ubuntu/cbr-2024/drone_104/build/mavlink_pkg/build install --record /home/ubuntu/cbr-2024/drone_104/build/mavlink_pkg/install.log --single-version-externally-managed install_data
