[0.249s] DEBUG:colcon:Command line arguments: ['/usr/bin/colcon', 'build', '--symlink-install']
[0.250s] DEBUG:colcon:Parsed command line arguments: Namespace(log_base=None, log_level=None, verb_name='build', build_base='build', install_base='install', merge_install=False, symlink_install=True, test_result_base=None, continue_on_error=False, executor='parallel', parallel_workers=4, event_handlers=None, ignore_user_meta=False, metas=['./colcon.meta'], base_paths=['.'], packages_ignore=None, packages_ignore_regex=None, paths=None, packages_up_to=None, packages_up_to_regex=None, packages_above=None, packages_above_and_dependencies=None, packages_above_depth=None, packages_select_by_dep=None, packages_skip_by_dep=None, packages_skip_up_to=None, packages_select_build_failed=False, packages_skip_build_finished=False, packages_select_test_failures=False, packages_skip_test_passed=False, packages_select=None, packages_skip=None, packages_select_regex=None, packages_skip_regex=None, packages_start=None, packages_end=None, allow_overriding=[], cmake_args=None, cmake_target=None, cmake_target_skip_unavailable=False, cmake_clean_cache=False, cmake_clean_first=False, cmake_force_configure=False, ament_cmake_args=None, catkin_cmake_args=None, catkin_skip_building_tests=False, verb_parser=<colcon_defaults.argument_parser.defaults.DefaultArgumentsDecorator object at 0x7a3585049840>, verb_extension=<colcon_core.verb.build.BuildVerb object at 0x7a3585049240>, main=<bound method BuildVerb.main of <colcon_core.verb.build.BuildVerb object at 0x7a3585049240>>)
[0.731s] Level 1:colcon.colcon_core.package_discovery:discover_packages(colcon_meta) check parameters
[0.731s] Level 1:colcon.colcon_core.package_discovery:discover_packages(recursive) check parameters
[0.731s] Level 1:colcon.colcon_core.package_discovery:discover_packages(ignore) check parameters
[0.731s] Level 1:colcon.colcon_core.package_discovery:discover_packages(path) check parameters
[0.731s] Level 1:colcon.colcon_core.package_discovery:discover_packages(colcon_meta) discover
[0.731s] Level 1:colcon.colcon_core.package_discovery:discover_packages(recursive) discover
[0.731s] INFO:colcon.colcon_core.package_discovery:Crawling recursively for packages in '/home/deltahigh/cbr-2024/drone_104/src'
[0.731s] Level 1:colcon.colcon_core.package_identification:_identify(.) by extensions ['ignore', 'ignore_ament_install']
[0.731s] Level 1:colcon.colcon_core.package_identification:_identify(.) by extension 'ignore'
[0.731s] Level 1:colcon.colcon_core.package_identification:_identify(.) by extension 'ignore_ament_install'
[0.731s] Level 1:colcon.colcon_core.package_identification:_identify(.) by extensions ['colcon_pkg']
[0.732s] Level 1:colcon.colcon_core.package_identification:_identify(.) by extension 'colcon_pkg'
[0.732s] Level 1:colcon.colcon_core.package_identification:_identify(.) by extensions ['colcon_meta']
[0.732s] Level 1:colcon.colcon_core.package_identification:_identify(.) by extension 'colcon_meta'
[0.732s] Level 1:colcon.colcon_core.package_identification:_identify(.) by extensions ['ros']
[0.732s] Level 1:colcon.colcon_core.package_identification:_identify(.) by extension 'ros'
[0.747s] Level 1:colcon.colcon_core.package_identification:_identify(.) by extensions ['cmake', 'python']
[0.747s] Level 1:colcon.colcon_core.package_identification:_identify(.) by extension 'cmake'
[0.747s] Level 1:colcon.colcon_core.package_identification:_identify(.) by extension 'python'
[0.747s] Level 1:colcon.colcon_core.package_identification:_identify(.) by extensions ['python_setup_py']
[0.747s] Level 1:colcon.colcon_core.package_identification:_identify(.) by extension 'python_setup_py'
[0.747s] Level 1:colcon.colcon_core.package_identification:_identify(build) by extensions ['ignore', 'ignore_ament_install']
[0.747s] Level 1:colcon.colcon_core.package_identification:_identify(build) by extension 'ignore'
[0.747s] Level 1:colcon.colcon_core.package_identification:_identify(build) ignored
[0.748s] Level 1:colcon.colcon_core.package_identification:_identify(camera_pkg) by extensions ['ignore', 'ignore_ament_install']
[0.748s] Level 1:colcon.colcon_core.package_identification:_identify(camera_pkg) by extension 'ignore'
[0.748s] Level 1:colcon.colcon_core.package_identification:_identify(camera_pkg) by extension 'ignore_ament_install'
[0.748s] Level 1:colcon.colcon_core.package_identification:_identify(camera_pkg) by extensions ['colcon_pkg']
[0.748s] Level 1:colcon.colcon_core.package_identification:_identify(camera_pkg) by extension 'colcon_pkg'
[0.748s] Level 1:colcon.colcon_core.package_identification:_identify(camera_pkg) by extensions ['colcon_meta']
[0.748s] Level 1:colcon.colcon_core.package_identification:_identify(camera_pkg) by extension 'colcon_meta'
[0.748s] Level 1:colcon.colcon_core.package_identification:_identify(camera_pkg) by extensions ['ros']
[0.748s] Level 1:colcon.colcon_core.package_identification:_identify(camera_pkg) by extension 'ros'
[0.748s] Level 1:colcon.colcon_core.package_identification:_identify(camera_pkg) by extensions ['cmake', 'python']
[0.748s] Level 1:colcon.colcon_core.package_identification:_identify(camera_pkg) by extension 'cmake'
[0.748s] Level 1:colcon.colcon_core.package_identification:_identify(camera_pkg) by extension 'python'
[0.748s] Level 1:colcon.colcon_core.package_identification:_identify(camera_pkg) by extensions ['python_setup_py']
[0.748s] Level 1:colcon.colcon_core.package_identification:_identify(camera_pkg) by extension 'python_setup_py'
[0.748s] Level 1:colcon.colcon_core.package_identification:_identify(camera_pkg/__pycache__) by extensions ['ignore', 'ignore_ament_install']
[0.748s] Level 1:colcon.colcon_core.package_identification:_identify(camera_pkg/__pycache__) by extension 'ignore'
[0.748s] Level 1:colcon.colcon_core.package_identification:_identify(camera_pkg/__pycache__) by extension 'ignore_ament_install'
[0.748s] Level 1:colcon.colcon_core.package_identification:_identify(camera_pkg/__pycache__) by extensions ['colcon_pkg']
[0.748s] Level 1:colcon.colcon_core.package_identification:_identify(camera_pkg/__pycache__) by extension 'colcon_pkg'
[0.748s] Level 1:colcon.colcon_core.package_identification:_identify(camera_pkg/__pycache__) by extensions ['colcon_meta']
[0.748s] Level 1:colcon.colcon_core.package_identification:_identify(camera_pkg/__pycache__) by extension 'colcon_meta'
[0.748s] Level 1:colcon.colcon_core.package_identification:_identify(camera_pkg/__pycache__) by extensions ['ros']
[0.749s] Level 1:colcon.colcon_core.package_identification:_identify(camera_pkg/__pycache__) by extension 'ros'
[0.749s] Level 1:colcon.colcon_core.package_identification:_identify(camera_pkg/__pycache__) by extensions ['cmake', 'python']
[0.749s] Level 1:colcon.colcon_core.package_identification:_identify(camera_pkg/__pycache__) by extension 'cmake'
[0.749s] Level 1:colcon.colcon_core.package_identification:_identify(camera_pkg/__pycache__) by extension 'python'
[0.749s] Level 1:colcon.colcon_core.package_identification:_identify(camera_pkg/__pycache__) by extensions ['python_setup_py']
[0.749s] Level 1:colcon.colcon_core.package_identification:_identify(camera_pkg/__pycache__) by extension 'python_setup_py'
[0.749s] Level 1:colcon.colcon_core.package_identification:_identify(install) by extensions ['ignore', 'ignore_ament_install']
[0.749s] Level 1:colcon.colcon_core.package_identification:_identify(install) by extension 'ignore'
[0.749s] Level 1:colcon.colcon_core.package_identification:_identify(install) ignored
[0.749s] Level 1:colcon.colcon_core.package_identification:_identify(log) by extensions ['ignore', 'ignore_ament_install']
[0.749s] Level 1:colcon.colcon_core.package_identification:_identify(log) by extension 'ignore'
[0.749s] Level 1:colcon.colcon_core.package_identification:_identify(log) ignored
[0.749s] Level 1:colcon.colcon_core.package_identification:_identify(mavlink_pkg) by extensions ['ignore', 'ignore_ament_install']
[0.749s] Level 1:colcon.colcon_core.package_identification:_identify(mavlink_pkg) by extension 'ignore'
[0.749s] Level 1:colcon.colcon_core.package_identification:_identify(mavlink_pkg) by extension 'ignore_ament_install'
[0.749s] Level 1:colcon.colcon_core.package_identification:_identify(mavlink_pkg) by extensions ['colcon_pkg']
[0.749s] Level 1:colcon.colcon_core.package_identification:_identify(mavlink_pkg) by extension 'colcon_pkg'
[0.749s] Level 1:colcon.colcon_core.package_identification:_identify(mavlink_pkg) by extensions ['colcon_meta']
[0.749s] Level 1:colcon.colcon_core.package_identification:_identify(mavlink_pkg) by extension 'colcon_meta'
[0.749s] Level 1:colcon.colcon_core.package_identification:_identify(mavlink_pkg) by extensions ['ros']
[0.749s] Level 1:colcon.colcon_core.package_identification:_identify(mavlink_pkg) by extension 'ros'
[0.751s] DEBUG:colcon.colcon_core.package_identification:Package 'mavlink_pkg' with type 'ros.ament_python' and name 'mavlink_pkg'
[0.752s] Level 1:colcon.colcon_core.package_discovery:discover_packages(recursive) using defaults
[0.752s] Level 1:colcon.colcon_core.package_discovery:discover_packages(ignore) discover
[0.752s] Level 1:colcon.colcon_core.package_discovery:discover_packages(ignore) using defaults
[0.752s] Level 1:colcon.colcon_core.package_discovery:discover_packages(path) discover
[0.752s] Level 1:colcon.colcon_core.package_discovery:discover_packages(path) using defaults
[0.799s] Level 1:colcon.colcon_core.package_discovery:discover_packages(prefix_path) check parameters
[0.799s] Level 1:colcon.colcon_core.package_discovery:discover_packages(prefix_path) discover
[0.805s] DEBUG:colcon.colcon_installed_package_information.package_discovery:Found 385 installed packages in /opt/ros/humble
[0.806s] Level 1:colcon.colcon_core.package_discovery:discover_packages(prefix_path) using defaults
[0.852s] Level 5:colcon.colcon_core.verb:set package 'mavlink_pkg' build argument 'cmake_args' from command line to 'None'
[0.852s] Level 5:colcon.colcon_core.verb:set package 'mavlink_pkg' build argument 'cmake_target' from command line to 'None'
[0.852s] Level 5:colcon.colcon_core.verb:set package 'mavlink_pkg' build argument 'cmake_target_skip_unavailable' from command line to 'False'
[0.852s] Level 5:colcon.colcon_core.verb:set package 'mavlink_pkg' build argument 'cmake_clean_cache' from command line to 'False'
[0.852s] Level 5:colcon.colcon_core.verb:set package 'mavlink_pkg' build argument 'cmake_clean_first' from command line to 'False'
[0.852s] Level 5:colcon.colcon_core.verb:set package 'mavlink_pkg' build argument 'cmake_force_configure' from command line to 'False'
[0.852s] Level 5:colcon.colcon_core.verb:set package 'mavlink_pkg' build argument 'ament_cmake_args' from command line to 'None'
[0.852s] Level 5:colcon.colcon_core.verb:set package 'mavlink_pkg' build argument 'catkin_cmake_args' from command line to 'None'
[0.852s] Level 5:colcon.colcon_core.verb:set package 'mavlink_pkg' build argument 'catkin_skip_building_tests' from command line to 'False'
[0.852s] DEBUG:colcon.colcon_core.verb:Building package 'mavlink_pkg' with the following arguments: {'ament_cmake_args': None, 'build_base': '/home/deltahigh/cbr-2024/drone_104/src/build/mavlink_pkg', 'catkin_cmake_args': None, 'catkin_skip_building_tests': False, 'cmake_args': None, 'cmake_clean_cache': False, 'cmake_clean_first': False, 'cmake_force_configure': False, 'cmake_target': None, 'cmake_target_skip_unavailable': False, 'install_base': '/home/deltahigh/cbr-2024/drone_104/src/install/mavlink_pkg', 'merge_install': False, 'path': '/home/deltahigh/cbr-2024/drone_104/src/mavlink_pkg', 'symlink_install': True, 'test_result_base': None}
[0.852s] INFO:colcon.colcon_core.executor:Executing jobs using 'parallel' executor
[0.853s] DEBUG:colcon.colcon_parallel_executor.executor.parallel:run_until_complete
[0.854s] INFO:colcon.colcon_ros.task.ament_python.build:Building ROS package in '/home/deltahigh/cbr-2024/drone_104/src/mavlink_pkg' with build type 'ament_python'
[0.854s] Level 1:colcon.colcon_core.shell:create_environment_hook('mavlink_pkg', 'ament_prefix_path')
[0.864s] INFO:colcon.colcon_core.plugin_system:Skipping extension 'colcon_core.shell.bat': Not used on non-Windows systems
[0.864s] INFO:colcon.colcon_core.shell:Creating environment hook '/home/deltahigh/cbr-2024/drone_104/src/install/mavlink_pkg/share/mavlink_pkg/hook/ament_prefix_path.ps1'
[0.865s] INFO:colcon.colcon_core.shell:Creating environment descriptor '/home/deltahigh/cbr-2024/drone_104/src/install/mavlink_pkg/share/mavlink_pkg/hook/ament_prefix_path.dsv'
[0.867s] INFO:colcon.colcon_core.shell:Creating environment hook '/home/deltahigh/cbr-2024/drone_104/src/install/mavlink_pkg/share/mavlink_pkg/hook/ament_prefix_path.sh'
[0.869s] INFO:colcon.colcon_core.shell:Skip shell extension 'powershell' for command environment: Not usable outside of PowerShell
[0.869s] DEBUG:colcon.colcon_core.shell:Skip shell extension 'dsv' for command environment
[1.247s] INFO:colcon.colcon_core.task.python.build:Building Python package in '/home/deltahigh/cbr-2024/drone_104/src/mavlink_pkg'
[1.247s] INFO:colcon.colcon_core.shell:Skip shell extension 'powershell' for command environment: Not usable outside of PowerShell
[1.247s] DEBUG:colcon.colcon_core.shell:Skip shell extension 'dsv' for command environment
[2.334s] DEBUG:colcon.colcon_core.event_handler.log_command:Invoking command in '/home/deltahigh/cbr-2024/drone_104/src/build/mavlink_pkg': PYTHONPATH=/home/deltahigh/cbr-2024/drone_104/src/build/mavlink_pkg/prefix_override:/home/deltahigh/cbr-2024/drone_104/src/install/mavlink_pkg/lib/python3.10/site-packages:${PYTHONPATH} /usr/bin/python3 -W ignore:setup.py install is deprecated setup.py develop --editable --build-directory /home/deltahigh/cbr-2024/drone_104/src/build/mavlink_pkg/build --no-deps symlink_data
[2.809s] Level 1:colcon.colcon_core.shell:create_environment_hook('mavlink_pkg', 'pythonpath_develop')
[2.810s] INFO:colcon.colcon_core.shell:Creating environment hook '/home/deltahigh/cbr-2024/drone_104/src/build/mavlink_pkg/share/mavlink_pkg/hook/pythonpath_develop.ps1'
[2.810s] INFO:colcon.colcon_core.shell:Creating environment descriptor '/home/deltahigh/cbr-2024/drone_104/src/build/mavlink_pkg/share/mavlink_pkg/hook/pythonpath_develop.dsv'
[2.811s] INFO:colcon.colcon_core.shell:Creating environment hook '/home/deltahigh/cbr-2024/drone_104/src/build/mavlink_pkg/share/mavlink_pkg/hook/pythonpath_develop.sh'
[2.813s] DEBUG:colcon.colcon_core.event_handler.log_command:Invoked command in '/home/deltahigh/cbr-2024/drone_104/src/build/mavlink_pkg' returned '0': PYTHONPATH=/home/deltahigh/cbr-2024/drone_104/src/build/mavlink_pkg/prefix_override:/home/deltahigh/cbr-2024/drone_104/src/install/mavlink_pkg/lib/python3.10/site-packages:${PYTHONPATH} /usr/bin/python3 -W ignore:setup.py install is deprecated setup.py develop --editable --build-directory /home/deltahigh/cbr-2024/drone_104/src/build/mavlink_pkg/build --no-deps symlink_data
[2.839s] Level 1:colcon.colcon_core.environment:checking '/home/deltahigh/cbr-2024/drone_104/src/install/mavlink_pkg' for CMake module files
[2.840s] Level 1:colcon.colcon_core.environment:checking '/home/deltahigh/cbr-2024/drone_104/src/install/mavlink_pkg' for CMake config files
[2.842s] Level 1:colcon.colcon_core.environment:checking '/home/deltahigh/cbr-2024/drone_104/src/install/mavlink_pkg/lib'
[2.843s] Level 1:colcon.colcon_core.environment:checking '/home/deltahigh/cbr-2024/drone_104/src/install/mavlink_pkg/bin'
[2.843s] Level 1:colcon.colcon_core.environment:checking '/home/deltahigh/cbr-2024/drone_104/src/install/mavlink_pkg/lib/pkgconfig/mavlink_pkg.pc'
[2.843s] Level 1:colcon.colcon_core.environment:checking '/home/deltahigh/cbr-2024/drone_104/src/install/mavlink_pkg/lib/python3.10/site-packages'
[2.843s] Level 1:colcon.colcon_core.shell:create_environment_hook('mavlink_pkg', 'pythonpath')
[2.843s] INFO:colcon.colcon_core.shell:Creating environment hook '/home/deltahigh/cbr-2024/drone_104/src/install/mavlink_pkg/share/mavlink_pkg/hook/pythonpath.ps1'
[2.844s] INFO:colcon.colcon_core.shell:Creating environment descriptor '/home/deltahigh/cbr-2024/drone_104/src/install/mavlink_pkg/share/mavlink_pkg/hook/pythonpath.dsv'
[2.844s] INFO:colcon.colcon_core.shell:Creating environment hook '/home/deltahigh/cbr-2024/drone_104/src/install/mavlink_pkg/share/mavlink_pkg/hook/pythonpath.sh'
[2.845s] Level 1:colcon.colcon_core.environment:checking '/home/deltahigh/cbr-2024/drone_104/src/install/mavlink_pkg/bin'
[2.845s] Level 1:colcon.colcon_core.environment:create_environment_scripts_only(mavlink_pkg)
[2.846s] INFO:colcon.colcon_core.shell:Creating package script '/home/deltahigh/cbr-2024/drone_104/src/install/mavlink_pkg/share/mavlink_pkg/package.ps1'
[2.850s] INFO:colcon.colcon_core.shell:Creating package descriptor '/home/deltahigh/cbr-2024/drone_104/src/install/mavlink_pkg/share/mavlink_pkg/package.dsv'
[2.862s] INFO:colcon.colcon_core.shell:Creating package script '/home/deltahigh/cbr-2024/drone_104/src/install/mavlink_pkg/share/mavlink_pkg/package.sh'
[2.864s] INFO:colcon.colcon_core.shell:Creating package script '/home/deltahigh/cbr-2024/drone_104/src/install/mavlink_pkg/share/mavlink_pkg/package.bash'
[2.866s] INFO:colcon.colcon_core.shell:Creating package script '/home/deltahigh/cbr-2024/drone_104/src/install/mavlink_pkg/share/mavlink_pkg/package.zsh'
[2.868s] Level 1:colcon.colcon_core.environment:create_file_with_runtime_dependencies(/home/deltahigh/cbr-2024/drone_104/src/install/mavlink_pkg/share/colcon-core/packages/mavlink_pkg)
[2.869s] DEBUG:colcon.colcon_parallel_executor.executor.parallel:closing loop
[2.871s] DEBUG:colcon.colcon_parallel_executor.executor.parallel:loop closed
[2.871s] DEBUG:colcon.colcon_parallel_executor.executor.parallel:run_until_complete finished with '0'
[2.871s] DEBUG:colcon.colcon_core.event_reactor:joining thread
[2.882s] INFO:colcon.colcon_core.plugin_system:Skipping extension 'colcon_notification.desktop_notification.terminal_notifier': Not used on non-Darwin systems
[2.882s] INFO:colcon.colcon_core.plugin_system:Skipping extension 'colcon_notification.desktop_notification.win32': Not used on non-Windows systems
[2.882s] INFO:colcon.colcon_notification.desktop_notification:Sending desktop notification using 'notify2'
[2.910s] DEBUG:colcon.colcon_core.event_reactor:joined thread
[2.911s] INFO:colcon.colcon_core.shell:Creating prefix script '/home/deltahigh/cbr-2024/drone_104/src/install/local_setup.ps1'
[2.913s] INFO:colcon.colcon_core.shell:Creating prefix util module '/home/deltahigh/cbr-2024/drone_104/src/install/_local_setup_util_ps1.py'
[2.915s] INFO:colcon.colcon_core.shell:Creating prefix chain script '/home/deltahigh/cbr-2024/drone_104/src/install/setup.ps1'
[2.917s] INFO:colcon.colcon_core.shell:Creating prefix script '/home/deltahigh/cbr-2024/drone_104/src/install/local_setup.sh'
[2.931s] INFO:colcon.colcon_core.shell:Creating prefix util module '/home/deltahigh/cbr-2024/drone_104/src/install/_local_setup_util_sh.py'
[2.932s] INFO:colcon.colcon_core.shell:Creating prefix chain script '/home/deltahigh/cbr-2024/drone_104/src/install/setup.sh'
[2.935s] INFO:colcon.colcon_core.shell:Creating prefix script '/home/deltahigh/cbr-2024/drone_104/src/install/local_setup.bash'
[2.937s] INFO:colcon.colcon_core.shell:Creating prefix chain script '/home/deltahigh/cbr-2024/drone_104/src/install/setup.bash'
[2.939s] INFO:colcon.colcon_core.shell:Creating prefix script '/home/deltahigh/cbr-2024/drone_104/src/install/local_setup.zsh'
[2.940s] INFO:colcon.colcon_core.shell:Creating prefix chain script '/home/deltahigh/cbr-2024/drone_104/src/install/setup.zsh'
