[0.057s] Invoking command in '/home/joao/cbr-2024/ldrobot-lidar-ros2/ldlidar_node/build/ldlidar_node': CMAKE_PREFIX_PATH=/opt/ros/humble /usr/bin/cmake /home/joao/cbr-2024/ldrobot-lidar-ros2/ldlidar_node -DCMAKE_BUILD_TYPE=Release -DAMENT_CMAKE_SYMLINK_INSTALL=1 -DCMAKE_INSTALL_PREFIX=/home/joao/cbr-2024/ldrobot-lidar-ros2/ldlidar_node/install/ldlidar_node
[0.066s] --  * Release Mode
[0.067s] -- * Found ROS2 humble
[0.067s] -- * ROS2 humble is officially supported by this package.
[0.067s] -- Found ament_cmake: 1.3.9 (/opt/ros/humble/share/ament_cmake/cmake)
[0.168s] -- Override CMake install command with custom implementation using symlinks instead of copying resources
[0.174s] -- Found rclcpp: 16.0.9 (/opt/ros/humble/share/rclcpp/cmake)
[0.199s] -- Found rosidl_generator_c: 3.1.5 (/opt/ros/humble/share/rosidl_generator_c/cmake)
[0.201s] -- Found rosidl_adapter: 3.1.5 (/opt/ros/humble/share/rosidl_adapter/cmake)
[0.206s] -- Found rosidl_generator_cpp: 3.1.5 (/opt/ros/humble/share/rosidl_generator_cpp/cmake)
[0.215s] -- Using all available rosidl_typesupport_c: rosidl_typesupport_fastrtps_c;rosidl_typesupport_introspection_c
[0.228s] -- Using all available rosidl_typesupport_cpp: rosidl_typesupport_fastrtps_cpp;rosidl_typesupport_introspection_cpp
[0.279s] -- Found rmw_implementation_cmake: 6.1.2 (/opt/ros/humble/share/rmw_implementation_cmake/cmake)
[0.280s] -- Found rmw_fastrtps_cpp: 6.2.6 (/opt/ros/humble/share/rmw_fastrtps_cpp/cmake)
[0.385s] -- Using RMW implementation 'rmw_fastrtps_cpp' as default
[0.534s] -- Found rclcpp_components: 16.0.9 (/opt/ros/humble/share/rclcpp_components/cmake)
[0.585s] -- Found rclcpp_lifecycle: 16.0.9 (/opt/ros/humble/share/rclcpp_lifecycle/cmake)
[0.627s] [31mCMake Error at CMakeLists.txt:92 (find_package):
[0.627s]   By not providing "Findldlidar_component.cmake" in CMAKE_MODULE_PATH this
[0.627s]   project has asked CMake to find a package configuration file provided by
[0.627s]   "ldlidar_component", but CMake did not find one.
[0.627s] 
[0.627s]   Could not find a package configuration file provided by "ldlidar_component"
[0.627s]   with any of the following names:
[0.628s] 
[0.628s]     ldlidar_componentConfig.cmake
[0.628s]     ldlidar_component-config.cmake
[0.628s] 
[0.628s]   Add the installation prefix of "ldlidar_component" to CMAKE_PREFIX_PATH or
[0.628s]   set "ldlidar_component_DIR" to a directory containing one of the above
[0.628s]   files.  If "ldlidar_component" provides a separate development package or
[0.628s]   SDK, be sure it has been installed.
[0.628s] 
[0.628s] [0m
[0.629s] -- Configuring incomplete, errors occurred!
[0.629s] See also "/home/joao/cbr-2024/ldrobot-lidar-ros2/ldlidar_node/build/ldlidar_node/CMakeFiles/CMakeOutput.log".
[0.635s] Invoked command in '/home/joao/cbr-2024/ldrobot-lidar-ros2/ldlidar_node/build/ldlidar_node' returned '1': CMAKE_PREFIX_PATH=/opt/ros/humble /usr/bin/cmake /home/joao/cbr-2024/ldrobot-lidar-ros2/ldlidar_node -DCMAKE_BUILD_TYPE=Release -DAMENT_CMAKE_SYMLINK_INSTALL=1 -DCMAKE_INSTALL_PREFIX=/home/joao/cbr-2024/ldrobot-lidar-ros2/ldlidar_node/install/ldlidar_node
