-- Found ament_cmake: 1.3.9 (/opt/ros/humble/share/ament_cmake/cmake)
-- Found Python3: /usr/bin/python3 (found version "3.10.12") found components: Interpreter 
-- Configuring done
-- Generating done
-- Build files have been written to: /home/deltahigh/ldrobot-lidar-ros2/build/ldlidar
-- Install configuration: ""
-- Installing: /home/deltahigh/ldrobot-lidar-ros2/install/ldlidar/share/ament_index/resource_index/package_run_dependencies/ldlidar
-- Installing: /home/deltahigh/ldrobot-lidar-ros2/install/ldlidar/share/ament_index/resource_index/parent_prefix_path/ldlidar
-- Installing: /home/deltahigh/ldrobot-lidar-ros2/install/ldlidar/share/ldlidar/environment/ament_prefix_path.sh
-- Installing: /home/deltahigh/ldrobot-lidar-ros2/install/ldlidar/share/ldlidar/environment/ament_prefix_path.dsv
-- Installing: /home/deltahigh/ldrobot-lidar-ros2/install/ldlidar/share/ldlidar/environment/path.sh
-- Installing: /home/deltahigh/ldrobot-lidar-ros2/install/ldlidar/share/ldlidar/environment/path.dsv
-- Installing: /home/deltahigh/ldrobot-lidar-ros2/install/ldlidar/share/ldlidar/local_setup.bash
-- Installing: /home/deltahigh/ldrobot-lidar-ros2/install/ldlidar/share/ldlidar/local_setup.sh
-- Installing: /home/deltahigh/ldrobot-lidar-ros2/install/ldlidar/share/ldlidar/local_setup.zsh
-- Installing: /home/deltahigh/ldrobot-lidar-ros2/install/ldlidar/share/ldlidar/local_setup.dsv
-- Installing: /home/deltahigh/ldrobot-lidar-ros2/install/ldlidar/share/ldlidar/package.dsv
-- Installing: /home/deltahigh/ldrobot-lidar-ros2/install/ldlidar/share/ament_index/resource_index/packages/ldlidar
-- Installing: /home/deltahigh/ldrobot-lidar-ros2/install/ldlidar/share/ldlidar/cmake/ldlidarConfig.cmake
-- Installing: /home/deltahigh/ldrobot-lidar-ros2/install/ldlidar/share/ldlidar/cmake/ldlidarConfig-version.cmake
-- Installing: /home/deltahigh/ldrobot-lidar-ros2/install/ldlidar/share/ldlidar/package.xml
