[0.032s] Invoking command in '/home/deltahigh/ldrobot-lidar-ros2/build/ldlidar': CMAKE_PREFIX_PATH=/home/deltahigh/ldrobot-lidar-ros2/install/ldlidar_node:/home/deltahigh/ldrobot-lidar-ros2/install/ldlidar_component:/home/deltahigh/ldrobot-lidar-ros2/ldlidar_node/install/ldlidar_node:/home/deltahigh/ldrobot-lidar-ros2/install/ldlidar:/home/deltahigh/cbr-2024/cbr-2024/drone_108/install/camera_pkg:/home/deltahigh/cbr-2024/cbr-2024/drone_108/install/mavlink_pkg:/home/deltahigh/cbr-2024/cbr-2024/drone_108/install/face_tracking:/home/deltahigh/cbr-2024/cbr-2024/drone_108/install/camera_test:/opt/ros/humble /usr/bin/cmake /home/deltahigh/ldrobot-lidar-ros2/ldlidar -DCMAKE_INSTALL_PREFIX=/home/deltahigh/ldrobot-lidar-ros2/install/ldlidar
[0.078s] -- Found ament_cmake: 1.3.9 (/opt/ros/humble/share/ament_cmake/cmake)
[0.306s] -- Found Python3: /usr/bin/python3 (found version "3.10.12") found components: Interpreter 
[0.624s] -- Configuring done
[0.648s] -- Generating done
[0.661s] -- Build files have been written to: /home/deltahigh/ldrobot-lidar-ros2/build/ldlidar
[0.666s] Invoked command in '/home/deltahigh/ldrobot-lidar-ros2/build/ldlidar' returned '0': CMAKE_PREFIX_PATH=/home/deltahigh/ldrobot-lidar-ros2/install/ldlidar_node:/home/deltahigh/ldrobot-lidar-ros2/install/ldlidar_component:/home/deltahigh/ldrobot-lidar-ros2/ldlidar_node/install/ldlidar_node:/home/deltahigh/ldrobot-lidar-ros2/install/ldlidar:/home/deltahigh/cbr-2024/cbr-2024/drone_108/install/camera_pkg:/home/deltahigh/cbr-2024/cbr-2024/drone_108/install/mavlink_pkg:/home/deltahigh/cbr-2024/cbr-2024/drone_108/install/face_tracking:/home/deltahigh/cbr-2024/cbr-2024/drone_108/install/camera_test:/opt/ros/humble /usr/bin/cmake /home/deltahigh/ldrobot-lidar-ros2/ldlidar -DCMAKE_INSTALL_PREFIX=/home/deltahigh/ldrobot-lidar-ros2/install/ldlidar
[0.667s] Invoking command in '/home/deltahigh/ldrobot-lidar-ros2/build/ldlidar': CMAKE_PREFIX_PATH=/home/deltahigh/ldrobot-lidar-ros2/install/ldlidar_node:/home/deltahigh/ldrobot-lidar-ros2/install/ldlidar_component:/home/deltahigh/ldrobot-lidar-ros2/ldlidar_node/install/ldlidar_node:/home/deltahigh/ldrobot-lidar-ros2/install/ldlidar:/home/deltahigh/cbr-2024/cbr-2024/drone_108/install/camera_pkg:/home/deltahigh/cbr-2024/cbr-2024/drone_108/install/mavlink_pkg:/home/deltahigh/cbr-2024/cbr-2024/drone_108/install/face_tracking:/home/deltahigh/cbr-2024/cbr-2024/drone_108/install/camera_test:/opt/ros/humble /usr/bin/cmake --build /home/deltahigh/ldrobot-lidar-ros2/build/ldlidar -- -j3 -l3
[0.742s] Invoked command in '/home/deltahigh/ldrobot-lidar-ros2/build/ldlidar' returned '0': CMAKE_PREFIX_PATH=/home/deltahigh/ldrobot-lidar-ros2/install/ldlidar_node:/home/deltahigh/ldrobot-lidar-ros2/install/ldlidar_component:/home/deltahigh/ldrobot-lidar-ros2/ldlidar_node/install/ldlidar_node:/home/deltahigh/ldrobot-lidar-ros2/install/ldlidar:/home/deltahigh/cbr-2024/cbr-2024/drone_108/install/camera_pkg:/home/deltahigh/cbr-2024/cbr-2024/drone_108/install/mavlink_pkg:/home/deltahigh/cbr-2024/cbr-2024/drone_108/install/face_tracking:/home/deltahigh/cbr-2024/cbr-2024/drone_108/install/camera_test:/opt/ros/humble /usr/bin/cmake --build /home/deltahigh/ldrobot-lidar-ros2/build/ldlidar -- -j3 -l3
[0.797s] Invoking command in '/home/deltahigh/ldrobot-lidar-ros2/build/ldlidar': CMAKE_PREFIX_PATH=/home/deltahigh/ldrobot-lidar-ros2/install/ldlidar_node:/home/deltahigh/ldrobot-lidar-ros2/install/ldlidar_component:/home/deltahigh/ldrobot-lidar-ros2/ldlidar_node/install/ldlidar_node:/home/deltahigh/ldrobot-lidar-ros2/install/ldlidar:/home/deltahigh/cbr-2024/cbr-2024/drone_108/install/camera_pkg:/home/deltahigh/cbr-2024/cbr-2024/drone_108/install/mavlink_pkg:/home/deltahigh/cbr-2024/cbr-2024/drone_108/install/face_tracking:/home/deltahigh/cbr-2024/cbr-2024/drone_108/install/camera_test:/opt/ros/humble /usr/bin/cmake --install /home/deltahigh/ldrobot-lidar-ros2/build/ldlidar
[0.806s] -- Install configuration: ""
[0.807s] -- Installing: /home/deltahigh/ldrobot-lidar-ros2/install/ldlidar/share/ament_index/resource_index/package_run_dependencies/ldlidar
[0.815s] -- Installing: /home/deltahigh/ldrobot-lidar-ros2/install/ldlidar/share/ament_index/resource_index/parent_prefix_path/ldlidar
[0.826s] -- Installing: /home/deltahigh/ldrobot-lidar-ros2/install/ldlidar/share/ldlidar/environment/ament_prefix_path.sh
[0.826s] -- Installing: /home/deltahigh/ldrobot-lidar-ros2/install/ldlidar/share/ldlidar/environment/ament_prefix_path.dsv
[0.826s] -- Installing: /home/deltahigh/ldrobot-lidar-ros2/install/ldlidar/share/ldlidar/environment/path.sh
[0.826s] -- Installing: /home/deltahigh/ldrobot-lidar-ros2/install/ldlidar/share/ldlidar/environment/path.dsv
[0.826s] -- Installing: /home/deltahigh/ldrobot-lidar-ros2/install/ldlidar/share/ldlidar/local_setup.bash
[0.826s] -- Installing: /home/deltahigh/ldrobot-lidar-ros2/install/ldlidar/share/ldlidar/local_setup.sh
[0.840s] -- Installing: /home/deltahigh/ldrobot-lidar-ros2/install/ldlidar/share/ldlidar/local_setup.zsh
[0.842s] -- Installing: /home/deltahigh/ldrobot-lidar-ros2/install/ldlidar/share/ldlidar/local_setup.dsv
[0.842s] -- Installing: /home/deltahigh/ldrobot-lidar-ros2/install/ldlidar/share/ldlidar/package.dsv
[0.842s] -- Installing: /home/deltahigh/ldrobot-lidar-ros2/install/ldlidar/share/ament_index/resource_index/packages/ldlidar
[0.849s] -- Installing: /home/deltahigh/ldrobot-lidar-ros2/install/ldlidar/share/ldlidar/cmake/ldlidarConfig.cmake
[0.849s] -- Installing: /home/deltahigh/ldrobot-lidar-ros2/install/ldlidar/share/ldlidar/cmake/ldlidarConfig-version.cmake
[0.849s] -- Installing: /home/deltahigh/ldrobot-lidar-ros2/install/ldlidar/share/ldlidar/package.xml
[0.850s] Invoked command in '/home/deltahigh/ldrobot-lidar-ros2/build/ldlidar' returned '0': CMAKE_PREFIX_PATH=/home/deltahigh/ldrobot-lidar-ros2/install/ldlidar_node:/home/deltahigh/ldrobot-lidar-ros2/install/ldlidar_component:/home/deltahigh/ldrobot-lidar-ros2/ldlidar_node/install/ldlidar_node:/home/deltahigh/ldrobot-lidar-ros2/install/ldlidar:/home/deltahigh/cbr-2024/cbr-2024/drone_108/install/camera_pkg:/home/deltahigh/cbr-2024/cbr-2024/drone_108/install/mavlink_pkg:/home/deltahigh/cbr-2024/cbr-2024/drone_108/install/face_tracking:/home/deltahigh/cbr-2024/cbr-2024/drone_108/install/camera_test:/opt/ros/humble /usr/bin/cmake --install /home/deltahigh/ldrobot-lidar-ros2/build/ldlidar
