[0.074s] Invoking command in '/home/joao/cbr-2024/ldrobot-lidar-ros2/ldlidar_node/build/ldlidar_node': CMAKE_PREFIX_PATH=${CMAKE_PREFIX_PATH}:/opt/ros/humble /usr/bin/cmake /home/joao/cbr-2024/ldrobot-lidar-ros2/ldlidar_node -DCMAKE_INSTALL_PREFIX=/home/joao/cbr-2024/ldrobot-lidar-ros2/ldlidar_node/install/ldlidar_node
[0.083s] --  * Release Mode
[0.083s] -- * Found ROS2 humble
[0.083s] -- * ROS2 humble is officially supported by this package.
[0.084s] -- Found ament_cmake: 1.3.9 (/opt/ros/humble/share/ament_cmake/cmake)
[0.183s] -- Override CMake install command with custom implementation using symlinks instead of copying resources
[0.188s] -- Found rclcpp: 16.0.9 (/opt/ros/humble/share/rclcpp/cmake)
[0.214s] -- Found rosidl_generator_c: 3.1.5 (/opt/ros/humble/share/rosidl_generator_c/cmake)
[0.216s] -- Found rosidl_adapter: 3.1.5 (/opt/ros/humble/share/rosidl_adapter/cmake)
[0.221s] -- Found rosidl_generator_cpp: 3.1.5 (/opt/ros/humble/share/rosidl_generator_cpp/cmake)
[0.231s] -- Using all available rosidl_typesupport_c: rosidl_typesupport_fastrtps_c;rosidl_typesupport_introspection_c
[0.245s] -- Using all available rosidl_typesupport_cpp: rosidl_typesupport_fastrtps_cpp;rosidl_typesupport_introspection_cpp
[0.294s] -- Found rmw_implementation_cmake: 6.1.2 (/opt/ros/humble/share/rmw_implementation_cmake/cmake)
[0.296s] -- Found rmw_fastrtps_cpp: 6.2.6 (/opt/ros/humble/share/rmw_fastrtps_cpp/cmake)
[0.400s] -- Using RMW implementation 'rmw_fastrtps_cpp' as default
[0.554s] -- Found rclcpp_components: 16.0.9 (/opt/ros/humble/share/rclcpp_components/cmake)
[0.605s] -- Found rclcpp_lifecycle: 16.0.9 (/opt/ros/humble/share/rclcpp_lifecycle/cmake)
[0.639s] -- Found ldlidar_component: 0.2.0 (/home/joao/cbr-2024/ldrobot-lidar-ros2/install/ldlidar_component/share/ldlidar_component/cmake)
[1.357s] -- Found eigen3_cmake_module: 0.1.1 (/opt/ros/humble/share/eigen3_cmake_module/cmake)
[1.359s] -- Found Eigen3: TRUE (found version "3.4.0") 
[1.359s] -- Ensuring Eigen3 include directory is part of orocos-kdl CMake target
[2.331s] -- Found ament_lint_auto: 0.12.11 (/opt/ros/humble/share/ament_lint_auto/cmake)
[2.436s] -- Found python_cmake_module: 0.10.0 (/opt/ros/humble/share/python_cmake_module/cmake)
[2.455s] -- Found PythonInterp: /usr/bin/python3 (found suitable version "3.10.12", minimum required is "3.6") 
[2.459s] -- Found PythonLibs: /usr/lib/x86_64-linux-gnu/libpython3.10.so (found suitable version "3.10.12", minimum required is "3.5") 
[2.459s] -- Using PYTHON_EXECUTABLE: /usr/bin/python3
[2.459s] -- Using PYTHON_INCLUDE_DIRS: /usr/include/python3.10
[2.459s] -- Using PYTHON_LIBRARIES: /usr/lib/x86_64-linux-gnu/libpython3.10.so
[2.478s] -- Found PythonExtra: .so  
[2.483s] -- Added test 'copyright' to check source files copyright and LICENSE
[2.505s] -- Added test 'cppcheck' to perform static code analysis on C / C++ code
[2.505s] -- Configured cppcheck include dirs: 
[2.505s] -- Configured cppcheck exclude dirs and/or files: 
[2.527s] -- Added test 'cpplint' to check C / C++ code against the Google style
[2.527s] -- Configured cpplint exclude dirs and/or files: 
[2.531s] -- Added test 'flake8' to check Python code syntax and style conventions
[2.538s] -- Added test 'lint_cmake' to check CMake code style
[2.541s] -- Added test 'pep257' to check Python code against some of the docstring style conventions in PEP 257
[2.563s] -- Added test 'uncrustify' to check C / C++ code style
[2.563s] -- Configured uncrustify additional arguments: 
[2.567s] -- Added test 'xmllint' to check XML markup files
[2.568s] -- Configuring done
[2.635s] -- Generating done
[2.638s] -- Build files have been written to: /home/joao/cbr-2024/ldrobot-lidar-ros2/ldlidar_node/build/ldlidar_node
[2.646s] Invoked command in '/home/joao/cbr-2024/ldrobot-lidar-ros2/ldlidar_node/build/ldlidar_node' returned '0': CMAKE_PREFIX_PATH=${CMAKE_PREFIX_PATH}:/opt/ros/humble /usr/bin/cmake /home/joao/cbr-2024/ldrobot-lidar-ros2/ldlidar_node -DCMAKE_INSTALL_PREFIX=/home/joao/cbr-2024/ldrobot-lidar-ros2/ldlidar_node/install/ldlidar_node
[2.648s] Invoking command in '/home/joao/cbr-2024/ldrobot-lidar-ros2/ldlidar_node/build/ldlidar_node': CMAKE_PREFIX_PATH=${CMAKE_PREFIX_PATH}:/opt/ros/humble /usr/bin/cmake --build /home/joao/cbr-2024/ldrobot-lidar-ros2/ldlidar_node/build/ldlidar_node -- -j8 -l8
[2.681s] [35m[1mConsolidate compiler generated dependencies of target ldlidar_node[0m
[2.696s] [ 50%] [32mBuilding CXX object CMakeFiles/ldlidar_node.dir/src/ldlidar_container_node.cpp.o[0m
[2.757s] [100%] [32m[1mLinking CXX executable ldlidar_node[0m
[2.974s] [100%] Built target ldlidar_node
[2.982s] Invoked command in '/home/joao/cbr-2024/ldrobot-lidar-ros2/ldlidar_node/build/ldlidar_node' returned '0': CMAKE_PREFIX_PATH=${CMAKE_PREFIX_PATH}:/opt/ros/humble /usr/bin/cmake --build /home/joao/cbr-2024/ldrobot-lidar-ros2/ldlidar_node/build/ldlidar_node -- -j8 -l8
[3.008s] Invoking command in '/home/joao/cbr-2024/ldrobot-lidar-ros2/ldlidar_node/build/ldlidar_node': CMAKE_PREFIX_PATH=${CMAKE_PREFIX_PATH}:/opt/ros/humble /usr/bin/cmake --install /home/joao/cbr-2024/ldrobot-lidar-ros2/ldlidar_node/build/ldlidar_node
[3.014s] -- Install configuration: "Release"
[3.014s] -- Execute custom install script
[3.015s] -- Symlinking: /home/joao/cbr-2024/ldrobot-lidar-ros2/ldlidar_node/install/ldlidar_node/lib/ldlidar_node/ldlidar_node
[3.022s] -- Symlinking: /home/joao/cbr-2024/ldrobot-lidar-ros2/ldlidar_node/install/ldlidar_node/share/ldlidar_node/params/ldlidar.yaml
[3.029s] -- Symlinking: /home/joao/cbr-2024/ldrobot-lidar-ros2/ldlidar_node/install/ldlidar_node/share/ldlidar_node/params/lifecycle_mgr.yaml
[3.038s] -- Symlinking: /home/joao/cbr-2024/ldrobot-lidar-ros2/ldlidar_node/install/ldlidar_node/share/ldlidar_node/params/lifecycle_mgr_slam.yaml
[3.044s] -- Symlinking: /home/joao/cbr-2024/ldrobot-lidar-ros2/ldlidar_node/install/ldlidar_node/share/ldlidar_node/params/slam_toolbox.yaml
[3.051s] -- Symlinking: /home/joao/cbr-2024/ldrobot-lidar-ros2/ldlidar_node/install/ldlidar_node/share/ldlidar_node/config/ldlidar.rviz
[3.058s] -- Symlinking: /home/joao/cbr-2024/ldrobot-lidar-ros2/ldlidar_node/install/ldlidar_node/share/ldlidar_node/config/ldlidar_slam.rviz
[3.065s] -- Symlinking: /home/joao/cbr-2024/ldrobot-lidar-ros2/ldlidar_node/install/ldlidar_node/share/ldlidar_node/urdf/ldlidar_descr.urdf.xml
[3.073s] -- Symlinking: /home/joao/cbr-2024/ldrobot-lidar-ros2/ldlidar_node/install/ldlidar_node/share/ldlidar_node/urdf/model/LD19.stl
[3.080s] -- Symlinking: /home/joao/cbr-2024/ldrobot-lidar-ros2/ldlidar_node/install/ldlidar_node/share/ldlidar_node/launch/ldlidar.launch.py
[3.087s] -- Symlinking: /home/joao/cbr-2024/ldrobot-lidar-ros2/ldlidar_node/install/ldlidar_node/share/ldlidar_node/launch/ldlidar_rviz2.launch.py
[3.094s] -- Symlinking: /home/joao/cbr-2024/ldrobot-lidar-ros2/ldlidar_node/install/ldlidar_node/share/ldlidar_node/launch/ldlidar_slam.launch.py
[3.100s] -- Symlinking: /home/joao/cbr-2024/ldrobot-lidar-ros2/ldlidar_node/install/ldlidar_node/share/ldlidar_node/launch/ldlidar_with_mgr.launch.py
[3.107s] -- Symlinking: /home/joao/cbr-2024/ldrobot-lidar-ros2/ldlidar_node/install/ldlidar_node/share/ament_index/resource_index/package_run_dependencies/ldlidar_node
[3.114s] -- Symlinking: /home/joao/cbr-2024/ldrobot-lidar-ros2/ldlidar_node/install/ldlidar_node/share/ament_index/resource_index/parent_prefix_path/ldlidar_node
[3.121s] -- Symlinking: /home/joao/cbr-2024/ldrobot-lidar-ros2/ldlidar_node/install/ldlidar_node/share/ldlidar_node/environment/ament_prefix_path.sh
[3.128s] -- Symlinking: /home/joao/cbr-2024/ldrobot-lidar-ros2/ldlidar_node/install/ldlidar_node/share/ldlidar_node/environment/ament_prefix_path.dsv
[3.136s] -- Symlinking: /home/joao/cbr-2024/ldrobot-lidar-ros2/ldlidar_node/install/ldlidar_node/share/ldlidar_node/environment/path.sh
[3.143s] -- Symlinking: /home/joao/cbr-2024/ldrobot-lidar-ros2/ldlidar_node/install/ldlidar_node/share/ldlidar_node/environment/path.dsv
[3.150s] -- Symlinking: /home/joao/cbr-2024/ldrobot-lidar-ros2/ldlidar_node/install/ldlidar_node/share/ldlidar_node/local_setup.bash
[3.157s] -- Symlinking: /home/joao/cbr-2024/ldrobot-lidar-ros2/ldlidar_node/install/ldlidar_node/share/ldlidar_node/local_setup.sh
[3.163s] -- Symlinking: /home/joao/cbr-2024/ldrobot-lidar-ros2/ldlidar_node/install/ldlidar_node/share/ldlidar_node/local_setup.zsh
[3.170s] -- Symlinking: /home/joao/cbr-2024/ldrobot-lidar-ros2/ldlidar_node/install/ldlidar_node/share/ldlidar_node/local_setup.dsv
[3.177s] -- Symlinking: /home/joao/cbr-2024/ldrobot-lidar-ros2/ldlidar_node/install/ldlidar_node/share/ldlidar_node/package.dsv
[3.183s] -- Symlinking: /home/joao/cbr-2024/ldrobot-lidar-ros2/ldlidar_node/install/ldlidar_node/share/ament_index/resource_index/packages/ldlidar_node
[3.190s] -- Symlinking: /home/joao/cbr-2024/ldrobot-lidar-ros2/ldlidar_node/install/ldlidar_node/share/ldlidar_node/cmake/ldlidar_nodeConfig.cmake
[3.197s] -- Symlinking: /home/joao/cbr-2024/ldrobot-lidar-ros2/ldlidar_node/install/ldlidar_node/share/ldlidar_node/cmake/ldlidar_nodeConfig-version.cmake
[3.205s] -- Symlinking: /home/joao/cbr-2024/ldrobot-lidar-ros2/ldlidar_node/install/ldlidar_node/share/ldlidar_node/package.xml
[3.214s] Invoked command in '/home/joao/cbr-2024/ldrobot-lidar-ros2/ldlidar_node/build/ldlidar_node' returned '0': CMAKE_PREFIX_PATH=${CMAKE_PREFIX_PATH}:/opt/ros/humble /usr/bin/cmake --install /home/joao/cbr-2024/ldrobot-lidar-ros2/ldlidar_node/build/ldlidar_node
