[0.964s] DEBUG:colcon:Command line arguments: ['/usr/local/bin/colcon', 'build']
[0.964s] DEBUG:colcon:Parsed command line arguments: Namespace(log_base=None, log_level=None, verb_name='build', build_base='build', install_base='install', merge_install=False, symlink_install=False, test_result_base=None, continue_on_error=False, executor='parallel', parallel_workers=8, event_handlers=None, ignore_user_meta=False, metas=['./colcon.meta'], base_paths=['.'], packages_ignore=None, packages_ignore_regex=None, paths=None, packages_up_to=None, packages_up_to_regex=None, packages_above=None, packages_above_and_dependencies=None, packages_above_depth=None, packages_select_by_dep=None, packages_skip_by_dep=None, packages_skip_up_to=None, packages_select_build_failed=False, packages_skip_build_finished=False, packages_select_test_failures=False, packages_skip_test_passed=False, packages_select=None, packages_skip=None, packages_select_regex=None, packages_skip_regex=None, packages_start=None, packages_end=None, cmake_args=None, cmake_target=None, cmake_target_skip_unavailable=False, cmake_clean_cache=False, cmake_clean_first=False, cmake_force_configure=False, ament_cmake_args=None, catkin_cmake_args=None, catkin_skip_building_tests=False, verb_parser=<colcon_defaults.argument_parser.defaults.DefaultArgumentsDecorator object at 0x7ee0761b34f0>, verb_extension=<colcon_core.verb.build.BuildVerb object at 0x7ee0761b3070>, main=<bound method BuildVerb.main of <colcon_core.verb.build.BuildVerb object at 0x7ee0761b3070>>)
[1.017s] Level 1:colcon.colcon_core.package_discovery:discover_packages(colcon_meta) check parameters
[1.018s] Level 1:colcon.colcon_core.package_discovery:discover_packages(recursive) check parameters
[1.018s] Level 1:colcon.colcon_core.package_discovery:discover_packages(ignore) check parameters
[1.018s] Level 1:colcon.colcon_core.package_discovery:discover_packages(path) check parameters
[1.018s] Level 1:colcon.colcon_core.package_discovery:discover_packages(colcon_meta) discover
[1.018s] Level 1:colcon.colcon_core.package_discovery:discover_packages(recursive) discover
[1.018s] INFO:colcon.colcon_core.package_discovery:Crawling recursively for packages in '/home/joao/cbr-2024/ldrobot-lidar-ros2/ldlidar_node'
[1.018s] Level 1:colcon.colcon_core.package_identification:_identify(.) by extensions ['ignore', 'ignore_ament_install']
[1.018s] Level 1:colcon.colcon_core.package_identification:_identify(.) by extension 'ignore'
[1.018s] Level 1:colcon.colcon_core.package_identification:_identify(.) by extension 'ignore_ament_install'
[1.018s] Level 1:colcon.colcon_core.package_identification:_identify(.) by extensions ['colcon_pkg']
[1.018s] Level 1:colcon.colcon_core.package_identification:_identify(.) by extension 'colcon_pkg'
[1.018s] Level 1:colcon.colcon_core.package_identification:_identify(.) by extensions ['colcon_meta']
[1.018s] Level 1:colcon.colcon_core.package_identification:_identify(.) by extension 'colcon_meta'
[1.018s] Level 1:colcon.colcon_core.package_identification:_identify(.) by extensions ['ros']
[1.018s] Level 1:colcon.colcon_core.package_identification:_identify(.) by extension 'ros'
[1.032s] DEBUG:colcon.colcon_core.package_identification:Package '.' with type 'ros.ament_cmake' and name 'ldlidar_node'
[1.032s] Level 1:colcon.colcon_core.package_discovery:discover_packages(recursive) using defaults
[1.032s] Level 1:colcon.colcon_core.package_discovery:discover_packages(ignore) discover
[1.032s] Level 1:colcon.colcon_core.package_discovery:discover_packages(ignore) using defaults
[1.032s] Level 1:colcon.colcon_core.package_discovery:discover_packages(path) discover
[1.033s] Level 1:colcon.colcon_core.package_discovery:discover_packages(path) using defaults
[1.109s] Level 5:colcon.colcon_core.verb:set package 'ldlidar_node' build argument 'cmake_args' from command line to 'None'
[1.109s] Level 5:colcon.colcon_core.verb:set package 'ldlidar_node' build argument 'cmake_target' from command line to 'None'
[1.109s] Level 5:colcon.colcon_core.verb:set package 'ldlidar_node' build argument 'cmake_target_skip_unavailable' from command line to 'False'
[1.109s] Level 5:colcon.colcon_core.verb:set package 'ldlidar_node' build argument 'cmake_clean_cache' from command line to 'False'
[1.109s] Level 5:colcon.colcon_core.verb:set package 'ldlidar_node' build argument 'cmake_clean_first' from command line to 'False'
[1.109s] Level 5:colcon.colcon_core.verb:set package 'ldlidar_node' build argument 'cmake_force_configure' from command line to 'False'
[1.109s] Level 5:colcon.colcon_core.verb:set package 'ldlidar_node' build argument 'ament_cmake_args' from command line to 'None'
[1.109s] Level 5:colcon.colcon_core.verb:set package 'ldlidar_node' build argument 'catkin_cmake_args' from command line to 'None'
[1.109s] Level 5:colcon.colcon_core.verb:set package 'ldlidar_node' build argument 'catkin_skip_building_tests' from command line to 'False'
[1.109s] DEBUG:colcon.colcon_core.verb:Building package 'ldlidar_node' with the following arguments: {'ament_cmake_args': None, 'build_base': '/home/joao/cbr-2024/ldrobot-lidar-ros2/ldlidar_node/build/ldlidar_node', 'catkin_cmake_args': None, 'catkin_skip_building_tests': False, 'cmake_args': None, 'cmake_clean_cache': False, 'cmake_clean_first': False, 'cmake_force_configure': False, 'cmake_target': None, 'cmake_target_skip_unavailable': False, 'install_base': '/home/joao/cbr-2024/ldrobot-lidar-ros2/ldlidar_node/install/ldlidar_node', 'merge_install': False, 'path': '/home/joao/cbr-2024/ldrobot-lidar-ros2/ldlidar_node', 'symlink_install': False, 'test_result_base': None}
[1.124s] INFO:colcon.colcon_core.executor:Executing jobs using 'parallel' executor
[1.140s] DEBUG:colcon.colcon_parallel_executor.executor.parallel:run_until_complete
[1.140s] INFO:colcon.colcon_ros.task.ament_cmake.build:Building ROS package in '/home/joao/cbr-2024/ldrobot-lidar-ros2/ldlidar_node' with build type 'ament_cmake'
[1.140s] INFO:colcon.colcon_cmake.task.cmake.build:Building CMake package in '/home/joao/cbr-2024/ldrobot-lidar-ros2/ldlidar_node'
[1.157s] INFO:colcon.colcon_core.plugin_system:Skipping extension 'colcon_core.shell.bat': Not used on non-Windows systems
[1.157s] INFO:colcon.colcon_core.shell:Skip shell extension 'powershell' for command environment: Not usable outside of PowerShell
[1.157s] DEBUG:colcon.colcon_core.shell:Skip shell extension 'dsv' for command environment
[1.215s] DEBUG:colcon.colcon_core.event_handler.log_command:Invoking command in '/home/joao/cbr-2024/ldrobot-lidar-ros2/ldlidar_node/build/ldlidar_node': CMAKE_PREFIX_PATH=${CMAKE_PREFIX_PATH}:/opt/ros/humble /usr/bin/cmake /home/joao/cbr-2024/ldrobot-lidar-ros2/ldlidar_node -DCMAKE_INSTALL_PREFIX=/home/joao/cbr-2024/ldrobot-lidar-ros2/ldlidar_node/install/ldlidar_node
[3.786s] DEBUG:colcon.colcon_core.event_handler.log_command:Invoked command in '/home/joao/cbr-2024/ldrobot-lidar-ros2/ldlidar_node/build/ldlidar_node' returned '0': CMAKE_PREFIX_PATH=${CMAKE_PREFIX_PATH}:/opt/ros/humble /usr/bin/cmake /home/joao/cbr-2024/ldrobot-lidar-ros2/ldlidar_node -DCMAKE_INSTALL_PREFIX=/home/joao/cbr-2024/ldrobot-lidar-ros2/ldlidar_node/install/ldlidar_node
[3.789s] DEBUG:colcon.colcon_core.event_handler.log_command:Invoking command in '/home/joao/cbr-2024/ldrobot-lidar-ros2/ldlidar_node/build/ldlidar_node': CMAKE_PREFIX_PATH=${CMAKE_PREFIX_PATH}:/opt/ros/humble /usr/bin/cmake --build /home/joao/cbr-2024/ldrobot-lidar-ros2/ldlidar_node/build/ldlidar_node -- -j8 -l8
[4.123s] DEBUG:colcon.colcon_core.event_handler.log_command:Invoked command in '/home/joao/cbr-2024/ldrobot-lidar-ros2/ldlidar_node/build/ldlidar_node' returned '0': CMAKE_PREFIX_PATH=${CMAKE_PREFIX_PATH}:/opt/ros/humble /usr/bin/cmake --build /home/joao/cbr-2024/ldrobot-lidar-ros2/ldlidar_node/build/ldlidar_node -- -j8 -l8
[4.149s] DEBUG:colcon.colcon_core.event_handler.log_command:Invoking command in '/home/joao/cbr-2024/ldrobot-lidar-ros2/ldlidar_node/build/ldlidar_node': CMAKE_PREFIX_PATH=${CMAKE_PREFIX_PATH}:/opt/ros/humble /usr/bin/cmake --install /home/joao/cbr-2024/ldrobot-lidar-ros2/ldlidar_node/build/ldlidar_node
[4.353s] Level 1:colcon.colcon_core.environment:create_environment_scripts_only(ldlidar_node)
[4.354s] DEBUG:colcon.colcon_core.event_handler.log_command:Invoked command in '/home/joao/cbr-2024/ldrobot-lidar-ros2/ldlidar_node/build/ldlidar_node' returned '0': CMAKE_PREFIX_PATH=${CMAKE_PREFIX_PATH}:/opt/ros/humble /usr/bin/cmake --install /home/joao/cbr-2024/ldrobot-lidar-ros2/ldlidar_node/build/ldlidar_node
[4.371s] Level 1:colcon.colcon_core.environment:checking '/home/joao/cbr-2024/ldrobot-lidar-ros2/ldlidar_node/install/ldlidar_node' for CMake module files
[4.371s] Level 1:colcon.colcon_core.environment:checking '/home/joao/cbr-2024/ldrobot-lidar-ros2/ldlidar_node/install/ldlidar_node' for CMake config files
[4.372s] Level 1:colcon.colcon_core.shell:create_environment_hook('ldlidar_node', 'cmake_prefix_path')
[4.388s] INFO:colcon.colcon_core.shell:Creating environment hook '/home/joao/cbr-2024/ldrobot-lidar-ros2/ldlidar_node/install/ldlidar_node/share/ldlidar_node/hook/cmake_prefix_path.ps1'
[4.389s] INFO:colcon.colcon_core.shell:Creating environment descriptor '/home/joao/cbr-2024/ldrobot-lidar-ros2/ldlidar_node/install/ldlidar_node/share/ldlidar_node/hook/cmake_prefix_path.dsv'
[4.389s] INFO:colcon.colcon_core.shell:Creating environment hook '/home/joao/cbr-2024/ldrobot-lidar-ros2/ldlidar_node/install/ldlidar_node/share/ldlidar_node/hook/cmake_prefix_path.sh'
[4.390s] Level 1:colcon.colcon_core.environment:checking '/home/joao/cbr-2024/ldrobot-lidar-ros2/ldlidar_node/install/ldlidar_node/lib'
[4.390s] Level 1:colcon.colcon_core.environment:checking '/home/joao/cbr-2024/ldrobot-lidar-ros2/ldlidar_node/install/ldlidar_node/bin'
[4.390s] Level 1:colcon.colcon_core.environment:checking '/home/joao/cbr-2024/ldrobot-lidar-ros2/ldlidar_node/install/ldlidar_node/lib/pkgconfig/ldlidar_node.pc'
[4.391s] Level 1:colcon.colcon_core.environment:checking '/home/joao/cbr-2024/ldrobot-lidar-ros2/ldlidar_node/install/ldlidar_node/lib/python3.10/site-packages'
[4.392s] Level 1:colcon.colcon_core.environment:checking '/home/joao/cbr-2024/ldrobot-lidar-ros2/ldlidar_node/install/ldlidar_node/bin'
[4.407s] INFO:colcon.colcon_core.shell:Creating package script '/home/joao/cbr-2024/ldrobot-lidar-ros2/ldlidar_node/install/ldlidar_node/share/ldlidar_node/package.ps1'
[4.408s] INFO:colcon.colcon_core.shell:Creating package descriptor '/home/joao/cbr-2024/ldrobot-lidar-ros2/ldlidar_node/install/ldlidar_node/share/ldlidar_node/package.dsv'
[4.409s] INFO:colcon.colcon_core.shell:Creating package script '/home/joao/cbr-2024/ldrobot-lidar-ros2/ldlidar_node/install/ldlidar_node/share/ldlidar_node/package.sh'
[4.410s] INFO:colcon.colcon_core.shell:Creating package script '/home/joao/cbr-2024/ldrobot-lidar-ros2/ldlidar_node/install/ldlidar_node/share/ldlidar_node/package.bash'
[4.410s] INFO:colcon.colcon_core.shell:Creating package script '/home/joao/cbr-2024/ldrobot-lidar-ros2/ldlidar_node/install/ldlidar_node/share/ldlidar_node/package.zsh'
[4.411s] Level 1:colcon.colcon_core.environment:create_file_with_runtime_dependencies(/home/joao/cbr-2024/ldrobot-lidar-ros2/ldlidar_node/install/ldlidar_node/share/colcon-core/packages/ldlidar_node)
[4.446s] Level 1:colcon.colcon_core.environment:create_environment_scripts_only(ldlidar_node)
[4.462s] Level 1:colcon.colcon_core.environment:checking '/home/joao/cbr-2024/ldrobot-lidar-ros2/ldlidar_node/install/ldlidar_node' for CMake module files
[4.463s] Level 1:colcon.colcon_core.environment:checking '/home/joao/cbr-2024/ldrobot-lidar-ros2/ldlidar_node/install/ldlidar_node' for CMake config files
[4.463s] Level 1:colcon.colcon_core.shell:create_environment_hook('ldlidar_node', 'cmake_prefix_path')
[4.479s] INFO:colcon.colcon_core.shell:Creating environment hook '/home/joao/cbr-2024/ldrobot-lidar-ros2/ldlidar_node/install/ldlidar_node/share/ldlidar_node/hook/cmake_prefix_path.ps1'
[4.479s] INFO:colcon.colcon_core.shell:Creating environment descriptor '/home/joao/cbr-2024/ldrobot-lidar-ros2/ldlidar_node/install/ldlidar_node/share/ldlidar_node/hook/cmake_prefix_path.dsv'
[4.480s] INFO:colcon.colcon_core.shell:Creating environment hook '/home/joao/cbr-2024/ldrobot-lidar-ros2/ldlidar_node/install/ldlidar_node/share/ldlidar_node/hook/cmake_prefix_path.sh'
[4.481s] Level 1:colcon.colcon_core.environment:checking '/home/joao/cbr-2024/ldrobot-lidar-ros2/ldlidar_node/install/ldlidar_node/lib'
[4.481s] Level 1:colcon.colcon_core.environment:checking '/home/joao/cbr-2024/ldrobot-lidar-ros2/ldlidar_node/install/ldlidar_node/bin'
[4.481s] Level 1:colcon.colcon_core.environment:checking '/home/joao/cbr-2024/ldrobot-lidar-ros2/ldlidar_node/install/ldlidar_node/lib/pkgconfig/ldlidar_node.pc'
[4.481s] Level 1:colcon.colcon_core.environment:checking '/home/joao/cbr-2024/ldrobot-lidar-ros2/ldlidar_node/install/ldlidar_node/lib/python3.10/site-packages'
[4.481s] Level 1:colcon.colcon_core.environment:checking '/home/joao/cbr-2024/ldrobot-lidar-ros2/ldlidar_node/install/ldlidar_node/bin'
[4.497s] INFO:colcon.colcon_core.shell:Creating package script '/home/joao/cbr-2024/ldrobot-lidar-ros2/ldlidar_node/install/ldlidar_node/share/ldlidar_node/package.ps1'
[4.497s] INFO:colcon.colcon_core.shell:Creating package descriptor '/home/joao/cbr-2024/ldrobot-lidar-ros2/ldlidar_node/install/ldlidar_node/share/ldlidar_node/package.dsv'
[4.498s] INFO:colcon.colcon_core.shell:Creating package script '/home/joao/cbr-2024/ldrobot-lidar-ros2/ldlidar_node/install/ldlidar_node/share/ldlidar_node/package.sh'
[4.498s] INFO:colcon.colcon_core.shell:Creating package script '/home/joao/cbr-2024/ldrobot-lidar-ros2/ldlidar_node/install/ldlidar_node/share/ldlidar_node/package.bash'
[4.499s] INFO:colcon.colcon_core.shell:Creating package script '/home/joao/cbr-2024/ldrobot-lidar-ros2/ldlidar_node/install/ldlidar_node/share/ldlidar_node/package.zsh'
[4.499s] Level 1:colcon.colcon_core.environment:create_file_with_runtime_dependencies(/home/joao/cbr-2024/ldrobot-lidar-ros2/ldlidar_node/install/ldlidar_node/share/colcon-core/packages/ldlidar_node)
[4.499s] DEBUG:colcon.colcon_parallel_executor.executor.parallel:closing loop
[4.500s] DEBUG:colcon.colcon_parallel_executor.executor.parallel:loop closed
[4.500s] DEBUG:colcon.colcon_parallel_executor.executor.parallel:run_until_complete finished with '0'
[4.500s] DEBUG:colcon.colcon_core.event_reactor:joining thread
[4.520s] INFO:colcon.colcon_core.plugin_system:Skipping extension 'colcon_notification.desktop_notification.terminal_notifier': Not used on non-Darwin systems
[4.521s] INFO:colcon.colcon_core.plugin_system:Skipping extension 'colcon_notification.desktop_notification.win32': Not used on non-Windows systems
[4.521s] INFO:colcon.colcon_notification.desktop_notification:Sending desktop notification using 'notify2'
[4.528s] DEBUG:colcon.colcon_core.event_reactor:joined thread
[4.553s] INFO:colcon.colcon_core.shell:Creating prefix script '/home/joao/cbr-2024/ldrobot-lidar-ros2/ldlidar_node/install/local_setup.ps1'
[4.554s] INFO:colcon.colcon_core.shell:Creating prefix util module '/home/joao/cbr-2024/ldrobot-lidar-ros2/ldlidar_node/install/_local_setup_util_ps1.py'
[4.556s] INFO:colcon.colcon_core.shell:Creating prefix chain script '/home/joao/cbr-2024/ldrobot-lidar-ros2/ldlidar_node/install/setup.ps1'
[4.572s] INFO:colcon.colcon_core.shell:Creating prefix script '/home/joao/cbr-2024/ldrobot-lidar-ros2/ldlidar_node/install/local_setup.sh'
[4.572s] INFO:colcon.colcon_core.shell:Creating prefix util module '/home/joao/cbr-2024/ldrobot-lidar-ros2/ldlidar_node/install/_local_setup_util_sh.py'
[4.573s] INFO:colcon.colcon_core.shell:Creating prefix chain script '/home/joao/cbr-2024/ldrobot-lidar-ros2/ldlidar_node/install/setup.sh'
[4.589s] INFO:colcon.colcon_core.shell:Creating prefix script '/home/joao/cbr-2024/ldrobot-lidar-ros2/ldlidar_node/install/local_setup.bash'
[4.589s] INFO:colcon.colcon_core.shell:Creating prefix chain script '/home/joao/cbr-2024/ldrobot-lidar-ros2/ldlidar_node/install/setup.bash'
[4.605s] INFO:colcon.colcon_core.shell:Creating prefix script '/home/joao/cbr-2024/ldrobot-lidar-ros2/ldlidar_node/install/local_setup.zsh'
[4.606s] INFO:colcon.colcon_core.shell:Creating prefix chain script '/home/joao/cbr-2024/ldrobot-lidar-ros2/ldlidar_node/install/setup.zsh'
