[0.432s] DEBUG:colcon:Command line arguments: ['/usr/bin/colcon', 'build', '--packages-select', 'mavlink_pkg']
[0.433s] DEBUG:colcon:Parsed command line arguments: Namespace(log_base=None, log_level=None, verb_name='build', build_base='build', install_base='install', merge_install=False, symlink_install=False, test_result_base=None, continue_on_error=False, executor='parallel', parallel_workers=4, event_handlers=None, ignore_user_meta=False, metas=['./colcon.meta'], base_paths=['.'], packages_ignore=None, packages_ignore_regex=None, paths=None, packages_up_to=None, packages_up_to_regex=None, packages_above=None, packages_above_and_dependencies=None, packages_above_depth=None, packages_select_by_dep=None, packages_skip_by_dep=None, packages_skip_up_to=None, packages_select_build_failed=False, packages_skip_build_finished=False, packages_select_test_failures=False, packages_skip_test_passed=False, packages_select=['mavlink_pkg'], packages_skip=None, packages_select_regex=None, packages_skip_regex=None, packages_start=None, packages_end=None, allow_overriding=[], cmake_args=None, cmake_target=None, cmake_target_skip_unavailable=False, cmake_clean_cache=False, cmake_clean_first=False, cmake_force_configure=False, ament_cmake_args=None, catkin_cmake_args=None, catkin_skip_building_tests=False, verb_parser=<colcon_defaults.argument_parser.defaults.DefaultArgumentsDecorator object at 0xffffa357eb60>, verb_extension=<colcon_core.verb.build.BuildVerb object at 0xffffa357e680>, main=<bound method BuildVerb.main of <colcon_core.verb.build.BuildVerb object at 0xffffa357e680>>)
[1.110s] Level 1:colcon.colcon_core.package_discovery:discover_packages(colcon_meta) check parameters
[1.111s] Level 1:colcon.colcon_core.package_discovery:discover_packages(recursive) check parameters
[1.111s] Level 1:colcon.colcon_core.package_discovery:discover_packages(ignore) check parameters
[1.111s] Level 1:colcon.colcon_core.package_discovery:discover_packages(path) check parameters
[1.111s] Level 1:colcon.colcon_core.package_discovery:discover_packages(colcon_meta) discover
[1.112s] Level 1:colcon.colcon_core.package_discovery:discover_packages(recursive) discover
[1.112s] INFO:colcon.colcon_core.package_discovery:Crawling recursively for packages in '/home/ubuntu/cbr-2024/drone_104'
[1.112s] Level 1:colcon.colcon_core.package_identification:_identify(.) by extensions ['ignore', 'ignore_ament_install']
[1.113s] Level 1:colcon.colcon_core.package_identification:_identify(.) by extension 'ignore'
[1.114s] Level 1:colcon.colcon_core.package_identification:_identify(.) by extension 'ignore_ament_install'
[1.114s] Level 1:colcon.colcon_core.package_identification:_identify(.) by extensions ['colcon_pkg']
[1.114s] Level 1:colcon.colcon_core.package_identification:_identify(.) by extension 'colcon_pkg'
[1.114s] Level 1:colcon.colcon_core.package_identification:_identify(.) by extensions ['colcon_meta']
[1.114s] Level 1:colcon.colcon_core.package_identification:_identify(.) by extension 'colcon_meta'
[1.114s] Level 1:colcon.colcon_core.package_identification:_identify(.) by extensions ['ros']
[1.115s] Level 1:colcon.colcon_core.package_identification:_identify(.) by extension 'ros'
[1.161s] Level 1:colcon.colcon_core.package_identification:_identify(.) by extensions ['cmake', 'python']
[1.161s] Level 1:colcon.colcon_core.package_identification:_identify(.) by extension 'cmake'
[1.161s] Level 1:colcon.colcon_core.package_identification:_identify(.) by extension 'python'
[1.161s] Level 1:colcon.colcon_core.package_identification:_identify(.) by extensions ['python_setup_py']
[1.161s] Level 1:colcon.colcon_core.package_identification:_identify(.) by extension 'python_setup_py'
[1.162s] Level 1:colcon.colcon_core.package_identification:_identify(build) by extensions ['ignore', 'ignore_ament_install']
[1.163s] Level 1:colcon.colcon_core.package_identification:_identify(build) by extension 'ignore'
[1.163s] Level 1:colcon.colcon_core.package_identification:_identify(build) ignored
[1.164s] Level 1:colcon.colcon_core.package_identification:_identify(install) by extensions ['ignore', 'ignore_ament_install']
[1.165s] Level 1:colcon.colcon_core.package_identification:_identify(install) by extension 'ignore'
[1.165s] Level 1:colcon.colcon_core.package_identification:_identify(install) ignored
[1.166s] Level 1:colcon.colcon_core.package_identification:_identify(log) by extensions ['ignore', 'ignore_ament_install']
[1.166s] Level 1:colcon.colcon_core.package_identification:_identify(log) by extension 'ignore'
[1.166s] Level 1:colcon.colcon_core.package_identification:_identify(log) ignored
[1.167s] Level 1:colcon.colcon_core.package_identification:_identify(src) by extensions ['ignore', 'ignore_ament_install']
[1.167s] Level 1:colcon.colcon_core.package_identification:_identify(src) by extension 'ignore'
[1.168s] Level 1:colcon.colcon_core.package_identification:_identify(src) by extension 'ignore_ament_install'
[1.168s] Level 1:colcon.colcon_core.package_identification:_identify(src) by extensions ['colcon_pkg']
[1.168s] Level 1:colcon.colcon_core.package_identification:_identify(src) by extension 'colcon_pkg'
[1.168s] Level 1:colcon.colcon_core.package_identification:_identify(src) by extensions ['colcon_meta']
[1.168s] Level 1:colcon.colcon_core.package_identification:_identify(src) by extension 'colcon_meta'
[1.169s] Level 1:colcon.colcon_core.package_identification:_identify(src) by extensions ['ros']
[1.169s] Level 1:colcon.colcon_core.package_identification:_identify(src) by extension 'ros'
[1.169s] Level 1:colcon.colcon_core.package_identification:_identify(src) by extensions ['cmake', 'python']
[1.169s] Level 1:colcon.colcon_core.package_identification:_identify(src) by extension 'cmake'
[1.169s] Level 1:colcon.colcon_core.package_identification:_identify(src) by extension 'python'
[1.170s] Level 1:colcon.colcon_core.package_identification:_identify(src) by extensions ['python_setup_py']
[1.170s] Level 1:colcon.colcon_core.package_identification:_identify(src) by extension 'python_setup_py'
[1.170s] Level 1:colcon.colcon_core.package_identification:_identify(src/camera_pkg) by extensions ['ignore', 'ignore_ament_install']
[1.171s] Level 1:colcon.colcon_core.package_identification:_identify(src/camera_pkg) by extension 'ignore'
[1.171s] Level 1:colcon.colcon_core.package_identification:_identify(src/camera_pkg) by extension 'ignore_ament_install'
[1.171s] Level 1:colcon.colcon_core.package_identification:_identify(src/camera_pkg) by extensions ['colcon_pkg']
[1.171s] Level 1:colcon.colcon_core.package_identification:_identify(src/camera_pkg) by extension 'colcon_pkg'
[1.171s] Level 1:colcon.colcon_core.package_identification:_identify(src/camera_pkg) by extensions ['colcon_meta']
[1.171s] Level 1:colcon.colcon_core.package_identification:_identify(src/camera_pkg) by extension 'colcon_meta'
[1.172s] Level 1:colcon.colcon_core.package_identification:_identify(src/camera_pkg) by extensions ['ros']
[1.172s] Level 1:colcon.colcon_core.package_identification:_identify(src/camera_pkg) by extension 'ros'
[1.172s] Level 1:colcon.colcon_core.package_identification:_identify(src/camera_pkg) by extensions ['cmake', 'python']
[1.172s] Level 1:colcon.colcon_core.package_identification:_identify(src/camera_pkg) by extension 'cmake'
[1.173s] Level 1:colcon.colcon_core.package_identification:_identify(src/camera_pkg) by extension 'python'
[1.173s] Level 1:colcon.colcon_core.package_identification:_identify(src/camera_pkg) by extensions ['python_setup_py']
[1.173s] Level 1:colcon.colcon_core.package_identification:_identify(src/camera_pkg) by extension 'python_setup_py'
[1.173s] Level 1:colcon.colcon_core.package_identification:_identify(src/camera_pkg/__pycache__) by extensions ['ignore', 'ignore_ament_install']
[1.174s] Level 1:colcon.colcon_core.package_identification:_identify(src/camera_pkg/__pycache__) by extension 'ignore'
[1.174s] Level 1:colcon.colcon_core.package_identification:_identify(src/camera_pkg/__pycache__) by extension 'ignore_ament_install'
[1.174s] Level 1:colcon.colcon_core.package_identification:_identify(src/camera_pkg/__pycache__) by extensions ['colcon_pkg']
[1.174s] Level 1:colcon.colcon_core.package_identification:_identify(src/camera_pkg/__pycache__) by extension 'colcon_pkg'
[1.175s] Level 1:colcon.colcon_core.package_identification:_identify(src/camera_pkg/__pycache__) by extensions ['colcon_meta']
[1.175s] Level 1:colcon.colcon_core.package_identification:_identify(src/camera_pkg/__pycache__) by extension 'colcon_meta'
[1.175s] Level 1:colcon.colcon_core.package_identification:_identify(src/camera_pkg/__pycache__) by extensions ['ros']
[1.175s] Level 1:colcon.colcon_core.package_identification:_identify(src/camera_pkg/__pycache__) by extension 'ros'
[1.175s] Level 1:colcon.colcon_core.package_identification:_identify(src/camera_pkg/__pycache__) by extensions ['cmake', 'python']
[1.175s] Level 1:colcon.colcon_core.package_identification:_identify(src/camera_pkg/__pycache__) by extension 'cmake'
[1.176s] Level 1:colcon.colcon_core.package_identification:_identify(src/camera_pkg/__pycache__) by extension 'python'
[1.176s] Level 1:colcon.colcon_core.package_identification:_identify(src/camera_pkg/__pycache__) by extensions ['python_setup_py']
[1.176s] Level 1:colcon.colcon_core.package_identification:_identify(src/camera_pkg/__pycache__) by extension 'python_setup_py'
[1.177s] Level 1:colcon.colcon_core.package_identification:_identify(src/mavlink_pkg) by extensions ['ignore', 'ignore_ament_install']
[1.177s] Level 1:colcon.colcon_core.package_identification:_identify(src/mavlink_pkg) by extension 'ignore'
[1.177s] Level 1:colcon.colcon_core.package_identification:_identify(src/mavlink_pkg) by extension 'ignore_ament_install'
[1.177s] Level 1:colcon.colcon_core.package_identification:_identify(src/mavlink_pkg) by extensions ['colcon_pkg']
[1.177s] Level 1:colcon.colcon_core.package_identification:_identify(src/mavlink_pkg) by extension 'colcon_pkg'
[1.178s] Level 1:colcon.colcon_core.package_identification:_identify(src/mavlink_pkg) by extensions ['colcon_meta']
[1.178s] Level 1:colcon.colcon_core.package_identification:_identify(src/mavlink_pkg) by extension 'colcon_meta'
[1.178s] Level 1:colcon.colcon_core.package_identification:_identify(src/mavlink_pkg) by extensions ['ros']
[1.178s] Level 1:colcon.colcon_core.package_identification:_identify(src/mavlink_pkg) by extension 'ros'
[1.186s] DEBUG:colcon.colcon_core.package_identification:Package 'src/mavlink_pkg' with type 'ros.ament_python' and name 'mavlink_pkg'
[1.186s] Level 1:colcon.colcon_core.package_discovery:discover_packages(recursive) using defaults
[1.187s] Level 1:colcon.colcon_core.package_discovery:discover_packages(ignore) discover
[1.187s] Level 1:colcon.colcon_core.package_discovery:discover_packages(ignore) using defaults
[1.187s] Level 1:colcon.colcon_core.package_discovery:discover_packages(path) discover
[1.187s] Level 1:colcon.colcon_core.package_discovery:discover_packages(path) using defaults
[1.268s] Level 1:colcon.colcon_core.package_discovery:discover_packages(prefix_path) check parameters
[1.268s] Level 1:colcon.colcon_core.package_discovery:discover_packages(prefix_path) discover
[1.275s] DEBUG:colcon.colcon_installed_package_information.package_discovery:Found 1 installed packages in /home/ubuntu/cbr-2024/drone_104/install
[1.282s] DEBUG:colcon.colcon_installed_package_information.package_discovery:Found 198 installed packages in /opt/ros/humble
[1.287s] Level 1:colcon.colcon_core.package_discovery:discover_packages(prefix_path) using defaults
[1.399s] Level 5:colcon.colcon_core.verb:set package 'mavlink_pkg' build argument 'cmake_args' from command line to 'None'
[1.399s] Level 5:colcon.colcon_core.verb:set package 'mavlink_pkg' build argument 'cmake_target' from command line to 'None'
[1.399s] Level 5:colcon.colcon_core.verb:set package 'mavlink_pkg' build argument 'cmake_target_skip_unavailable' from command line to 'False'
[1.399s] Level 5:colcon.colcon_core.verb:set package 'mavlink_pkg' build argument 'cmake_clean_cache' from command line to 'False'
[1.399s] Level 5:colcon.colcon_core.verb:set package 'mavlink_pkg' build argument 'cmake_clean_first' from command line to 'False'
[1.399s] Level 5:colcon.colcon_core.verb:set package 'mavlink_pkg' build argument 'cmake_force_configure' from command line to 'False'
[1.400s] Level 5:colcon.colcon_core.verb:set package 'mavlink_pkg' build argument 'ament_cmake_args' from command line to 'None'
[1.400s] Level 5:colcon.colcon_core.verb:set package 'mavlink_pkg' build argument 'catkin_cmake_args' from command line to 'None'
[1.400s] Level 5:colcon.colcon_core.verb:set package 'mavlink_pkg' build argument 'catkin_skip_building_tests' from command line to 'False'
[1.400s] DEBUG:colcon.colcon_core.verb:Building package 'mavlink_pkg' with the following arguments: {'ament_cmake_args': None, 'build_base': '/home/ubuntu/cbr-2024/drone_104/build/mavlink_pkg', 'catkin_cmake_args': None, 'catkin_skip_building_tests': False, 'cmake_args': None, 'cmake_clean_cache': False, 'cmake_clean_first': False, 'cmake_force_configure': False, 'cmake_target': None, 'cmake_target_skip_unavailable': False, 'install_base': '/home/ubuntu/cbr-2024/drone_104/install/mavlink_pkg', 'merge_install': False, 'path': '/home/ubuntu/cbr-2024/drone_104/src/mavlink_pkg', 'symlink_install': False, 'test_result_base': None}
[1.401s] INFO:colcon.colcon_core.executor:Executing jobs using 'parallel' executor
[1.404s] DEBUG:colcon.colcon_parallel_executor.executor.parallel:run_until_complete
[1.405s] INFO:colcon.colcon_ros.task.ament_python.build:Building ROS package in '/home/ubuntu/cbr-2024/drone_104/src/mavlink_pkg' with build type 'ament_python'
[1.406s] Level 1:colcon.colcon_core.shell:create_environment_hook('mavlink_pkg', 'ament_prefix_path')
[1.415s] INFO:colcon.colcon_core.plugin_system:Skipping extension 'colcon_core.shell.bat': Not used on non-Windows systems
[1.416s] INFO:colcon.colcon_core.shell:Creating environment hook '/home/ubuntu/cbr-2024/drone_104/install/mavlink_pkg/share/mavlink_pkg/hook/ament_prefix_path.ps1'
[1.419s] INFO:colcon.colcon_core.shell:Creating environment descriptor '/home/ubuntu/cbr-2024/drone_104/install/mavlink_pkg/share/mavlink_pkg/hook/ament_prefix_path.dsv'
[1.421s] INFO:colcon.colcon_core.shell:Creating environment hook '/home/ubuntu/cbr-2024/drone_104/install/mavlink_pkg/share/mavlink_pkg/hook/ament_prefix_path.sh'
[1.424s] INFO:colcon.colcon_core.shell:Skip shell extension 'powershell' for command environment: Not usable outside of PowerShell
[1.425s] DEBUG:colcon.colcon_core.shell:Skip shell extension 'dsv' for command environment
[2.475s] INFO:colcon.colcon_core.task.python.build:Building Python package in '/home/ubuntu/cbr-2024/drone_104/src/mavlink_pkg'
[2.476s] INFO:colcon.colcon_core.shell:Skip shell extension 'powershell' for command environment: Not usable outside of PowerShell
[2.476s] DEBUG:colcon.colcon_core.shell:Skip shell extension 'dsv' for command environment
[3.941s] DEBUG:colcon.colcon_core.event_handler.log_command:Invoking command in '/home/ubuntu/cbr-2024/drone_104/src/mavlink_pkg': PS1=\[\e]0;\u@\h: \w\a\]${debian_chroot:+($debian_chroot)}\[\033[01;32m\]\u@\h\[\033[00m\]:\[\033[01;34m\]\w\[\033[00m\]\$ PYTHONPATH=/home/ubuntu/cbr-2024/drone_104/build/mavlink_pkg/prefix_override:/home/ubuntu/cbr-2024/drone_104/install/mavlink_pkg/lib/python3.10/site-packages:${PYTHONPATH} /usr/bin/python3 -W ignore:setup.py install is deprecated setup.py egg_info --egg-base ../../build/mavlink_pkg build --build-base /home/ubuntu/cbr-2024/drone_104/build/mavlink_pkg/build install --record /home/ubuntu/cbr-2024/drone_104/build/mavlink_pkg/install.log --single-version-externally-managed install_data
[5.154s] DEBUG:colcon.colcon_core.event_handler.log_command:Invoked command in '/home/ubuntu/cbr-2024/drone_104/src/mavlink_pkg' returned '0': PS1=\[\e]0;\u@\h: \w\a\]${debian_chroot:+($debian_chroot)}\[\033[01;32m\]\u@\h\[\033[00m\]:\[\033[01;34m\]\w\[\033[00m\]\$ PYTHONPATH=/home/ubuntu/cbr-2024/drone_104/build/mavlink_pkg/prefix_override:/home/ubuntu/cbr-2024/drone_104/install/mavlink_pkg/lib/python3.10/site-packages:${PYTHONPATH} /usr/bin/python3 -W ignore:setup.py install is deprecated setup.py egg_info --egg-base ../../build/mavlink_pkg build --build-base /home/ubuntu/cbr-2024/drone_104/build/mavlink_pkg/build install --record /home/ubuntu/cbr-2024/drone_104/build/mavlink_pkg/install.log --single-version-externally-managed install_data
[5.164s] Level 1:colcon.colcon_core.environment:checking '/home/ubuntu/cbr-2024/drone_104/install/mavlink_pkg' for CMake module files
[5.167s] Level 1:colcon.colcon_core.environment:checking '/home/ubuntu/cbr-2024/drone_104/install/mavlink_pkg' for CMake config files
[5.172s] Level 1:colcon.colcon_core.environment:checking '/home/ubuntu/cbr-2024/drone_104/install/mavlink_pkg/lib'
[5.173s] Level 1:colcon.colcon_core.environment:checking '/home/ubuntu/cbr-2024/drone_104/install/mavlink_pkg/bin'
[5.173s] Level 1:colcon.colcon_core.environment:checking '/home/ubuntu/cbr-2024/drone_104/install/mavlink_pkg/lib/pkgconfig/mavlink_pkg.pc'
[5.174s] Level 1:colcon.colcon_core.environment:checking '/home/ubuntu/cbr-2024/drone_104/install/mavlink_pkg/lib/python3.10/site-packages'
[5.174s] Level 1:colcon.colcon_core.shell:create_environment_hook('mavlink_pkg', 'pythonpath')
[5.175s] INFO:colcon.colcon_core.shell:Creating environment hook '/home/ubuntu/cbr-2024/drone_104/install/mavlink_pkg/share/mavlink_pkg/hook/pythonpath.ps1'
[5.177s] INFO:colcon.colcon_core.shell:Creating environment descriptor '/home/ubuntu/cbr-2024/drone_104/install/mavlink_pkg/share/mavlink_pkg/hook/pythonpath.dsv'
[5.179s] INFO:colcon.colcon_core.shell:Creating environment hook '/home/ubuntu/cbr-2024/drone_104/install/mavlink_pkg/share/mavlink_pkg/hook/pythonpath.sh'
[5.182s] Level 1:colcon.colcon_core.environment:checking '/home/ubuntu/cbr-2024/drone_104/install/mavlink_pkg/bin'
[5.182s] Level 1:colcon.colcon_core.environment:create_environment_scripts_only(mavlink_pkg)
[5.183s] INFO:colcon.colcon_core.shell:Creating package script '/home/ubuntu/cbr-2024/drone_104/install/mavlink_pkg/share/mavlink_pkg/package.ps1'
[5.187s] INFO:colcon.colcon_core.shell:Creating package descriptor '/home/ubuntu/cbr-2024/drone_104/install/mavlink_pkg/share/mavlink_pkg/package.dsv'
[5.189s] INFO:colcon.colcon_core.shell:Creating package script '/home/ubuntu/cbr-2024/drone_104/install/mavlink_pkg/share/mavlink_pkg/package.sh'
[5.192s] INFO:colcon.colcon_core.shell:Creating package script '/home/ubuntu/cbr-2024/drone_104/install/mavlink_pkg/share/mavlink_pkg/package.bash'
[5.196s] INFO:colcon.colcon_core.shell:Creating package script '/home/ubuntu/cbr-2024/drone_104/install/mavlink_pkg/share/mavlink_pkg/package.zsh'
[5.199s] Level 1:colcon.colcon_core.environment:create_file_with_runtime_dependencies(/home/ubuntu/cbr-2024/drone_104/install/mavlink_pkg/share/colcon-core/packages/mavlink_pkg)
[5.200s] DEBUG:colcon.colcon_parallel_executor.executor.parallel:closing loop
[5.202s] DEBUG:colcon.colcon_parallel_executor.executor.parallel:loop closed
[5.202s] DEBUG:colcon.colcon_parallel_executor.executor.parallel:run_until_complete finished with '0'
[5.202s] DEBUG:colcon.colcon_core.event_reactor:joining thread
[5.234s] INFO:colcon.colcon_core.plugin_system:Skipping extension 'colcon_notification.desktop_notification.terminal_notifier': Not used on non-Darwin systems
[5.235s] INFO:colcon.colcon_core.plugin_system:Skipping extension 'colcon_notification.desktop_notification.win32': Not used on non-Windows systems
[5.235s] INFO:colcon.colcon_notification.desktop_notification:Sending desktop notification using 'notify2'
[5.239s] DEBUG:colcon.colcon_notification.desktop_notification.notify2:Failed to initialize notify2: org.freedesktop.DBus.Error.ServiceUnknown: The name org.freedesktop.Notifications was not provided by any .service files
[5.239s] DEBUG:colcon.colcon_core.event_reactor:joined thread
[5.240s] INFO:colcon.colcon_core.shell:Creating prefix script '/home/ubuntu/cbr-2024/drone_104/install/local_setup.ps1'
[5.244s] INFO:colcon.colcon_core.shell:Creating prefix util module '/home/ubuntu/cbr-2024/drone_104/install/_local_setup_util_ps1.py'
[5.250s] INFO:colcon.colcon_core.shell:Creating prefix chain script '/home/ubuntu/cbr-2024/drone_104/install/setup.ps1'
[5.256s] INFO:colcon.colcon_core.shell:Creating prefix script '/home/ubuntu/cbr-2024/drone_104/install/local_setup.sh'
[5.259s] INFO:colcon.colcon_core.shell:Creating prefix util module '/home/ubuntu/cbr-2024/drone_104/install/_local_setup_util_sh.py'
[5.261s] INFO:colcon.colcon_core.shell:Creating prefix chain script '/home/ubuntu/cbr-2024/drone_104/install/setup.sh'
[5.265s] INFO:colcon.colcon_core.shell:Creating prefix script '/home/ubuntu/cbr-2024/drone_104/install/local_setup.bash'
[5.268s] INFO:colcon.colcon_core.shell:Creating prefix chain script '/home/ubuntu/cbr-2024/drone_104/install/setup.bash'
[5.272s] INFO:colcon.colcon_core.shell:Creating prefix script '/home/ubuntu/cbr-2024/drone_104/install/local_setup.zsh'
[5.275s] INFO:colcon.colcon_core.shell:Creating prefix chain script '/home/ubuntu/cbr-2024/drone_104/install/setup.zsh'
