[1.370s] Invoking command in '/home/deltahigh/ldrobot-lidar-ros2/ldlidar_node/src/my_tf2_listener': PYTHONPATH=/home/deltahigh/ldrobot-lidar-ros2/ldlidar_node/src/build/my_tf2_listener/prefix_override:/home/deltahigh/ldrobot-lidar-ros2/ldlidar_node/src/install/my_tf2_listener/lib/python3.10/site-packages:${PYTHONPATH} /usr/bin/python3 -W ignore:setup.py install is deprecated setup.py egg_info --egg-base ../build/my_tf2_listener build --build-base /home/deltahigh/ldrobot-lidar-ros2/ldlidar_node/src/build/my_tf2_listener/build install --record /home/deltahigh/ldrobot-lidar-ros2/ldlidar_node/src/build/my_tf2_listener/install.log --single-version-externally-managed install_data
[1.918s] running egg_info
[1.922s] writing ../build/my_tf2_listener/my_tf2_listener.egg-info/PKG-INFO
[1.924s] writing dependency_links to ../build/my_tf2_listener/my_tf2_listener.egg-info/dependency_links.txt
[1.926s] writing entry points to ../build/my_tf2_listener/my_tf2_listener.egg-info/entry_points.txt
[1.928s] writing requirements to ../build/my_tf2_listener/my_tf2_listener.egg-info/requires.txt
[1.930s] writing top-level names to ../build/my_tf2_listener/my_tf2_listener.egg-info/top_level.txt
[1.933s] reading manifest file '../build/my_tf2_listener/my_tf2_listener.egg-info/SOURCES.txt'
[1.939s] writing manifest file '../build/my_tf2_listener/my_tf2_listener.egg-info/SOURCES.txt'
[1.950s] running build
[1.954s] running build_py
[1.957s] copying my_tf2_listener/tf_send_odometry.py -> /home/deltahigh/ldrobot-lidar-ros2/ldlidar_node/src/build/my_tf2_listener/build/lib/my_tf2_listener
[1.960s] running install
[1.962s] running install_lib
[1.964s] copying /home/deltahigh/ldrobot-lidar-ros2/ldlidar_node/src/build/my_tf2_listener/build/lib/my_tf2_listener/tf_send_odometry.py -> /home/deltahigh/ldrobot-lidar-ros2/ldlidar_node/src/install/my_tf2_listener/lib/python3.10/site-packages/my_tf2_listener
[1.967s] byte-compiling /home/deltahigh/ldrobot-lidar-ros2/ldlidar_node/src/install/my_tf2_listener/lib/python3.10/site-packages/my_tf2_listener/tf_send_odometry.py to tf_send_odometry.cpython-310.pyc
[1.972s] running install_data
[1.973s] running install_egg_info
[1.978s] removing '/home/deltahigh/ldrobot-lidar-ros2/ldlidar_node/src/install/my_tf2_listener/lib/python3.10/site-packages/my_tf2_listener-0.0.0-py3.10.egg-info' (and everything under it)
[1.989s] Copying ../build/my_tf2_listener/my_tf2_listener.egg-info to /home/deltahigh/ldrobot-lidar-ros2/ldlidar_node/src/install/my_tf2_listener/lib/python3.10/site-packages/my_tf2_listener-0.0.0-py3.10.egg-info
[1.997s] running install_scripts
[2.032s] Installing tf2_listener script to /home/deltahigh/ldrobot-lidar-ros2/ldlidar_node/src/install/my_tf2_listener/lib/my_tf2_listener
[2.033s] Installing tf_send_odometry script to /home/deltahigh/ldrobot-lidar-ros2/ldlidar_node/src/install/my_tf2_listener/lib/my_tf2_listener
[2.037s] writing list of installed files to '/home/deltahigh/ldrobot-lidar-ros2/ldlidar_node/src/build/my_tf2_listener/install.log'
[2.105s] Invoked command in '/home/deltahigh/ldrobot-lidar-ros2/ldlidar_node/src/my_tf2_listener' returned '0': PYTHONPATH=/home/deltahigh/ldrobot-lidar-ros2/ldlidar_node/src/build/my_tf2_listener/prefix_override:/home/deltahigh/ldrobot-lidar-ros2/ldlidar_node/src/install/my_tf2_listener/lib/python3.10/site-packages:${PYTHONPATH} /usr/bin/python3 -W ignore:setup.py install is deprecated setup.py egg_info --egg-base ../build/my_tf2_listener build --build-base /home/deltahigh/ldrobot-lidar-ros2/ldlidar_node/src/build/my_tf2_listener/build install --record /home/deltahigh/ldrobot-lidar-ros2/ldlidar_node/src/build/my_tf2_listener/install.log --single-version-externally-managed install_data
