[0.027s] Invoking command in '/home/deltahigh/ldrobot-lidar-ros2/ldlidar_node/build/ldlidar_node': CMAKE_PREFIX_PATH=${CMAKE_PREFIX_PATH}:/home/deltahigh/cbr-2024/cbr-2024/drone_108/install/mavlink_pkg:/home/deltahigh/cbr-2024/cbr-2024/drone_108/install/face_tracking:/home/deltahigh/cbr-2024/cbr-2024/drone_108/install/camera_test:/opt/ros/humble /usr/bin/cmake /home/deltahigh/ldrobot-lidar-ros2/ldlidar_node -DCMAKE_INSTALL_PREFIX=/home/deltahigh/ldrobot-lidar-ros2/ldlidar_node/install/ldlidar_node
[0.285s] --  * Release Mode
[0.285s] -- * Found ROS2 humble
[0.285s] -- * ROS2 humble is officially supported by this package.
[0.295s] -- Found ament_cmake: 1.3.9 (/opt/ros/humble/share/ament_cmake/cmake)
[0.543s] -- Override CMake install command with custom implementation using symlinks instead of copying resources
[0.625s] -- Found rclcpp: 16.0.9 (/opt/ros/humble/share/rclcpp/cmake)
[0.747s] -- Found rosidl_generator_c: 3.1.5 (/opt/ros/humble/share/rosidl_generator_c/cmake)
[0.759s] -- Found rosidl_adapter: 3.1.5 (/opt/ros/humble/share/rosidl_adapter/cmake)
[0.796s] -- Found rosidl_generator_cpp: 3.1.5 (/opt/ros/humble/share/rosidl_generator_cpp/cmake)
[0.825s] -- Using all available rosidl_typesupport_c: rosidl_typesupport_fastrtps_c;rosidl_typesupport_introspection_c
[0.880s] -- Using all available rosidl_typesupport_cpp: rosidl_typesupport_fastrtps_cpp;rosidl_typesupport_introspection_cpp
[1.052s] -- Found rmw_implementation_cmake: 6.1.2 (/opt/ros/humble/share/rmw_implementation_cmake/cmake)
[1.060s] -- Found rmw_cyclonedds_cpp: 1.3.4 (/opt/ros/humble/share/rmw_cyclonedds_cpp/cmake)
[1.167s] -- Using RMW implementation 'rmw_cyclonedds_cpp' as default
[1.481s] -- Found rclcpp_components: 16.0.9 (/opt/ros/humble/share/rclcpp_components/cmake)
[1.652s] -- Found rclcpp_lifecycle: 16.0.9 (/opt/ros/humble/share/rclcpp_lifecycle/cmake)
[1.755s] -- Found ldlidar_component: 0.2.0 (/home/deltahigh/ldrobot-lidar-ros2/install/ldlidar_component/share/ldlidar_component/cmake)
[2.965s] -- Found eigen3_cmake_module: 0.1.1 (/opt/ros/humble/share/eigen3_cmake_module/cmake)
[2.968s] -- Ensuring Eigen3 include directory is part of orocos-kdl CMake target
[4.346s] -- Found ament_lint_auto: 0.12.11 (/opt/ros/humble/share/ament_lint_auto/cmake)
[4.528s] -- Found python_cmake_module: 0.10.0 (/opt/ros/humble/share/python_cmake_module/cmake)
[4.573s] -- Using PYTHON_EXECUTABLE: /usr/bin/python3
[4.574s] -- Using PYTHON_INCLUDE_DIRS: /usr/include/python3.10
[4.574s] -- Using PYTHON_LIBRARIES: /usr/lib/x86_64-linux-gnu/libpython3.10.so
[4.592s] -- Added test 'copyright' to check source files copyright and LICENSE
[4.602s] -- Added test 'cppcheck' to perform static code analysis on C / C++ code
[4.603s] -- Configured cppcheck include dirs: 
[4.603s] -- Configured cppcheck exclude dirs and/or files: 
[4.613s] -- Added test 'cpplint' to check C / C++ code against the Google style
[4.614s] -- Configured cpplint exclude dirs and/or files: 
[4.616s] -- Added test 'flake8' to check Python code syntax and style conventions
[4.620s] -- Added test 'lint_cmake' to check CMake code style
[4.623s] -- Added test 'pep257' to check Python code against some of the docstring style conventions in PEP 257
[4.633s] -- Added test 'uncrustify' to check C / C++ code style
[4.633s] -- Configured uncrustify additional arguments: 
[4.636s] -- Added test 'xmllint' to check XML markup files
[4.652s] -- Configuring done
[4.926s] -- Generating done
[4.931s] -- Build files have been written to: /home/deltahigh/ldrobot-lidar-ros2/ldlidar_node/build/ldlidar_node
[4.977s] Invoked command in '/home/deltahigh/ldrobot-lidar-ros2/ldlidar_node/build/ldlidar_node' returned '0': CMAKE_PREFIX_PATH=${CMAKE_PREFIX_PATH}:/home/deltahigh/cbr-2024/cbr-2024/drone_108/install/mavlink_pkg:/home/deltahigh/cbr-2024/cbr-2024/drone_108/install/face_tracking:/home/deltahigh/cbr-2024/cbr-2024/drone_108/install/camera_test:/opt/ros/humble /usr/bin/cmake /home/deltahigh/ldrobot-lidar-ros2/ldlidar_node -DCMAKE_INSTALL_PREFIX=/home/deltahigh/ldrobot-lidar-ros2/ldlidar_node/install/ldlidar_node
[4.978s] Invoking command in '/home/deltahigh/ldrobot-lidar-ros2/ldlidar_node/build/ldlidar_node': CMAKE_PREFIX_PATH=${CMAKE_PREFIX_PATH}:/home/deltahigh/cbr-2024/cbr-2024/drone_108/install/mavlink_pkg:/home/deltahigh/cbr-2024/cbr-2024/drone_108/install/face_tracking:/home/deltahigh/cbr-2024/cbr-2024/drone_108/install/camera_test:/opt/ros/humble /usr/bin/cmake --build /home/deltahigh/ldrobot-lidar-ros2/ldlidar_node/build/ldlidar_node -- -j3 -l3
[5.054s] [35m[1mConsolidate compiler generated dependencies of target ldlidar_node[0m
[5.293s] [100%] Built target ldlidar_node
[5.313s] Invoked command in '/home/deltahigh/ldrobot-lidar-ros2/ldlidar_node/build/ldlidar_node' returned '0': CMAKE_PREFIX_PATH=${CMAKE_PREFIX_PATH}:/home/deltahigh/cbr-2024/cbr-2024/drone_108/install/mavlink_pkg:/home/deltahigh/cbr-2024/cbr-2024/drone_108/install/face_tracking:/home/deltahigh/cbr-2024/cbr-2024/drone_108/install/camera_test:/opt/ros/humble /usr/bin/cmake --build /home/deltahigh/ldrobot-lidar-ros2/ldlidar_node/build/ldlidar_node -- -j3 -l3
[5.411s] Invoking command in '/home/deltahigh/ldrobot-lidar-ros2/ldlidar_node/build/ldlidar_node': CMAKE_PREFIX_PATH=${CMAKE_PREFIX_PATH}:/home/deltahigh/cbr-2024/cbr-2024/drone_108/install/mavlink_pkg:/home/deltahigh/cbr-2024/cbr-2024/drone_108/install/face_tracking:/home/deltahigh/cbr-2024/cbr-2024/drone_108/install/camera_test:/opt/ros/humble /usr/bin/cmake --install /home/deltahigh/ldrobot-lidar-ros2/ldlidar_node/build/ldlidar_node
[5.425s] -- Install configuration: "Release"
[5.425s] -- Execute custom install script
[5.426s] -- Up-to-date symlink: /home/deltahigh/ldrobot-lidar-ros2/ldlidar_node/install/ldlidar_node/lib/ldlidar_node/ldlidar_node
[5.427s] -- Up-to-date symlink: /home/deltahigh/ldrobot-lidar-ros2/ldlidar_node/install/ldlidar_node/share/ldlidar_node/params/ldlidar.yaml
[5.427s] -- Up-to-date symlink: /home/deltahigh/ldrobot-lidar-ros2/ldlidar_node/install/ldlidar_node/share/ldlidar_node/params/lifecycle_mgr.yaml
[5.427s] -- Up-to-date symlink: /home/deltahigh/ldrobot-lidar-ros2/ldlidar_node/install/ldlidar_node/share/ldlidar_node/params/lifecycle_mgr_slam.yaml
[5.427s] -- Up-to-date symlink: /home/deltahigh/ldrobot-lidar-ros2/ldlidar_node/install/ldlidar_node/share/ldlidar_node/params/slam_toolbox.yaml
[5.428s] -- Up-to-date symlink: /home/deltahigh/ldrobot-lidar-ros2/ldlidar_node/install/ldlidar_node/share/ldlidar_node/config/ldlidar.rviz
[5.428s] -- Up-to-date symlink: /home/deltahigh/ldrobot-lidar-ros2/ldlidar_node/install/ldlidar_node/share/ldlidar_node/config/ldlidar_slam.rviz
[5.429s] -- Up-to-date symlink: /home/deltahigh/ldrobot-lidar-ros2/ldlidar_node/install/ldlidar_node/share/ldlidar_node/urdf/ldlidar_descr.urdf.xml
[5.429s] -- Up-to-date symlink: /home/deltahigh/ldrobot-lidar-ros2/ldlidar_node/install/ldlidar_node/share/ldlidar_node/urdf/model/LD19.stl
[5.430s] -- Up-to-date symlink: /home/deltahigh/ldrobot-lidar-ros2/ldlidar_node/install/ldlidar_node/share/ldlidar_node/launch/ldlidar.launch.py
[5.430s] -- Up-to-date symlink: /home/deltahigh/ldrobot-lidar-ros2/ldlidar_node/install/ldlidar_node/share/ldlidar_node/launch/ldlidar_rviz2.launch.py
[5.430s] -- Up-to-date symlink: /home/deltahigh/ldrobot-lidar-ros2/ldlidar_node/install/ldlidar_node/share/ldlidar_node/launch/ldlidar_slam.launch.py
[5.430s] -- Up-to-date symlink: /home/deltahigh/ldrobot-lidar-ros2/ldlidar_node/install/ldlidar_node/share/ldlidar_node/launch/ldlidar_with_mgr.launch.py
[5.431s] -- Up-to-date symlink: /home/deltahigh/ldrobot-lidar-ros2/ldlidar_node/install/ldlidar_node/share/ament_index/resource_index/package_run_dependencies/ldlidar_node
[5.431s] -- Up-to-date symlink: /home/deltahigh/ldrobot-lidar-ros2/ldlidar_node/install/ldlidar_node/share/ament_index/resource_index/parent_prefix_path/ldlidar_node
[5.432s] -- Up-to-date symlink: /home/deltahigh/ldrobot-lidar-ros2/ldlidar_node/install/ldlidar_node/share/ldlidar_node/environment/ament_prefix_path.sh
[5.432s] -- Up-to-date symlink: /home/deltahigh/ldrobot-lidar-ros2/ldlidar_node/install/ldlidar_node/share/ldlidar_node/environment/ament_prefix_path.dsv
[5.432s] -- Up-to-date symlink: /home/deltahigh/ldrobot-lidar-ros2/ldlidar_node/install/ldlidar_node/share/ldlidar_node/environment/path.sh
[5.432s] -- Up-to-date symlink: /home/deltahigh/ldrobot-lidar-ros2/ldlidar_node/install/ldlidar_node/share/ldlidar_node/environment/path.dsv
[5.433s] -- Up-to-date symlink: /home/deltahigh/ldrobot-lidar-ros2/ldlidar_node/install/ldlidar_node/share/ldlidar_node/local_setup.bash
[5.433s] -- Up-to-date symlink: /home/deltahigh/ldrobot-lidar-ros2/ldlidar_node/install/ldlidar_node/share/ldlidar_node/local_setup.sh
[5.433s] -- Up-to-date symlink: /home/deltahigh/ldrobot-lidar-ros2/ldlidar_node/install/ldlidar_node/share/ldlidar_node/local_setup.zsh
[5.434s] -- Up-to-date symlink: /home/deltahigh/ldrobot-lidar-ros2/ldlidar_node/install/ldlidar_node/share/ldlidar_node/local_setup.dsv
[5.434s] -- Symlinking: /home/deltahigh/ldrobot-lidar-ros2/ldlidar_node/install/ldlidar_node/share/ldlidar_node/package.dsv
[5.451s] -- Up-to-date symlink: /home/deltahigh/ldrobot-lidar-ros2/ldlidar_node/install/ldlidar_node/share/ament_index/resource_index/packages/ldlidar_node
[5.452s] -- Up-to-date symlink: /home/deltahigh/ldrobot-lidar-ros2/ldlidar_node/install/ldlidar_node/share/ldlidar_node/cmake/ldlidar_nodeConfig.cmake
[5.452s] -- Up-to-date symlink: /home/deltahigh/ldrobot-lidar-ros2/ldlidar_node/install/ldlidar_node/share/ldlidar_node/cmake/ldlidar_nodeConfig-version.cmake
[5.453s] -- Up-to-date symlink: /home/deltahigh/ldrobot-lidar-ros2/ldlidar_node/install/ldlidar_node/share/ldlidar_node/package.xml
[5.460s] Invoked command in '/home/deltahigh/ldrobot-lidar-ros2/ldlidar_node/build/ldlidar_node' returned '0': CMAKE_PREFIX_PATH=${CMAKE_PREFIX_PATH}:/home/deltahigh/cbr-2024/cbr-2024/drone_108/install/mavlink_pkg:/home/deltahigh/cbr-2024/cbr-2024/drone_108/install/face_tracking:/home/deltahigh/cbr-2024/cbr-2024/drone_108/install/camera_test:/opt/ros/humble /usr/bin/cmake --install /home/deltahigh/ldrobot-lidar-ros2/ldlidar_node/build/ldlidar_node
