[0.058s] Invoking command in '/home/joao/cbr-2024/ldrobot-lidar-ros2/build/ldlidar': AMENT_PREFIX_PATH=/home/joao/cbr-2024/ldrobot-lidar-ros2/install/ldlidar_node:/home/joao/cbr-2024/ldrobot-lidar-ros2/install/ldlidar_component:${AMENT_PREFIX_PATH} CMAKE_PREFIX_PATH=/home/joao/cbr-2024/ldrobot-lidar-ros2/install/ldlidar_node:/home/joao/cbr-2024/ldrobot-lidar-ros2/install/ldlidar_component:/opt/ros/humble LD_LIBRARY_PATH=/home/joao/cbr-2024/ldrobot-lidar-ros2/install/ldlidar_component/lib:${LD_LIBRARY_PATH} /usr/bin/cmake /home/joao/cbr-2024/ldrobot-lidar-ros2/ldlidar -DCMAKE_BUILD_TYPE=Release -DAMENT_CMAKE_SYMLINK_INSTALL=1 -DCMAKE_INSTALL_PREFIX=/home/joao/cbr-2024/ldrobot-lidar-ros2/install/ldlidar
[0.093s] -- Found ament_cmake: 1.3.9 (/opt/ros/humble/share/ament_cmake/cmake)
[0.393s] -- Found Python3: /usr/bin/python3 (found version "3.10.12") found components: Interpreter 
[0.445s] -- Override CMake install command with custom implementation using symlinks instead of copying resources
[0.539s] -- Configuring done
[0.544s] -- Generating done
[0.545s] -- Build files have been written to: /home/joao/cbr-2024/ldrobot-lidar-ros2/build/ldlidar
[0.548s] Invoked command in '/home/joao/cbr-2024/ldrobot-lidar-ros2/build/ldlidar' returned '0': AMENT_PREFIX_PATH=/home/joao/cbr-2024/ldrobot-lidar-ros2/install/ldlidar_node:/home/joao/cbr-2024/ldrobot-lidar-ros2/install/ldlidar_component:${AMENT_PREFIX_PATH} CMAKE_PREFIX_PATH=/home/joao/cbr-2024/ldrobot-lidar-ros2/install/ldlidar_node:/home/joao/cbr-2024/ldrobot-lidar-ros2/install/ldlidar_component:/opt/ros/humble LD_LIBRARY_PATH=/home/joao/cbr-2024/ldrobot-lidar-ros2/install/ldlidar_component/lib:${LD_LIBRARY_PATH} /usr/bin/cmake /home/joao/cbr-2024/ldrobot-lidar-ros2/ldlidar -DCMAKE_BUILD_TYPE=Release -DAMENT_CMAKE_SYMLINK_INSTALL=1 -DCMAKE_INSTALL_PREFIX=/home/joao/cbr-2024/ldrobot-lidar-ros2/install/ldlidar
[0.550s] Invoking command in '/home/joao/cbr-2024/ldrobot-lidar-ros2/build/ldlidar': AMENT_PREFIX_PATH=/home/joao/cbr-2024/ldrobot-lidar-ros2/install/ldlidar_node:/home/joao/cbr-2024/ldrobot-lidar-ros2/install/ldlidar_component:${AMENT_PREFIX_PATH} CMAKE_PREFIX_PATH=/home/joao/cbr-2024/ldrobot-lidar-ros2/install/ldlidar_node:/home/joao/cbr-2024/ldrobot-lidar-ros2/install/ldlidar_component:/opt/ros/humble LD_LIBRARY_PATH=/home/joao/cbr-2024/ldrobot-lidar-ros2/install/ldlidar_component/lib:${LD_LIBRARY_PATH} /usr/bin/cmake --build /home/joao/cbr-2024/ldrobot-lidar-ros2/build/ldlidar -- -j8 -l8
[0.578s] Invoked command in '/home/joao/cbr-2024/ldrobot-lidar-ros2/build/ldlidar' returned '0': AMENT_PREFIX_PATH=/home/joao/cbr-2024/ldrobot-lidar-ros2/install/ldlidar_node:/home/joao/cbr-2024/ldrobot-lidar-ros2/install/ldlidar_component:${AMENT_PREFIX_PATH} CMAKE_PREFIX_PATH=/home/joao/cbr-2024/ldrobot-lidar-ros2/install/ldlidar_node:/home/joao/cbr-2024/ldrobot-lidar-ros2/install/ldlidar_component:/opt/ros/humble LD_LIBRARY_PATH=/home/joao/cbr-2024/ldrobot-lidar-ros2/install/ldlidar_component/lib:${LD_LIBRARY_PATH} /usr/bin/cmake --build /home/joao/cbr-2024/ldrobot-lidar-ros2/build/ldlidar -- -j8 -l8
[0.597s] Invoking command in '/home/joao/cbr-2024/ldrobot-lidar-ros2/build/ldlidar': AMENT_PREFIX_PATH=/home/joao/cbr-2024/ldrobot-lidar-ros2/install/ldlidar_node:/home/joao/cbr-2024/ldrobot-lidar-ros2/install/ldlidar_component:${AMENT_PREFIX_PATH} CMAKE_PREFIX_PATH=/home/joao/cbr-2024/ldrobot-lidar-ros2/install/ldlidar_node:/home/joao/cbr-2024/ldrobot-lidar-ros2/install/ldlidar_component:/opt/ros/humble LD_LIBRARY_PATH=/home/joao/cbr-2024/ldrobot-lidar-ros2/install/ldlidar_component/lib:${LD_LIBRARY_PATH} /usr/bin/cmake --install /home/joao/cbr-2024/ldrobot-lidar-ros2/build/ldlidar
[0.602s] -- Install configuration: "Release"
[0.603s] -- Execute custom install script
[0.603s] -- Symlinking: /home/joao/cbr-2024/ldrobot-lidar-ros2/install/ldlidar/share/ament_index/resource_index/package_run_dependencies/ldlidar
[0.610s] -- Symlinking: /home/joao/cbr-2024/ldrobot-lidar-ros2/install/ldlidar/share/ament_index/resource_index/parent_prefix_path/ldlidar
[0.617s] -- Symlinking: /home/joao/cbr-2024/ldrobot-lidar-ros2/install/ldlidar/share/ldlidar/environment/ament_prefix_path.sh
[0.623s] -- Symlinking: /home/joao/cbr-2024/ldrobot-lidar-ros2/install/ldlidar/share/ldlidar/environment/ament_prefix_path.dsv
[0.630s] -- Symlinking: /home/joao/cbr-2024/ldrobot-lidar-ros2/install/ldlidar/share/ldlidar/environment/path.sh
[0.637s] -- Symlinking: /home/joao/cbr-2024/ldrobot-lidar-ros2/install/ldlidar/share/ldlidar/environment/path.dsv
[0.644s] -- Symlinking: /home/joao/cbr-2024/ldrobot-lidar-ros2/install/ldlidar/share/ldlidar/local_setup.bash
[0.651s] -- Symlinking: /home/joao/cbr-2024/ldrobot-lidar-ros2/install/ldlidar/share/ldlidar/local_setup.sh
[0.658s] -- Symlinking: /home/joao/cbr-2024/ldrobot-lidar-ros2/install/ldlidar/share/ldlidar/local_setup.zsh
[0.665s] -- Symlinking: /home/joao/cbr-2024/ldrobot-lidar-ros2/install/ldlidar/share/ldlidar/local_setup.dsv
[0.673s] -- Symlinking: /home/joao/cbr-2024/ldrobot-lidar-ros2/install/ldlidar/share/ldlidar/package.dsv
[0.680s] -- Symlinking: /home/joao/cbr-2024/ldrobot-lidar-ros2/install/ldlidar/share/ament_index/resource_index/packages/ldlidar
[0.686s] -- Symlinking: /home/joao/cbr-2024/ldrobot-lidar-ros2/install/ldlidar/share/ldlidar/cmake/ldlidarConfig.cmake
[0.695s] -- Symlinking: /home/joao/cbr-2024/ldrobot-lidar-ros2/install/ldlidar/share/ldlidar/cmake/ldlidarConfig-version.cmake
[0.702s] -- Symlinking: /home/joao/cbr-2024/ldrobot-lidar-ros2/install/ldlidar/share/ldlidar/package.xml
[0.711s] Invoked command in '/home/joao/cbr-2024/ldrobot-lidar-ros2/build/ldlidar' returned '0': AMENT_PREFIX_PATH=/home/joao/cbr-2024/ldrobot-lidar-ros2/install/ldlidar_node:/home/joao/cbr-2024/ldrobot-lidar-ros2/install/ldlidar_component:${AMENT_PREFIX_PATH} CMAKE_PREFIX_PATH=/home/joao/cbr-2024/ldrobot-lidar-ros2/install/ldlidar_node:/home/joao/cbr-2024/ldrobot-lidar-ros2/install/ldlidar_component:/opt/ros/humble LD_LIBRARY_PATH=/home/joao/cbr-2024/ldrobot-lidar-ros2/install/ldlidar_component/lib:${LD_LIBRARY_PATH} /usr/bin/cmake --install /home/joao/cbr-2024/ldrobot-lidar-ros2/build/ldlidar
