[2.536s] Invoking command in '/home/ubuntu/cbr-2024/drone_104/build/mavlink_pkg': PS1=\[\e]0;\u@\h: \w\a\]${debian_chroot:+($debian_chroot)}\[\033[01;32m\]\u@\h\[\033[00m\]:\[\033[01;34m\]\w\[\033[00m\]\$ PYTHONPATH=/home/ubuntu/cbr-2024/drone_104/build/mavlink_pkg/prefix_override:/home/ubuntu/cbr-2024/drone_104/install/mavlink_pkg/lib/python3.10/site-packages:${PYTHONPATH} /usr/bin/python3 -W ignore:setup.py install is deprecated setup.py develop --editable --build-directory /home/ubuntu/cbr-2024/drone_104/build/mavlink_pkg/build --no-deps symlink_data --force
[3.586s] running develop
[3.598s] /usr/lib/python3/dist-packages/setuptools/command/easy_install.py:158: EasyInstallDeprecationWarning: easy_install command is deprecated. Use build and pip and other standards-based tools.
[3.599s]   warnings.warn(
[4.184s] running egg_info
[4.185s] writing mavlink_pkg.egg-info/PKG-INFO
[4.186s] writing dependency_links to mavlink_pkg.egg-info/dependency_links.txt
[4.187s] writing entry points to mavlink_pkg.egg-info/entry_points.txt
[4.187s] writing requirements to mavlink_pkg.egg-info/requires.txt
[4.188s] writing top-level names to mavlink_pkg.egg-info/top_level.txt
[4.195s] reading manifest file 'mavlink_pkg.egg-info/SOURCES.txt'
[4.199s] writing manifest file 'mavlink_pkg.egg-info/SOURCES.txt'
[4.204s] running build_ext
[4.205s] Creating /home/ubuntu/cbr-2024/drone_104/install/mavlink_pkg/lib/python3.10/site-packages/mavlink-pkg.egg-link (link to .)
[4.208s] Installing drone_node script to /home/ubuntu/cbr-2024/drone_104/install/mavlink_pkg/lib/mavlink_pkg
[4.209s] 
[4.210s] Installed /home/ubuntu/cbr-2024/drone_104/build/mavlink_pkg
[4.210s] running symlink_data
[4.211s] symbolically linking /home/ubuntu/cbr-2024/drone_104/build/mavlink_pkg/resource/mavlink_pkg -> /home/ubuntu/cbr-2024/drone_104/install/mavlink_pkg/share/ament_index/resource_index/packages
[4.211s] symbolically linking /home/ubuntu/cbr-2024/drone_104/build/mavlink_pkg/package.xml -> /home/ubuntu/cbr-2024/drone_104/install/mavlink_pkg/share/mavlink_pkg
[4.364s] Invoked command in '/home/ubuntu/cbr-2024/drone_104/build/mavlink_pkg' returned '0': PS1=\[\e]0;\u@\h: \w\a\]${debian_chroot:+($debian_chroot)}\[\033[01;32m\]\u@\h\[\033[00m\]:\[\033[01;34m\]\w\[\033[00m\]\$ PYTHONPATH=/home/ubuntu/cbr-2024/drone_104/build/mavlink_pkg/prefix_override:/home/ubuntu/cbr-2024/drone_104/install/mavlink_pkg/lib/python3.10/site-packages:${PYTHONPATH} /usr/bin/python3 -W ignore:setup.py install is deprecated setup.py develop --editable --build-directory /home/ubuntu/cbr-2024/drone_104/build/mavlink_pkg/build --no-deps symlink_data --force
